Start testing: Mar 31 16:31 PDT
----------------------------------------------------------
1/21 Testing: HeapTest.ConstructionDestruction
1/21 Test: HeapTest.ConstructionDestruction
Command: "/usr/bin/valgrind" "--tool=memcheck" "--leak-check=yes" "--trace-children=no" "--error-exitcode=113" "/home/cs104/cs104hw/hw-jesalisb/hw6/hw6_heap_checker/heap_tests/heap_tests" "--gtest_filter=HeapTest.ConstructionDestruction"
Directory: /home/cs104/cs104hw/hw-jesalisb/hw6/hw6_heap_checker/heap_tests
"HeapTest.ConstructionDestruction" start time: Mar 31 16:31 PDT
Output:
----------------------------------------------------------
==5473== Memcheck, a memory error detector
==5473== Copyright (C) 2002-2017, and GNU GPL'd, by Julian Seward et al.
==5473== Using Valgrind-3.13.0 and LibVEX; rerun with -h for copyright info
==5473== Command: /home/cs104/cs104hw/hw-jesalisb/hw6/hw6_heap_checker/heap_tests/heap_tests --gtest_filter=HeapTest.ConstructionDestruction
==5473== 
Running main() from gtest_main.cc
Note: Google Test filter = HeapTest.ConstructionDestruction
[==========] Running 1 test from 1 test case.
[----------] Global test environment set-up.
[----------] 1 test from HeapTest
[ RUN      ] HeapTest.ConstructionDestruction
[       OK ] HeapTest.ConstructionDestruction (8 ms)
[----------] 1 test from HeapTest (15 ms total)

[----------] Global test environment tear-down
[==========] 1 test from 1 test case ran. (45 ms total)
[  PASSED  ] 1 test.
==5473== 
==5473== HEAP SUMMARY:
==5473==     in use at exit: 72,704 bytes in 1 blocks
==5473==   total heap usage: 328 allocs, 327 frees, 129,543 bytes allocated
==5473== 
==5473== LEAK SUMMARY:
==5473==    definitely lost: 0 bytes in 0 blocks
==5473==    indirectly lost: 0 bytes in 0 blocks
==5473==      possibly lost: 0 bytes in 0 blocks
==5473==    still reachable: 0 bytes in 0 blocks
==5473==         suppressed: 72,704 bytes in 1 blocks
==5473== 
==5473== For counts of detected and suppressed errors, rerun with: -v
==5473== ERROR SUMMARY: 0 errors from 0 contexts (suppressed: 0 from 0)
<end of output>
Test time =   0.81 sec
----------------------------------------------------------
Test Passed.
"HeapTest.ConstructionDestruction" end time: Mar 31 16:31 PDT
"HeapTest.ConstructionDestruction" time elapsed: 00:00:00
----------------------------------------------------------

2/21 Testing: HeapTest.InitiallyEmpty
2/21 Test: HeapTest.InitiallyEmpty
Command: "/usr/bin/valgrind" "--tool=memcheck" "--leak-check=yes" "--trace-children=no" "--error-exitcode=113" "/home/cs104/cs104hw/hw-jesalisb/hw6/hw6_heap_checker/heap_tests/heap_tests" "--gtest_filter=HeapTest.InitiallyEmpty"
Directory: /home/cs104/cs104hw/hw-jesalisb/hw6/hw6_heap_checker/heap_tests
"HeapTest.InitiallyEmpty" start time: Mar 31 16:31 PDT
Output:
----------------------------------------------------------
==5474== Memcheck, a memory error detector
==5474== Copyright (C) 2002-2017, and GNU GPL'd, by Julian Seward et al.
==5474== Using Valgrind-3.13.0 and LibVEX; rerun with -h for copyright info
==5474== Command: /home/cs104/cs104hw/hw-jesalisb/hw6/hw6_heap_checker/heap_tests/heap_tests --gtest_filter=HeapTest.InitiallyEmpty
==5474== 
Running main() from gtest_main.cc
Note: Google Test filter = HeapTest.InitiallyEmpty
[==========] Running 1 test from 1 test case.
[----------] Global test environment set-up.
[----------] 1 test from HeapTest
[ RUN      ] HeapTest.InitiallyEmpty
[       OK ] HeapTest.InitiallyEmpty (10 ms)
[----------] 1 test from HeapTest (16 ms total)

[----------] Global test environment tear-down
[==========] 1 test from 1 test case ran. (47 ms total)
[  PASSED  ] 1 test.
==5474== 
==5474== HEAP SUMMARY:
==5474==     in use at exit: 72,704 bytes in 1 blocks
==5474==   total heap usage: 328 allocs, 327 frees, 129,434 bytes allocated
==5474== 
==5474== LEAK SUMMARY:
==5474==    definitely lost: 0 bytes in 0 blocks
==5474==    indirectly lost: 0 bytes in 0 blocks
==5474==      possibly lost: 0 bytes in 0 blocks
==5474==    still reachable: 0 bytes in 0 blocks
==5474==         suppressed: 72,704 bytes in 1 blocks
==5474== 
==5474== For counts of detected and suppressed errors, rerun with: -v
==5474== ERROR SUMMARY: 0 errors from 0 contexts (suppressed: 0 from 0)
<end of output>
Test time =   0.82 sec
----------------------------------------------------------
Test Passed.
"HeapTest.InitiallyEmpty" end time: Mar 31 16:31 PDT
"HeapTest.InitiallyEmpty" time elapsed: 00:00:00
----------------------------------------------------------

3/21 Testing: HeapTest.EmptyTopException
3/21 Test: HeapTest.EmptyTopException
Command: "/usr/bin/valgrind" "--tool=memcheck" "--leak-check=yes" "--trace-children=no" "--error-exitcode=113" "/home/cs104/cs104hw/hw-jesalisb/hw6/hw6_heap_checker/heap_tests/heap_tests" "--gtest_filter=HeapTest.EmptyTopException"
Directory: /home/cs104/cs104hw/hw-jesalisb/hw6/hw6_heap_checker/heap_tests
"HeapTest.EmptyTopException" start time: Mar 31 16:31 PDT
Output:
----------------------------------------------------------
==5475== Memcheck, a memory error detector
==5475== Copyright (C) 2002-2017, and GNU GPL'd, by Julian Seward et al.
==5475== Using Valgrind-3.13.0 and LibVEX; rerun with -h for copyright info
==5475== Command: /home/cs104/cs104hw/hw-jesalisb/hw6/hw6_heap_checker/heap_tests/heap_tests --gtest_filter=HeapTest.EmptyTopException
==5475== 
Running main() from gtest_main.cc
Note: Google Test filter = HeapTest.EmptyTopException
[==========] Running 1 test from 1 test case.
[----------] Global test environment set-up.
[----------] 1 test from HeapTest
[ RUN      ] HeapTest.EmptyTopException
[       OK ] HeapTest.EmptyTopException (49 ms)
[----------] 1 test from HeapTest (55 ms total)

[----------] Global test environment tear-down
[==========] 1 test from 1 test case ran. (87 ms total)
[  PASSED  ] 1 test.
==5475== 
==5475== HEAP SUMMARY:
==5475==     in use at exit: 72,704 bytes in 1 blocks
==5475==   total heap usage: 330 allocs, 329 frees, 129,647 bytes allocated
==5475== 
==5475== LEAK SUMMARY:
==5475==    definitely lost: 0 bytes in 0 blocks
==5475==    indirectly lost: 0 bytes in 0 blocks
==5475==      possibly lost: 0 bytes in 0 blocks
==5475==    still reachable: 0 bytes in 0 blocks
==5475==         suppressed: 72,704 bytes in 1 blocks
==5475== 
==5475== For counts of detected and suppressed errors, rerun with: -v
==5475== ERROR SUMMARY: 0 errors from 0 contexts (suppressed: 0 from 0)
<end of output>
Test time =   0.84 sec
----------------------------------------------------------
Test Passed.
"HeapTest.EmptyTopException" end time: Mar 31 16:31 PDT
"HeapTest.EmptyTopException" time elapsed: 00:00:00
----------------------------------------------------------

4/21 Testing: HeapTest.EmptyPopException
4/21 Test: HeapTest.EmptyPopException
Command: "/usr/bin/valgrind" "--tool=memcheck" "--leak-check=yes" "--trace-children=no" "--error-exitcode=113" "/home/cs104/cs104hw/hw-jesalisb/hw6/hw6_heap_checker/heap_tests/heap_tests" "--gtest_filter=HeapTest.EmptyPopException"
Directory: /home/cs104/cs104hw/hw-jesalisb/hw6/hw6_heap_checker/heap_tests
"HeapTest.EmptyPopException" start time: Mar 31 16:31 PDT
Output:
----------------------------------------------------------
==5476== Memcheck, a memory error detector
==5476== Copyright (C) 2002-2017, and GNU GPL'd, by Julian Seward et al.
==5476== Using Valgrind-3.13.0 and LibVEX; rerun with -h for copyright info
==5476== Command: /home/cs104/cs104hw/hw-jesalisb/hw6/hw6_heap_checker/heap_tests/heap_tests --gtest_filter=HeapTest.EmptyPopException
==5476== 
Running main() from gtest_main.cc
Note: Google Test filter = HeapTest.EmptyPopException
[==========] Running 1 test from 1 test case.
[----------] Global test environment set-up.
[----------] 1 test from HeapTest
[ RUN      ] HeapTest.EmptyPopException
[       OK ] HeapTest.EmptyPopException (41 ms)
[----------] 1 test from HeapTest (48 ms total)

[----------] Global test environment tear-down
[==========] 1 test from 1 test case ran. (81 ms total)
[  PASSED  ] 1 test.
==5476== 
==5476== HEAP SUMMARY:
==5476==     in use at exit: 72,704 bytes in 1 blocks
==5476==   total heap usage: 330 allocs, 329 frees, 129,647 bytes allocated
==5476== 
==5476== LEAK SUMMARY:
==5476==    definitely lost: 0 bytes in 0 blocks
==5476==    indirectly lost: 0 bytes in 0 blocks
==5476==      possibly lost: 0 bytes in 0 blocks
==5476==    still reachable: 0 bytes in 0 blocks
==5476==         suppressed: 72,704 bytes in 1 blocks
==5476== 
==5476== For counts of detected and suppressed errors, rerun with: -v
==5476== ERROR SUMMARY: 0 errors from 0 contexts (suppressed: 0 from 0)
<end of output>
Test time =   0.85 sec
----------------------------------------------------------
Test Passed.
"HeapTest.EmptyPopException" end time: Mar 31 16:32 PDT
"HeapTest.EmptyPopException" time elapsed: 00:00:00
----------------------------------------------------------

5/21 Testing: HeapTest.SingleItemNonempty
5/21 Test: HeapTest.SingleItemNonempty
Command: "/usr/bin/valgrind" "--tool=memcheck" "--leak-check=yes" "--trace-children=no" "--error-exitcode=113" "/home/cs104/cs104hw/hw-jesalisb/hw6/hw6_heap_checker/heap_tests/heap_tests" "--gtest_filter=HeapTest.SingleItemNonempty"
Directory: /home/cs104/cs104hw/hw-jesalisb/hw6/hw6_heap_checker/heap_tests
"HeapTest.SingleItemNonempty" start time: Mar 31 16:32 PDT
Output:
----------------------------------------------------------
==5477== Memcheck, a memory error detector
==5477== Copyright (C) 2002-2017, and GNU GPL'd, by Julian Seward et al.
==5477== Using Valgrind-3.13.0 and LibVEX; rerun with -h for copyright info
==5477== Command: /home/cs104/cs104hw/hw-jesalisb/hw6/hw6_heap_checker/heap_tests/heap_tests --gtest_filter=HeapTest.SingleItemNonempty
==5477== 
Running main() from gtest_main.cc
Note: Google Test filter = HeapTest.SingleItemNonempty
[==========] Running 1 test from 1 test case.
[----------] Global test environment set-up.
[----------] 1 test from HeapTest
[ RUN      ] HeapTest.SingleItemNonempty
[       OK ] HeapTest.SingleItemNonempty (18 ms)
[----------] 1 test from HeapTest (25 ms total)

[----------] Global test environment tear-down
[==========] 1 test from 1 test case ran. (54 ms total)
[  PASSED  ] 1 test.
==5477== 
==5477== HEAP SUMMARY:
==5477==     in use at exit: 72,704 bytes in 1 blocks
==5477==   total heap usage: 329 allocs, 328 frees, 129,466 bytes allocated
==5477== 
==5477== LEAK SUMMARY:
==5477==    definitely lost: 0 bytes in 0 blocks
==5477==    indirectly lost: 0 bytes in 0 blocks
==5477==      possibly lost: 0 bytes in 0 blocks
==5477==    still reachable: 0 bytes in 0 blocks
==5477==         suppressed: 72,704 bytes in 1 blocks
==5477== 
==5477== For counts of detected and suppressed errors, rerun with: -v
==5477== ERROR SUMMARY: 0 errors from 0 contexts (suppressed: 0 from 0)
<end of output>
Test time =   0.81 sec
----------------------------------------------------------
Test Passed.
"HeapTest.SingleItemNonempty" end time: Mar 31 16:32 PDT
"HeapTest.SingleItemNonempty" time elapsed: 00:00:00
----------------------------------------------------------

6/21 Testing: HeapTest.SingleItemPush
6/21 Test: HeapTest.SingleItemPush
Command: "/usr/bin/valgrind" "--tool=memcheck" "--leak-check=yes" "--trace-children=no" "--error-exitcode=113" "/home/cs104/cs104hw/hw-jesalisb/hw6/hw6_heap_checker/heap_tests/heap_tests" "--gtest_filter=HeapTest.SingleItemPush"
Directory: /home/cs104/cs104hw/hw-jesalisb/hw6/hw6_heap_checker/heap_tests
"HeapTest.SingleItemPush" start time: Mar 31 16:32 PDT
Output:
----------------------------------------------------------
==5478== Memcheck, a memory error detector
==5478== Copyright (C) 2002-2017, and GNU GPL'd, by Julian Seward et al.
==5478== Using Valgrind-3.13.0 and LibVEX; rerun with -h for copyright info
==5478== Command: /home/cs104/cs104hw/hw-jesalisb/hw6/hw6_heap_checker/heap_tests/heap_tests --gtest_filter=HeapTest.SingleItemPush
==5478== 
Running main() from gtest_main.cc
Note: Google Test filter = HeapTest.SingleItemPush
[==========] Running 1 test from 1 test case.
[----------] Global test environment set-up.
[----------] 1 test from HeapTest
[ RUN      ] HeapTest.SingleItemPush
[       OK ] HeapTest.SingleItemPush (20 ms)
[----------] 1 test from HeapTest (26 ms total)

[----------] Global test environment tear-down
[==========] 1 test from 1 test case ran. (58 ms total)
[  PASSED  ] 1 test.
==5478== 
==5478== HEAP SUMMARY:
==5478==     in use at exit: 72,704 bytes in 1 blocks
==5478==   total heap usage: 329 allocs, 328 frees, 129,438 bytes allocated
==5478== 
==5478== LEAK SUMMARY:
==5478==    definitely lost: 0 bytes in 0 blocks
==5478==    indirectly lost: 0 bytes in 0 blocks
==5478==      possibly lost: 0 bytes in 0 blocks
==5478==    still reachable: 0 bytes in 0 blocks
==5478==         suppressed: 72,704 bytes in 1 blocks
==5478== 
==5478== For counts of detected and suppressed errors, rerun with: -v
==5478== ERROR SUMMARY: 0 errors from 0 contexts (suppressed: 0 from 0)
<end of output>
Test time =   0.83 sec
----------------------------------------------------------
Test Passed.
"HeapTest.SingleItemPush" end time: Mar 31 16:32 PDT
"HeapTest.SingleItemPush" time elapsed: 00:00:00
----------------------------------------------------------

7/21 Testing: HeapTest.SingleItemPushPop
7/21 Test: HeapTest.SingleItemPushPop
Command: "/usr/bin/valgrind" "--tool=memcheck" "--leak-check=yes" "--trace-children=no" "--error-exitcode=113" "/home/cs104/cs104hw/hw-jesalisb/hw6/hw6_heap_checker/heap_tests/heap_tests" "--gtest_filter=HeapTest.SingleItemPushPop"
Directory: /home/cs104/cs104hw/hw-jesalisb/hw6/hw6_heap_checker/heap_tests
"HeapTest.SingleItemPushPop" start time: Mar 31 16:32 PDT
Output:
----------------------------------------------------------
==5479== Memcheck, a memory error detector
==5479== Copyright (C) 2002-2017, and GNU GPL'd, by Julian Seward et al.
==5479== Using Valgrind-3.13.0 and LibVEX; rerun with -h for copyright info
==5479== Command: /home/cs104/cs104hw/hw-jesalisb/hw6/hw6_heap_checker/heap_tests/heap_tests --gtest_filter=HeapTest.SingleItemPushPop
==5479== 
Running main() from gtest_main.cc
Note: Google Test filter = HeapTest.SingleItemPushPop
[==========] Running 1 test from 1 test case.
[----------] Global test environment set-up.
[----------] 1 test from HeapTest
[ RUN      ] HeapTest.SingleItemPushPop
[       OK ] HeapTest.SingleItemPushPop (23 ms)
[----------] 1 test from HeapTest (30 ms total)

[----------] Global test environment tear-down
[==========] 1 test from 1 test case ran. (62 ms total)
[  PASSED  ] 1 test.
==5479== 
==5479== HEAP SUMMARY:
==5479==     in use at exit: 72,704 bytes in 1 blocks
==5479==   total heap usage: 329 allocs, 328 frees, 129,459 bytes allocated
==5479== 
==5479== LEAK SUMMARY:
==5479==    definitely lost: 0 bytes in 0 blocks
==5479==    indirectly lost: 0 bytes in 0 blocks
==5479==      possibly lost: 0 bytes in 0 blocks
==5479==    still reachable: 0 bytes in 0 blocks
==5479==         suppressed: 72,704 bytes in 1 blocks
==5479== 
==5479== For counts of detected and suppressed errors, rerun with: -v
==5479== ERROR SUMMARY: 0 errors from 0 contexts (suppressed: 0 from 0)
<end of output>
Test time =   0.83 sec
----------------------------------------------------------
Test Passed.
"HeapTest.SingleItemPushPop" end time: Mar 31 16:32 PDT
"HeapTest.SingleItemPushPop" time elapsed: 00:00:00
----------------------------------------------------------

8/21 Testing: HeapTest.TwoElementPush_LowPriFirst
8/21 Test: HeapTest.TwoElementPush_LowPriFirst
Command: "/usr/bin/valgrind" "--tool=memcheck" "--leak-check=yes" "--trace-children=no" "--error-exitcode=113" "/home/cs104/cs104hw/hw-jesalisb/hw6/hw6_heap_checker/heap_tests/heap_tests" "--gtest_filter=HeapTest.TwoElementPush_LowPriFirst"
Directory: /home/cs104/cs104hw/hw-jesalisb/hw6/hw6_heap_checker/heap_tests
"HeapTest.TwoElementPush_LowPriFirst" start time: Mar 31 16:32 PDT
Output:
----------------------------------------------------------
==5480== Memcheck, a memory error detector
==5480== Copyright (C) 2002-2017, and GNU GPL'd, by Julian Seward et al.
==5480== Using Valgrind-3.13.0 and LibVEX; rerun with -h for copyright info
==5480== Command: /home/cs104/cs104hw/hw-jesalisb/hw6/hw6_heap_checker/heap_tests/heap_tests --gtest_filter=HeapTest.TwoElementPush_LowPriFirst
==5480== 
Running main() from gtest_main.cc
Note: Google Test filter = HeapTest.TwoElementPush_LowPriFirst
[==========] Running 1 test from 1 test case.
[----------] Global test environment set-up.
[----------] 1 test from HeapTest
[ RUN      ] HeapTest.TwoElementPush_LowPriFirst
[       OK ] HeapTest.TwoElementPush_LowPriFirst (23 ms)
[----------] 1 test from HeapTest (28 ms total)

[----------] Global test environment tear-down
[==========] 1 test from 1 test case ran. (59 ms total)
[  PASSED  ] 1 test.
==5480== 
==5480== HEAP SUMMARY:
==5480==     in use at exit: 72,704 bytes in 1 blocks
==5480==   total heap usage: 330 allocs, 329 frees, 129,645 bytes allocated
==5480== 
==5480== LEAK SUMMARY:
==5480==    definitely lost: 0 bytes in 0 blocks
==5480==    indirectly lost: 0 bytes in 0 blocks
==5480==      possibly lost: 0 bytes in 0 blocks
==5480==    still reachable: 0 bytes in 0 blocks
==5480==         suppressed: 72,704 bytes in 1 blocks
==5480== 
==5480== For counts of detected and suppressed errors, rerun with: -v
==5480== ERROR SUMMARY: 0 errors from 0 contexts (suppressed: 0 from 0)
<end of output>
Test time =   0.83 sec
----------------------------------------------------------
Test Passed.
"HeapTest.TwoElementPush_LowPriFirst" end time: Mar 31 16:32 PDT
"HeapTest.TwoElementPush_LowPriFirst" time elapsed: 00:00:00
----------------------------------------------------------

9/21 Testing: HeapTest.TwoElementPush_HighPriFirst
9/21 Test: HeapTest.TwoElementPush_HighPriFirst
Command: "/usr/bin/valgrind" "--tool=memcheck" "--leak-check=yes" "--trace-children=no" "--error-exitcode=113" "/home/cs104/cs104hw/hw-jesalisb/hw6/hw6_heap_checker/heap_tests/heap_tests" "--gtest_filter=HeapTest.TwoElementPush_HighPriFirst"
Directory: /home/cs104/cs104hw/hw-jesalisb/hw6/hw6_heap_checker/heap_tests
"HeapTest.TwoElementPush_HighPriFirst" start time: Mar 31 16:32 PDT
Output:
----------------------------------------------------------
==5481== Memcheck, a memory error detector
==5481== Copyright (C) 2002-2017, and GNU GPL'd, by Julian Seward et al.
==5481== Using Valgrind-3.13.0 and LibVEX; rerun with -h for copyright info
==5481== Command: /home/cs104/cs104hw/hw-jesalisb/hw6/hw6_heap_checker/heap_tests/heap_tests --gtest_filter=HeapTest.TwoElementPush_HighPriFirst
==5481== 
Running main() from gtest_main.cc
Note: Google Test filter = HeapTest.TwoElementPush_HighPriFirst
[==========] Running 1 test from 1 test case.
[----------] Global test environment set-up.
[----------] 1 test from HeapTest
[ RUN      ] HeapTest.TwoElementPush_HighPriFirst
[       OK ] HeapTest.TwoElementPush_HighPriFirst (24 ms)
[----------] 1 test from HeapTest (30 ms total)

[----------] Global test environment tear-down
[==========] 1 test from 1 test case ran. (60 ms total)
[  PASSED  ] 1 test.
==5481== 
==5481== HEAP SUMMARY:
==5481==     in use at exit: 72,704 bytes in 1 blocks
==5481==   total heap usage: 330 allocs, 329 frees, 129,675 bytes allocated
==5481== 
==5481== LEAK SUMMARY:
==5481==    definitely lost: 0 bytes in 0 blocks
==5481==    indirectly lost: 0 bytes in 0 blocks
==5481==      possibly lost: 0 bytes in 0 blocks
==5481==    still reachable: 0 bytes in 0 blocks
==5481==         suppressed: 72,704 bytes in 1 blocks
==5481== 
==5481== For counts of detected and suppressed errors, rerun with: -v
==5481== ERROR SUMMARY: 0 errors from 0 contexts (suppressed: 0 from 0)
<end of output>
Test time =   0.82 sec
----------------------------------------------------------
Test Passed.
"HeapTest.TwoElementPush_HighPriFirst" end time: Mar 31 16:32 PDT
"HeapTest.TwoElementPush_HighPriFirst" time elapsed: 00:00:00
----------------------------------------------------------

10/21 Testing: HeapTest.Duplicates
10/21 Test: HeapTest.Duplicates
Command: "/usr/bin/valgrind" "--tool=memcheck" "--leak-check=yes" "--trace-children=no" "--error-exitcode=113" "/home/cs104/cs104hw/hw-jesalisb/hw6/hw6_heap_checker/heap_tests/heap_tests" "--gtest_filter=HeapTest.Duplicates"
Directory: /home/cs104/cs104hw/hw-jesalisb/hw6/hw6_heap_checker/heap_tests
"HeapTest.Duplicates" start time: Mar 31 16:32 PDT
Output:
----------------------------------------------------------
==5482== Memcheck, a memory error detector
==5482== Copyright (C) 2002-2017, and GNU GPL'd, by Julian Seward et al.
==5482== Using Valgrind-3.13.0 and LibVEX; rerun with -h for copyright info
==5482== Command: /home/cs104/cs104hw/hw-jesalisb/hw6/hw6_heap_checker/heap_tests/heap_tests --gtest_filter=HeapTest.Duplicates
==5482== 
Running main() from gtest_main.cc
Note: Google Test filter = HeapTest.Duplicates
[==========] Running 1 test from 1 test case.
[----------] Global test environment set-up.
[----------] 1 test from HeapTest
[ RUN      ] HeapTest.Duplicates
[       OK ] HeapTest.Duplicates (25 ms)
[----------] 1 test from HeapTest (31 ms total)

[----------] Global test environment tear-down
[==========] 1 test from 1 test case ran. (62 ms total)
[  PASSED  ] 1 test.
==5482== 
==5482== HEAP SUMMARY:
==5482==     in use at exit: 72,704 bytes in 1 blocks
==5482==   total heap usage: 331 allocs, 330 frees, 129,434 bytes allocated
==5482== 
==5482== LEAK SUMMARY:
==5482==    definitely lost: 0 bytes in 0 blocks
==5482==    indirectly lost: 0 bytes in 0 blocks
==5482==      possibly lost: 0 bytes in 0 blocks
==5482==    still reachable: 0 bytes in 0 blocks
==5482==         suppressed: 72,704 bytes in 1 blocks
==5482== 
==5482== For counts of detected and suppressed errors, rerun with: -v
==5482== ERROR SUMMARY: 0 errors from 0 contexts (suppressed: 0 from 0)
<end of output>
Test time =   0.83 sec
----------------------------------------------------------
Test Passed.
"HeapTest.Duplicates" end time: Mar 31 16:32 PDT
"HeapTest.Duplicates" time elapsed: 00:00:00
----------------------------------------------------------

11/21 Testing: HeapTest.NegativeElements
11/21 Test: HeapTest.NegativeElements
Command: "/usr/bin/valgrind" "--tool=memcheck" "--leak-check=yes" "--trace-children=no" "--error-exitcode=113" "/home/cs104/cs104hw/hw-jesalisb/hw6/hw6_heap_checker/heap_tests/heap_tests" "--gtest_filter=HeapTest.NegativeElements"
Directory: /home/cs104/cs104hw/hw-jesalisb/hw6/hw6_heap_checker/heap_tests
"HeapTest.NegativeElements" start time: Mar 31 16:32 PDT
Output:
----------------------------------------------------------
==5483== Memcheck, a memory error detector
==5483== Copyright (C) 2002-2017, and GNU GPL'd, by Julian Seward et al.
==5483== Using Valgrind-3.13.0 and LibVEX; rerun with -h for copyright info
==5483== Command: /home/cs104/cs104hw/hw-jesalisb/hw6/hw6_heap_checker/heap_tests/heap_tests --gtest_filter=HeapTest.NegativeElements
==5483== 
Running main() from gtest_main.cc
Note: Google Test filter = HeapTest.NegativeElements
[==========] Running 1 test from 1 test case.
[----------] Global test environment set-up.
[----------] 1 test from HeapTest
[ RUN      ] HeapTest.NegativeElements
[       OK ] HeapTest.NegativeElements (29 ms)
[----------] 1 test from HeapTest (35 ms total)

[----------] Global test environment tear-down
[==========] 1 test from 1 test case ran. (65 ms total)
[  PASSED  ] 1 test.
==5483== 
==5483== HEAP SUMMARY:
==5483==     in use at exit: 72,704 bytes in 1 blocks
==5483==   total heap usage: 330 allocs, 329 frees, 129,460 bytes allocated
==5483== 
==5483== LEAK SUMMARY:
==5483==    definitely lost: 0 bytes in 0 blocks
==5483==    indirectly lost: 0 bytes in 0 blocks
==5483==      possibly lost: 0 bytes in 0 blocks
==5483==    still reachable: 0 bytes in 0 blocks
==5483==         suppressed: 72,704 bytes in 1 blocks
==5483== 
==5483== For counts of detected and suppressed errors, rerun with: -v
==5483== ERROR SUMMARY: 0 errors from 0 contexts (suppressed: 0 from 0)
<end of output>
Test time =   0.82 sec
----------------------------------------------------------
Test Passed.
"HeapTest.NegativeElements" end time: Mar 31 16:32 PDT
"HeapTest.NegativeElements" time elapsed: 00:00:00
----------------------------------------------------------

12/21 Testing: HeapTest.ThreeElementPush_0_5_10
12/21 Test: HeapTest.ThreeElementPush_0_5_10
Command: "/usr/bin/valgrind" "--tool=memcheck" "--leak-check=yes" "--trace-children=no" "--error-exitcode=113" "/home/cs104/cs104hw/hw-jesalisb/hw6/hw6_heap_checker/heap_tests/heap_tests" "--gtest_filter=HeapTest.ThreeElementPush_0_5_10"
Directory: /home/cs104/cs104hw/hw-jesalisb/hw6/hw6_heap_checker/heap_tests
"HeapTest.ThreeElementPush_0_5_10" start time: Mar 31 16:32 PDT
Output:
----------------------------------------------------------
==5486== Memcheck, a memory error detector
==5486== Copyright (C) 2002-2017, and GNU GPL'd, by Julian Seward et al.
==5486== Using Valgrind-3.13.0 and LibVEX; rerun with -h for copyright info
==5486== Command: /home/cs104/cs104hw/hw-jesalisb/hw6/hw6_heap_checker/heap_tests/heap_tests --gtest_filter=HeapTest.ThreeElementPush_0_5_10
==5486== 
Running main() from gtest_main.cc
Note: Google Test filter = HeapTest.ThreeElementPush_0_5_10
[==========] Running 1 test from 1 test case.
[----------] Global test environment set-up.
[----------] 1 test from HeapTest
[ RUN      ] HeapTest.ThreeElementPush_0_5_10
[       OK ] HeapTest.ThreeElementPush_0_5_10 (25 ms)
[----------] 1 test from HeapTest (31 ms total)

[----------] Global test environment tear-down
[==========] 1 test from 1 test case ran. (63 ms total)
[  PASSED  ] 1 test.
==5486== 
==5486== HEAP SUMMARY:
==5486==     in use at exit: 72,704 bytes in 1 blocks
==5486==   total heap usage: 331 allocs, 330 frees, 129,571 bytes allocated
==5486== 
==5486== LEAK SUMMARY:
==5486==    definitely lost: 0 bytes in 0 blocks
==5486==    indirectly lost: 0 bytes in 0 blocks
==5486==      possibly lost: 0 bytes in 0 blocks
==5486==    still reachable: 0 bytes in 0 blocks
==5486==         suppressed: 72,704 bytes in 1 blocks
==5486== 
==5486== For counts of detected and suppressed errors, rerun with: -v
==5486== ERROR SUMMARY: 0 errors from 0 contexts (suppressed: 0 from 0)
<end of output>
Test time =   0.83 sec
----------------------------------------------------------
Test Passed.
"HeapTest.ThreeElementPush_0_5_10" end time: Mar 31 16:32 PDT
"HeapTest.ThreeElementPush_0_5_10" time elapsed: 00:00:00
----------------------------------------------------------

13/21 Testing: HeapTest.ThreeElementPush_0_10_5
13/21 Test: HeapTest.ThreeElementPush_0_10_5
Command: "/usr/bin/valgrind" "--tool=memcheck" "--leak-check=yes" "--trace-children=no" "--error-exitcode=113" "/home/cs104/cs104hw/hw-jesalisb/hw6/hw6_heap_checker/heap_tests/heap_tests" "--gtest_filter=HeapTest.ThreeElementPush_0_10_5"
Directory: /home/cs104/cs104hw/hw-jesalisb/hw6/hw6_heap_checker/heap_tests
"HeapTest.ThreeElementPush_0_10_5" start time: Mar 31 16:32 PDT
Output:
----------------------------------------------------------
==5487== Memcheck, a memory error detector
==5487== Copyright (C) 2002-2017, and GNU GPL'd, by Julian Seward et al.
==5487== Using Valgrind-3.13.0 and LibVEX; rerun with -h for copyright info
==5487== Command: /home/cs104/cs104hw/hw-jesalisb/hw6/hw6_heap_checker/heap_tests/heap_tests --gtest_filter=HeapTest.ThreeElementPush_0_10_5
==5487== 
Running main() from gtest_main.cc
Note: Google Test filter = HeapTest.ThreeElementPush_0_10_5
[==========] Running 1 test from 1 test case.
[----------] Global test environment set-up.
[----------] 1 test from HeapTest
[ RUN      ] HeapTest.ThreeElementPush_0_10_5
[       OK ] HeapTest.ThreeElementPush_0_10_5 (24 ms)
[----------] 1 test from HeapTest (30 ms total)

[----------] Global test environment tear-down
[==========] 1 test from 1 test case ran. (61 ms total)
[  PASSED  ] 1 test.
==5487== 
==5487== HEAP SUMMARY:
==5487==     in use at exit: 72,704 bytes in 1 blocks
==5487==   total heap usage: 331 allocs, 330 frees, 129,571 bytes allocated
==5487== 
==5487== LEAK SUMMARY:
==5487==    definitely lost: 0 bytes in 0 blocks
==5487==    indirectly lost: 0 bytes in 0 blocks
==5487==      possibly lost: 0 bytes in 0 blocks
==5487==    still reachable: 0 bytes in 0 blocks
==5487==         suppressed: 72,704 bytes in 1 blocks
==5487== 
==5487== For counts of detected and suppressed errors, rerun with: -v
==5487== ERROR SUMMARY: 0 errors from 0 contexts (suppressed: 0 from 0)
<end of output>
Test time =   0.84 sec
----------------------------------------------------------
Test Passed.
"HeapTest.ThreeElementPush_0_10_5" end time: Mar 31 16:32 PDT
"HeapTest.ThreeElementPush_0_10_5" time elapsed: 00:00:00
----------------------------------------------------------

14/21 Testing: HeapTest.ThreeElementPush_5_0_10
14/21 Test: HeapTest.ThreeElementPush_5_0_10
Command: "/usr/bin/valgrind" "--tool=memcheck" "--leak-check=yes" "--trace-children=no" "--error-exitcode=113" "/home/cs104/cs104hw/hw-jesalisb/hw6/hw6_heap_checker/heap_tests/heap_tests" "--gtest_filter=HeapTest.ThreeElementPush_5_0_10"
Directory: /home/cs104/cs104hw/hw-jesalisb/hw6/hw6_heap_checker/heap_tests
"HeapTest.ThreeElementPush_5_0_10" start time: Mar 31 16:32 PDT
Output:
----------------------------------------------------------
==5488== Memcheck, a memory error detector
==5488== Copyright (C) 2002-2017, and GNU GPL'd, by Julian Seward et al.
==5488== Using Valgrind-3.13.0 and LibVEX; rerun with -h for copyright info
==5488== Command: /home/cs104/cs104hw/hw-jesalisb/hw6/hw6_heap_checker/heap_tests/heap_tests --gtest_filter=HeapTest.ThreeElementPush_5_0_10
==5488== 
Running main() from gtest_main.cc
Note: Google Test filter = HeapTest.ThreeElementPush_5_0_10
[==========] Running 1 test from 1 test case.
[----------] Global test environment set-up.
[----------] 1 test from HeapTest
[ RUN      ] HeapTest.ThreeElementPush_5_0_10
[       OK ] HeapTest.ThreeElementPush_5_0_10 (26 ms)
[----------] 1 test from HeapTest (33 ms total)

[----------] Global test environment tear-down
[==========] 1 test from 1 test case ran. (63 ms total)
[  PASSED  ] 1 test.
==5488== 
==5488== HEAP SUMMARY:
==5488==     in use at exit: 72,704 bytes in 1 blocks
==5488==   total heap usage: 331 allocs, 330 frees, 129,571 bytes allocated
==5488== 
==5488== LEAK SUMMARY:
==5488==    definitely lost: 0 bytes in 0 blocks
==5488==    indirectly lost: 0 bytes in 0 blocks
==5488==      possibly lost: 0 bytes in 0 blocks
==5488==    still reachable: 0 bytes in 0 blocks
==5488==         suppressed: 72,704 bytes in 1 blocks
==5488== 
==5488== For counts of detected and suppressed errors, rerun with: -v
==5488== ERROR SUMMARY: 0 errors from 0 contexts (suppressed: 0 from 0)
<end of output>
Test time =   0.82 sec
----------------------------------------------------------
Test Passed.
"HeapTest.ThreeElementPush_5_0_10" end time: Mar 31 16:32 PDT
"HeapTest.ThreeElementPush_5_0_10" time elapsed: 00:00:00
----------------------------------------------------------

15/21 Testing: HeapTest.ThreeElementPush_5_10_0
15/21 Test: HeapTest.ThreeElementPush_5_10_0
Command: "/usr/bin/valgrind" "--tool=memcheck" "--leak-check=yes" "--trace-children=no" "--error-exitcode=113" "/home/cs104/cs104hw/hw-jesalisb/hw6/hw6_heap_checker/heap_tests/heap_tests" "--gtest_filter=HeapTest.ThreeElementPush_5_10_0"
Directory: /home/cs104/cs104hw/hw-jesalisb/hw6/hw6_heap_checker/heap_tests
"HeapTest.ThreeElementPush_5_10_0" start time: Mar 31 16:32 PDT
Output:
----------------------------------------------------------
==5489== Memcheck, a memory error detector
==5489== Copyright (C) 2002-2017, and GNU GPL'd, by Julian Seward et al.
==5489== Using Valgrind-3.13.0 and LibVEX; rerun with -h for copyright info
==5489== Command: /home/cs104/cs104hw/hw-jesalisb/hw6/hw6_heap_checker/heap_tests/heap_tests --gtest_filter=HeapTest.ThreeElementPush_5_10_0
==5489== 
Running main() from gtest_main.cc
Note: Google Test filter = HeapTest.ThreeElementPush_5_10_0
[==========] Running 1 test from 1 test case.
[----------] Global test environment set-up.
[----------] 1 test from HeapTest
[ RUN      ] HeapTest.ThreeElementPush_5_10_0
/home/cs104/cs104hw/hw-jesalisb/hw6/hw6_heap_checker/heap_tests/heap_tests.cpp:218: Failure
Value of: heap.top()
  Actual: 5
Expected: 0
/home/cs104/cs104hw/hw-jesalisb/hw6/hw6_heap_checker/heap_tests/heap_tests.cpp:220: Failure
Value of: heap.top()
  Actual: 0
Expected: 5
[  FAILED  ] HeapTest.ThreeElementPush_5_10_0 (53 ms)
[----------] 1 test from HeapTest (59 ms total)

[----------] Global test environment tear-down
[==========] 1 test from 1 test case ran. (92 ms total)
[  PASSED  ] 0 tests.
[  FAILED  ] 1 test, listed below:
[  FAILED  ] HeapTest.ThreeElementPush_5_10_0

 1 FAILED TEST
==5489== 
==5489== HEAP SUMMARY:
==5489==     in use at exit: 72,704 bytes in 1 blocks
==5489==   total heap usage: 422 allocs, 421 frees, 147,419 bytes allocated
==5489== 
==5489== LEAK SUMMARY:
==5489==    definitely lost: 0 bytes in 0 blocks
==5489==    indirectly lost: 0 bytes in 0 blocks
==5489==      possibly lost: 0 bytes in 0 blocks
==5489==    still reachable: 0 bytes in 0 blocks
==5489==         suppressed: 72,704 bytes in 1 blocks
==5489== 
==5489== For counts of detected and suppressed errors, rerun with: -v
==5489== ERROR SUMMARY: 0 errors from 0 contexts (suppressed: 0 from 0)
<end of output>
Test time =   0.87 sec
----------------------------------------------------------
Test Failed.
"HeapTest.ThreeElementPush_5_10_0" end time: Mar 31 16:32 PDT
"HeapTest.ThreeElementPush_5_10_0" time elapsed: 00:00:00
----------------------------------------------------------

16/21 Testing: HeapTest.ThreeElementPush_10_0_5
16/21 Test: HeapTest.ThreeElementPush_10_0_5
Command: "/usr/bin/valgrind" "--tool=memcheck" "--leak-check=yes" "--trace-children=no" "--error-exitcode=113" "/home/cs104/cs104hw/hw-jesalisb/hw6/hw6_heap_checker/heap_tests/heap_tests" "--gtest_filter=HeapTest.ThreeElementPush_10_0_5"
Directory: /home/cs104/cs104hw/hw-jesalisb/hw6/hw6_heap_checker/heap_tests
"HeapTest.ThreeElementPush_10_0_5" start time: Mar 31 16:32 PDT
Output:
----------------------------------------------------------
==5490== Memcheck, a memory error detector
==5490== Copyright (C) 2002-2017, and GNU GPL'd, by Julian Seward et al.
==5490== Using Valgrind-3.13.0 and LibVEX; rerun with -h for copyright info
==5490== Command: /home/cs104/cs104hw/hw-jesalisb/hw6/hw6_heap_checker/heap_tests/heap_tests --gtest_filter=HeapTest.ThreeElementPush_10_0_5
==5490== 
Running main() from gtest_main.cc
Note: Google Test filter = HeapTest.ThreeElementPush_10_0_5
[==========] Running 1 test from 1 test case.
[----------] Global test environment set-up.
[----------] 1 test from HeapTest
[ RUN      ] HeapTest.ThreeElementPush_10_0_5
[       OK ] HeapTest.ThreeElementPush_10_0_5 (25 ms)
[----------] 1 test from HeapTest (32 ms total)

[----------] Global test environment tear-down
[==========] 1 test from 1 test case ran. (63 ms total)
[  PASSED  ] 1 test.
==5490== 
==5490== HEAP SUMMARY:
==5490==     in use at exit: 72,704 bytes in 1 blocks
==5490==   total heap usage: 331 allocs, 330 frees, 129,571 bytes allocated
==5490== 
==5490== LEAK SUMMARY:
==5490==    definitely lost: 0 bytes in 0 blocks
==5490==    indirectly lost: 0 bytes in 0 blocks
==5490==      possibly lost: 0 bytes in 0 blocks
==5490==    still reachable: 0 bytes in 0 blocks
==5490==         suppressed: 72,704 bytes in 1 blocks
==5490== 
==5490== For counts of detected and suppressed errors, rerun with: -v
==5490== ERROR SUMMARY: 0 errors from 0 contexts (suppressed: 0 from 0)
<end of output>
Test time =   0.84 sec
----------------------------------------------------------
Test Passed.
"HeapTest.ThreeElementPush_10_0_5" end time: Mar 31 16:32 PDT
"HeapTest.ThreeElementPush_10_0_5" time elapsed: 00:00:00
----------------------------------------------------------

17/21 Testing: HeapTest.ThreeElementPush_10_5_0
17/21 Test: HeapTest.ThreeElementPush_10_5_0
Command: "/usr/bin/valgrind" "--tool=memcheck" "--leak-check=yes" "--trace-children=no" "--error-exitcode=113" "/home/cs104/cs104hw/hw-jesalisb/hw6/hw6_heap_checker/heap_tests/heap_tests" "--gtest_filter=HeapTest.ThreeElementPush_10_5_0"
Directory: /home/cs104/cs104hw/hw-jesalisb/hw6/hw6_heap_checker/heap_tests
"HeapTest.ThreeElementPush_10_5_0" start time: Mar 31 16:32 PDT
Output:
----------------------------------------------------------
==5491== Memcheck, a memory error detector
==5491== Copyright (C) 2002-2017, and GNU GPL'd, by Julian Seward et al.
==5491== Using Valgrind-3.13.0 and LibVEX; rerun with -h for copyright info
==5491== Command: /home/cs104/cs104hw/hw-jesalisb/hw6/hw6_heap_checker/heap_tests/heap_tests --gtest_filter=HeapTest.ThreeElementPush_10_5_0
==5491== 
Running main() from gtest_main.cc
Note: Google Test filter = HeapTest.ThreeElementPush_10_5_0
[==========] Running 1 test from 1 test case.
[----------] Global test environment set-up.
[----------] 1 test from HeapTest
[ RUN      ] HeapTest.ThreeElementPush_10_5_0
/home/cs104/cs104hw/hw-jesalisb/hw6/hw6_heap_checker/heap_tests/heap_tests.cpp:244: Failure
Value of: heap.top()
  Actual: 5
Expected: 0
/home/cs104/cs104hw/hw-jesalisb/hw6/hw6_heap_checker/heap_tests/heap_tests.cpp:246: Failure
Value of: heap.top()
  Actual: 0
Expected: 5
[  FAILED  ] HeapTest.ThreeElementPush_10_5_0 (56 ms)
[----------] 1 test from HeapTest (66 ms total)

[----------] Global test environment tear-down
[==========] 1 test from 1 test case ran. (98 ms total)
[  PASSED  ] 0 tests.
[  FAILED  ] 1 test, listed below:
[  FAILED  ] HeapTest.ThreeElementPush_10_5_0

 1 FAILED TEST
==5491== 
==5491== HEAP SUMMARY:
==5491==     in use at exit: 72,704 bytes in 1 blocks
==5491==   total heap usage: 422 allocs, 421 frees, 147,419 bytes allocated
==5491== 
==5491== LEAK SUMMARY:
==5491==    definitely lost: 0 bytes in 0 blocks
==5491==    indirectly lost: 0 bytes in 0 blocks
==5491==      possibly lost: 0 bytes in 0 blocks
==5491==    still reachable: 0 bytes in 0 blocks
==5491==         suppressed: 72,704 bytes in 1 blocks
==5491== 
==5491== For counts of detected and suppressed errors, rerun with: -v
==5491== ERROR SUMMARY: 0 errors from 0 contexts (suppressed: 0 from 0)
<end of output>
Test time =   0.86 sec
----------------------------------------------------------
Test Failed.
"HeapTest.ThreeElementPush_10_5_0" end time: Mar 31 16:32 PDT
"HeapTest.ThreeElementPush_10_5_0" time elapsed: 00:00:00
----------------------------------------------------------

18/21 Testing: HeapTest.GreaterComparator
18/21 Test: HeapTest.GreaterComparator
Command: "/usr/bin/valgrind" "--tool=memcheck" "--leak-check=yes" "--trace-children=no" "--error-exitcode=113" "/home/cs104/cs104hw/hw-jesalisb/hw6/hw6_heap_checker/heap_tests/heap_tests" "--gtest_filter=HeapTest.GreaterComparator"
Directory: /home/cs104/cs104hw/hw-jesalisb/hw6/hw6_heap_checker/heap_tests
"HeapTest.GreaterComparator" start time: Mar 31 16:32 PDT
Output:
----------------------------------------------------------
==5492== Memcheck, a memory error detector
==5492== Copyright (C) 2002-2017, and GNU GPL'd, by Julian Seward et al.
==5492== Using Valgrind-3.13.0 and LibVEX; rerun with -h for copyright info
==5492== Command: /home/cs104/cs104hw/hw-jesalisb/hw6/hw6_heap_checker/heap_tests/heap_tests --gtest_filter=HeapTest.GreaterComparator
==5492== 
Running main() from gtest_main.cc
Note: Google Test filter = HeapTest.GreaterComparator
[==========] Running 1 test from 1 test case.
[----------] Global test environment set-up.
[----------] 1 test from HeapTest
[ RUN      ] HeapTest.GreaterComparator
[       OK ] HeapTest.GreaterComparator (24 ms)
[----------] 1 test from HeapTest (30 ms total)

[----------] Global test environment tear-down
[==========] 1 test from 1 test case ran. (61 ms total)
[  PASSED  ] 1 test.
==5492== 
==5492== HEAP SUMMARY:
==5492==     in use at exit: 72,704 bytes in 1 blocks
==5492==   total heap usage: 331 allocs, 330 frees, 129,483 bytes allocated
==5492== 
==5492== LEAK SUMMARY:
==5492==    definitely lost: 0 bytes in 0 blocks
==5492==    indirectly lost: 0 bytes in 0 blocks
==5492==      possibly lost: 0 bytes in 0 blocks
==5492==    still reachable: 0 bytes in 0 blocks
==5492==         suppressed: 72,704 bytes in 1 blocks
==5492== 
==5492== For counts of detected and suppressed errors, rerun with: -v
==5492== ERROR SUMMARY: 0 errors from 0 contexts (suppressed: 0 from 0)
<end of output>
Test time =   0.82 sec
----------------------------------------------------------
Test Passed.
"HeapTest.GreaterComparator" end time: Mar 31 16:32 PDT
"HeapTest.GreaterComparator" time elapsed: 00:00:00
----------------------------------------------------------

19/21 Testing: HeapTest.StringStorage
19/21 Test: HeapTest.StringStorage
Command: "/usr/bin/valgrind" "--tool=memcheck" "--leak-check=yes" "--trace-children=no" "--error-exitcode=113" "/home/cs104/cs104hw/hw-jesalisb/hw6/hw6_heap_checker/heap_tests/heap_tests" "--gtest_filter=HeapTest.StringStorage"
Directory: /home/cs104/cs104hw/hw-jesalisb/hw6/hw6_heap_checker/heap_tests
"HeapTest.StringStorage" start time: Mar 31 16:32 PDT
Output:
----------------------------------------------------------
==5493== Memcheck, a memory error detector
==5493== Copyright (C) 2002-2017, and GNU GPL'd, by Julian Seward et al.
==5493== Using Valgrind-3.13.0 and LibVEX; rerun with -h for copyright info
==5493== Command: /home/cs104/cs104hw/hw-jesalisb/hw6/hw6_heap_checker/heap_tests/heap_tests --gtest_filter=HeapTest.StringStorage
==5493== 
Running main() from gtest_main.cc
Note: Google Test filter = HeapTest.StringStorage
[==========] Running 1 test from 1 test case.
[----------] Global test environment set-up.
[----------] 1 test from HeapTest
[ RUN      ] HeapTest.StringStorage
[       OK ] HeapTest.StringStorage (29 ms)
[----------] 1 test from HeapTest (36 ms total)

[----------] Global test environment tear-down
[==========] 1 test from 1 test case ran. (66 ms total)
[  PASSED  ] 1 test.
==5493== 
==5493== HEAP SUMMARY:
==5493==     in use at exit: 72,704 bytes in 1 blocks
==5493==   total heap usage: 331 allocs, 330 frees, 129,651 bytes allocated
==5493== 
==5493== LEAK SUMMARY:
==5493==    definitely lost: 0 bytes in 0 blocks
==5493==    indirectly lost: 0 bytes in 0 blocks
==5493==      possibly lost: 0 bytes in 0 blocks
==5493==    still reachable: 0 bytes in 0 blocks
==5493==         suppressed: 72,704 bytes in 1 blocks
==5493== 
==5493== For counts of detected and suppressed errors, rerun with: -v
==5493== ERROR SUMMARY: 0 errors from 0 contexts (suppressed: 0 from 0)
<end of output>
Test time =   0.84 sec
----------------------------------------------------------
Test Passed.
"HeapTest.StringStorage" end time: Mar 31 16:32 PDT
"HeapTest.StringStorage" time elapsed: 00:00:00
----------------------------------------------------------

20/21 Testing: HeapTest.FiveElementPush_TrinaryHeap
20/21 Test: HeapTest.FiveElementPush_TrinaryHeap
Command: "/usr/bin/valgrind" "--tool=memcheck" "--leak-check=yes" "--trace-children=no" "--error-exitcode=113" "/home/cs104/cs104hw/hw-jesalisb/hw6/hw6_heap_checker/heap_tests/heap_tests" "--gtest_filter=HeapTest.FiveElementPush_TrinaryHeap"
Directory: /home/cs104/cs104hw/hw-jesalisb/hw6/hw6_heap_checker/heap_tests
"HeapTest.FiveElementPush_TrinaryHeap" start time: Mar 31 16:32 PDT
Output:
----------------------------------------------------------
==5494== Memcheck, a memory error detector
==5494== Copyright (C) 2002-2017, and GNU GPL'd, by Julian Seward et al.
==5494== Using Valgrind-3.13.0 and LibVEX; rerun with -h for copyright info
==5494== Command: /home/cs104/cs104hw/hw-jesalisb/hw6/hw6_heap_checker/heap_tests/heap_tests --gtest_filter=HeapTest.FiveElementPush_TrinaryHeap
==5494== 
Running main() from gtest_main.cc
Note: Google Test filter = HeapTest.FiveElementPush_TrinaryHeap
[==========] Running 1 test from 1 test case.
[----------] Global test environment set-up.
[----------] 1 test from HeapTest
[ RUN      ] HeapTest.FiveElementPush_TrinaryHeap
[       OK ] HeapTest.FiveElementPush_TrinaryHeap (28 ms)
[----------] 1 test from HeapTest (34 ms total)

[----------] Global test environment tear-down
[==========] 1 test from 1 test case ran. (64 ms total)
[  PASSED  ] 1 test.
==5494== 
==5494== HEAP SUMMARY:
==5494==     in use at exit: 72,704 bytes in 1 blocks
==5494==   total heap usage: 332 allocs, 331 frees, 129,723 bytes allocated
==5494== 
==5494== LEAK SUMMARY:
==5494==    definitely lost: 0 bytes in 0 blocks
==5494==    indirectly lost: 0 bytes in 0 blocks
==5494==      possibly lost: 0 bytes in 0 blocks
==5494==    still reachable: 0 bytes in 0 blocks
==5494==         suppressed: 72,704 bytes in 1 blocks
==5494== 
==5494== For counts of detected and suppressed errors, rerun with: -v
==5494== ERROR SUMMARY: 0 errors from 0 contexts (suppressed: 0 from 0)
<end of output>
Test time =   0.84 sec
----------------------------------------------------------
Test Passed.
"HeapTest.FiveElementPush_TrinaryHeap" end time: Mar 31 16:32 PDT
"HeapTest.FiveElementPush_TrinaryHeap" time elapsed: 00:00:00
----------------------------------------------------------

21/21 Testing: HeapStress.50x50RandomElements_QuaternaryHeap
21/21 Test: HeapStress.50x50RandomElements_QuaternaryHeap
Command: "/usr/bin/valgrind" "--tool=memcheck" "--leak-check=yes" "--trace-children=no" "--error-exitcode=113" "/home/cs104/cs104hw/hw-jesalisb/hw6/hw6_heap_checker/heap_tests/heap_tests" "--gtest_filter=HeapStress.50x50RandomElements_QuaternaryHeap"
Directory: /home/cs104/cs104hw/hw-jesalisb/hw6/hw6_heap_checker/heap_tests
"HeapStress.50x50RandomElements_QuaternaryHeap" start time: Mar 31 16:32 PDT
Output:
----------------------------------------------------------
==5495== Memcheck, a memory error detector
==5495== Copyright (C) 2002-2017, and GNU GPL'd, by Julian Seward et al.
==5495== Using Valgrind-3.13.0 and LibVEX; rerun with -h for copyright info
==5495== Command: /home/cs104/cs104hw/hw-jesalisb/hw6/hw6_heap_checker/heap_tests/heap_tests --gtest_filter=HeapStress.50x50RandomElements_QuaternaryHeap
==5495== 
Running main() from gtest_main.cc
Note: Google Test filter = HeapStress.50x50RandomElements_QuaternaryHeap
[==========] Running 1 test from 1 test case.
[----------] Global test environment set-up.
[----------] 1 test from HeapStress
[ RUN      ] HeapStress.50x50RandomElements_QuaternaryHeap
==5495== Invalid read of size 4
==5495==    at 0x40D20E: std::less<int>::operator()(int const&, int const&) const (stl_function.h:387)
==5495==    by 0x40BD17: Heap<int, std::less<int> >::heapify(int) (heap.h:79)
==5495==    by 0x40AD09: Heap<int, std::less<int> >::push(int const&) (heap.h:162)
==5495==    by 0x408E18: HeapStress_50x50RandomElements_QuaternaryHeap_Test::TestBody() (heap_tests.cpp:319)
==5495==    by 0x4393C2: void testing::internal::HandleExceptionsInMethodIfSupported<testing::Test, void>(testing::Test*, void (testing::Test::*)(), char const*) (in /home/cs104/cs104hw/hw-jesalisb/hw6/hw6_heap_checker/heap_tests/heap_tests)
==5495==    by 0x431103: testing::Test::Run() [clone .part.368] (in /home/cs104/cs104hw/hw-jesalisb/hw6/hw6_heap_checker/heap_tests/heap_tests)
==5495==    by 0x4313BC: testing::TestInfo::Run() [clone .part.369] (in /home/cs104/cs104hw/hw-jesalisb/hw6/hw6_heap_checker/heap_tests/heap_tests)
==5495==    by 0x4315A4: testing::TestCase::Run() [clone .part.370] (in /home/cs104/cs104hw/hw-jesalisb/hw6/hw6_heap_checker/heap_tests/heap_tests)
==5495==    by 0x433A50: testing::internal::UnitTestImpl::RunAllTests() [clone .part.371] [clone .constprop.426] (in /home/cs104/cs104hw/hw-jesalisb/hw6/hw6_heap_checker/heap_tests/heap_tests)
==5495==    by 0x433E60: testing::UnitTest::Run() (in /home/cs104/cs104hw/hw-jesalisb/hw6/hw6_heap_checker/heap_tests/heap_tests)
==5495==    by 0x404BCF: main (in /home/cs104/cs104hw/hw-jesalisb/hw6/hw6_heap_checker/heap_tests/heap_tests)
==5495==  Address 0x5ce72a8 is 0 bytes after a block of size 8 alloc'd
==5495==    at 0x4C2E17F: operator new(unsigned long) (in /usr/lib/valgrind/vgpreload_memcheck-amd64-linux.so)
==5495==    by 0x41046F: __gnu_cxx::new_allocator<int>::allocate(unsigned long, void const*) (new_allocator.h:104)
==5495==    by 0x40F96B: std::allocator_traits<std::allocator<int> >::allocate(std::allocator<int>&, unsigned long) (alloc_traits.h:491)
==5495==    by 0x40E75D: std::_Vector_base<int, std::allocator<int> >::_M_allocate(unsigned long) (stl_vector.h:170)
==5495==    by 0x40D2B7: void std::vector<int, std::allocator<int> >::_M_emplace_back_aux<int const&>(int const&) (vector.tcc:412)
==5495==    by 0x40BEE2: std::vector<int, std::allocator<int> >::push_back(int const&) (stl_vector.h:923)
==5495==    by 0x40ACAE: Heap<int, std::less<int> >::push(int const&) (heap.h:152)
==5495==    by 0x408E18: HeapStress_50x50RandomElements_QuaternaryHeap_Test::TestBody() (heap_tests.cpp:319)
==5495==    by 0x4393C2: void testing::internal::HandleExceptionsInMethodIfSupported<testing::Test, void>(testing::Test*, void (testing::Test::*)(), char const*) (in /home/cs104/cs104hw/hw-jesalisb/hw6/hw6_heap_checker/heap_tests/heap_tests)
==5495==    by 0x431103: testing::Test::Run() [clone .part.368] (in /home/cs104/cs104hw/hw-jesalisb/hw6/hw6_heap_checker/heap_tests/heap_tests)
==5495==    by 0x4313BC: testing::TestInfo::Run() [clone .part.369] (in /home/cs104/cs104hw/hw-jesalisb/hw6/hw6_heap_checker/heap_tests/heap_tests)
==5495==    by 0x4315A4: testing::TestCase::Run() [clone .part.370] (in /home/cs104/cs104hw/hw-jesalisb/hw6/hw6_heap_checker/heap_tests/heap_tests)
==5495== 
==5495== Invalid read of size 4
==5495==    at 0x40BD43: Heap<int, std::less<int> >::heapify(int) (heap.h:81)
==5495==    by 0x40AD09: Heap<int, std::less<int> >::push(int const&) (heap.h:162)
==5495==    by 0x408E18: HeapStress_50x50RandomElements_QuaternaryHeap_Test::TestBody() (heap_tests.cpp:319)
==5495==    by 0x4393C2: void testing::internal::HandleExceptionsInMethodIfSupported<testing::Test, void>(testing::Test*, void (testing::Test::*)(), char const*) (in /home/cs104/cs104hw/hw-jesalisb/hw6/hw6_heap_checker/heap_tests/heap_tests)
==5495==    by 0x431103: testing::Test::Run() [clone .part.368] (in /home/cs104/cs104hw/hw-jesalisb/hw6/hw6_heap_checker/heap_tests/heap_tests)
==5495==    by 0x4313BC: testing::TestInfo::Run() [clone .part.369] (in /home/cs104/cs104hw/hw-jesalisb/hw6/hw6_heap_checker/heap_tests/heap_tests)
==5495==    by 0x4315A4: testing::TestCase::Run() [clone .part.370] (in /home/cs104/cs104hw/hw-jesalisb/hw6/hw6_heap_checker/heap_tests/heap_tests)
==5495==    by 0x433A50: testing::internal::UnitTestImpl::RunAllTests() [clone .part.371] [clone .constprop.426] (in /home/cs104/cs104hw/hw-jesalisb/hw6/hw6_heap_checker/heap_tests/heap_tests)
==5495==    by 0x433E60: testing::UnitTest::Run() (in /home/cs104/cs104hw/hw-jesalisb/hw6/hw6_heap_checker/heap_tests/heap_tests)
==5495==    by 0x404BCF: main (in /home/cs104/cs104hw/hw-jesalisb/hw6/hw6_heap_checker/heap_tests/heap_tests)
==5495==  Address 0x5ce72a8 is 0 bytes after a block of size 8 alloc'd
==5495==    at 0x4C2E17F: operator new(unsigned long) (in /usr/lib/valgrind/vgpreload_memcheck-amd64-linux.so)
==5495==    by 0x41046F: __gnu_cxx::new_allocator<int>::allocate(unsigned long, void const*) (new_allocator.h:104)
==5495==    by 0x40F96B: std::allocator_traits<std::allocator<int> >::allocate(std::allocator<int>&, unsigned long) (alloc_traits.h:491)
==5495==    by 0x40E75D: std::_Vector_base<int, std::allocator<int> >::_M_allocate(unsigned long) (stl_vector.h:170)
==5495==    by 0x40D2B7: void std::vector<int, std::allocator<int> >::_M_emplace_back_aux<int const&>(int const&) (vector.tcc:412)
==5495==    by 0x40BEE2: std::vector<int, std::allocator<int> >::push_back(int const&) (stl_vector.h:923)
==5495==    by 0x40ACAE: Heap<int, std::less<int> >::push(int const&) (heap.h:152)
==5495==    by 0x408E18: HeapStress_50x50RandomElements_QuaternaryHeap_Test::TestBody() (heap_tests.cpp:319)
==5495==    by 0x4393C2: void testing::internal::HandleExceptionsInMethodIfSupported<testing::Test, void>(testing::Test*, void (testing::Test::*)(), char const*) (in /home/cs104/cs104hw/hw-jesalisb/hw6/hw6_heap_checker/heap_tests/heap_tests)
==5495==    by 0x431103: testing::Test::Run() [clone .part.368] (in /home/cs104/cs104hw/hw-jesalisb/hw6/hw6_heap_checker/heap_tests/heap_tests)
==5495==    by 0x4313BC: testing::TestInfo::Run() [clone .part.369] (in /home/cs104/cs104hw/hw-jesalisb/hw6/hw6_heap_checker/heap_tests/heap_tests)
==5495==    by 0x4315A4: testing::TestCase::Run() [clone .part.370] (in /home/cs104/cs104hw/hw-jesalisb/hw6/hw6_heap_checker/heap_tests/heap_tests)
==5495== 
==5495== Invalid write of size 4
==5495==    at 0x40BD95: Heap<int, std::less<int> >::heapify(int) (heap.h:86)
==5495==    by 0x40AD09: Heap<int, std::less<int> >::push(int const&) (heap.h:162)
==5495==    by 0x408E18: HeapStress_50x50RandomElements_QuaternaryHeap_Test::TestBody() (heap_tests.cpp:319)
==5495==    by 0x4393C2: void testing::internal::HandleExceptionsInMethodIfSupported<testing::Test, void>(testing::Test*, void (testing::Test::*)(), char const*) (in /home/cs104/cs104hw/hw-jesalisb/hw6/hw6_heap_checker/heap_tests/heap_tests)
==5495==    by 0x431103: testing::Test::Run() [clone .part.368] (in /home/cs104/cs104hw/hw-jesalisb/hw6/hw6_heap_checker/heap_tests/heap_tests)
==5495==    by 0x4313BC: testing::TestInfo::Run() [clone .part.369] (in /home/cs104/cs104hw/hw-jesalisb/hw6/hw6_heap_checker/heap_tests/heap_tests)
==5495==    by 0x4315A4: testing::TestCase::Run() [clone .part.370] (in /home/cs104/cs104hw/hw-jesalisb/hw6/hw6_heap_checker/heap_tests/heap_tests)
==5495==    by 0x433A50: testing::internal::UnitTestImpl::RunAllTests() [clone .part.371] [clone .constprop.426] (in /home/cs104/cs104hw/hw-jesalisb/hw6/hw6_heap_checker/heap_tests/heap_tests)
==5495==    by 0x433E60: testing::UnitTest::Run() (in /home/cs104/cs104hw/hw-jesalisb/hw6/hw6_heap_checker/heap_tests/heap_tests)
==5495==    by 0x404BCF: main (in /home/cs104/cs104hw/hw-jesalisb/hw6/hw6_heap_checker/heap_tests/heap_tests)
==5495==  Address 0x5ce72ac is 4 bytes after a block of size 8 alloc'd
==5495==    at 0x4C2E17F: operator new(unsigned long) (in /usr/lib/valgrind/vgpreload_memcheck-amd64-linux.so)
==5495==    by 0x41046F: __gnu_cxx::new_allocator<int>::allocate(unsigned long, void const*) (new_allocator.h:104)
==5495==    by 0x40F96B: std::allocator_traits<std::allocator<int> >::allocate(std::allocator<int>&, unsigned long) (alloc_traits.h:491)
==5495==    by 0x40E75D: std::_Vector_base<int, std::allocator<int> >::_M_allocate(unsigned long) (stl_vector.h:170)
==5495==    by 0x40D2B7: void std::vector<int, std::allocator<int> >::_M_emplace_back_aux<int const&>(int const&) (vector.tcc:412)
==5495==    by 0x40BEE2: std::vector<int, std::allocator<int> >::push_back(int const&) (stl_vector.h:923)
==5495==    by 0x40ACAE: Heap<int, std::less<int> >::push(int const&) (heap.h:152)
==5495==    by 0x408E18: HeapStress_50x50RandomElements_QuaternaryHeap_Test::TestBody() (heap_tests.cpp:319)
==5495==    by 0x4393C2: void testing::internal::HandleExceptionsInMethodIfSupported<testing::Test, void>(testing::Test*, void (testing::Test::*)(), char const*) (in /home/cs104/cs104hw/hw-jesalisb/hw6/hw6_heap_checker/heap_tests/heap_tests)
==5495==    by 0x431103: testing::Test::Run() [clone .part.368] (in /home/cs104/cs104hw/hw-jesalisb/hw6/hw6_heap_checker/heap_tests/heap_tests)
==5495==    by 0x4313BC: testing::TestInfo::Run() [clone .part.369] (in /home/cs104/cs104hw/hw-jesalisb/hw6/hw6_heap_checker/heap_tests/heap_tests)
==5495==    by 0x4315A4: testing::TestCase::Run() [clone .part.370] (in /home/cs104/cs104hw/hw-jesalisb/hw6/hw6_heap_checker/heap_tests/heap_tests)
==5495== 
==5495== Conditional jump or move depends on uninitialised value(s)
==5495==    at 0x40BD1D: Heap<int, std::less<int> >::heapify(int) (heap.h:79)
==5495==    by 0x40AD09: Heap<int, std::less<int> >::push(int const&) (heap.h:162)
==5495==    by 0x408E18: HeapStress_50x50RandomElements_QuaternaryHeap_Test::TestBody() (heap_tests.cpp:319)
==5495==    by 0x4393C2: void testing::internal::HandleExceptionsInMethodIfSupported<testing::Test, void>(testing::Test*, void (testing::Test::*)(), char const*) (in /home/cs104/cs104hw/hw-jesalisb/hw6/hw6_heap_checker/heap_tests/heap_tests)
==5495==    by 0x431103: testing::Test::Run() [clone .part.368] (in /home/cs104/cs104hw/hw-jesalisb/hw6/hw6_heap_checker/heap_tests/heap_tests)
==5495==    by 0x4313BC: testing::TestInfo::Run() [clone .part.369] (in /home/cs104/cs104hw/hw-jesalisb/hw6/hw6_heap_checker/heap_tests/heap_tests)
==5495==    by 0x4315A4: testing::TestCase::Run() [clone .part.370] (in /home/cs104/cs104hw/hw-jesalisb/hw6/hw6_heap_checker/heap_tests/heap_tests)
==5495==    by 0x433A50: testing::internal::UnitTestImpl::RunAllTests() [clone .part.371] [clone .constprop.426] (in /home/cs104/cs104hw/hw-jesalisb/hw6/hw6_heap_checker/heap_tests/heap_tests)
==5495==    by 0x433E60: testing::UnitTest::Run() (in /home/cs104/cs104hw/hw-jesalisb/hw6/hw6_heap_checker/heap_tests/heap_tests)
==5495==    by 0x404BCF: main (in /home/cs104/cs104hw/hw-jesalisb/hw6/hw6_heap_checker/heap_tests/heap_tests)
==5495== 
==5495== Conditional jump or move depends on uninitialised value(s)
==5495==    at 0x40BC7F: Heap<int, std::less<int> >::heapify(int) (heap.h:58)
==5495==    by 0x40AD09: Heap<int, std::less<int> >::push(int const&) (heap.h:162)
==5495==    by 0x408E18: HeapStress_50x50RandomElements_QuaternaryHeap_Test::TestBody() (heap_tests.cpp:319)
==5495==    by 0x4393C2: void testing::internal::HandleExceptionsInMethodIfSupported<testing::Test, void>(testing::Test*, void (testing::Test::*)(), char const*) (in /home/cs104/cs104hw/hw-jesalisb/hw6/hw6_heap_checker/heap_tests/heap_tests)
==5495==    by 0x431103: testing::Test::Run() [clone .part.368] (in /home/cs104/cs104hw/hw-jesalisb/hw6/hw6_heap_checker/heap_tests/heap_tests)
==5495==    by 0x4313BC: testing::TestInfo::Run() [clone .part.369] (in /home/cs104/cs104hw/hw-jesalisb/hw6/hw6_heap_checker/heap_tests/heap_tests)
==5495==    by 0x4315A4: testing::TestCase::Run() [clone .part.370] (in /home/cs104/cs104hw/hw-jesalisb/hw6/hw6_heap_checker/heap_tests/heap_tests)
==5495==    by 0x433A50: testing::internal::UnitTestImpl::RunAllTests() [clone .part.371] [clone .constprop.426] (in /home/cs104/cs104hw/hw-jesalisb/hw6/hw6_heap_checker/heap_tests/heap_tests)
==5495==    by 0x433E60: testing::UnitTest::Run() (in /home/cs104/cs104hw/hw-jesalisb/hw6/hw6_heap_checker/heap_tests/heap_tests)
==5495==    by 0x404BCF: main (in /home/cs104/cs104hw/hw-jesalisb/hw6/hw6_heap_checker/heap_tests/heap_tests)
==5495== 
/home/cs104/cs104hw/hw-jesalisb/hw6/hw6_heap_checker/heap_tests/heap_tests.cpp:322: Failure
Value of: checkHeapContents(heap, data)
  Actual: false (Incorrect element value after removing 0 elements!  Was 0, expected 30)
Expected: true
/home/cs104/cs104hw/hw-jesalisb/hw6/hw6_heap_checker/heap_tests/heap_tests.cpp:322: Failure
Value of: checkHeapContents(heap, data)
  Actual: false (Incorrect element value after removing 0 elements!  Was 55, expected 15)
Expected: true
==5495== Conditional jump or move depends on uninitialised value(s)
==5495==    at 0x405117: checkHeapContents(Heap<int, std::less<int> >&, std::vector<int, std::allocator<int> >) (heap_tests.cpp:65)
==5495==    by 0x408E59: HeapStress_50x50RandomElements_QuaternaryHeap_Test::TestBody() (heap_tests.cpp:322)
==5495==    by 0x4393C2: void testing::internal::HandleExceptionsInMethodIfSupported<testing::Test, void>(testing::Test*, void (testing::Test::*)(), char const*) (in /home/cs104/cs104hw/hw-jesalisb/hw6/hw6_heap_checker/heap_tests/heap_tests)
==5495==    by 0x431103: testing::Test::Run() [clone .part.368] (in /home/cs104/cs104hw/hw-jesalisb/hw6/hw6_heap_checker/heap_tests/heap_tests)
==5495==    by 0x4313BC: testing::TestInfo::Run() [clone .part.369] (in /home/cs104/cs104hw/hw-jesalisb/hw6/hw6_heap_checker/heap_tests/heap_tests)
==5495==    by 0x4315A4: testing::TestCase::Run() [clone .part.370] (in /home/cs104/cs104hw/hw-jesalisb/hw6/hw6_heap_checker/heap_tests/heap_tests)
==5495==    by 0x433A50: testing::internal::UnitTestImpl::RunAllTests() [clone .part.371] [clone .constprop.426] (in /home/cs104/cs104hw/hw-jesalisb/hw6/hw6_heap_checker/heap_tests/heap_tests)
==5495==    by 0x433E60: testing::UnitTest::Run() (in /home/cs104/cs104hw/hw-jesalisb/hw6/hw6_heap_checker/heap_tests/heap_tests)
==5495==    by 0x404BCF: main (in /home/cs104/cs104hw/hw-jesalisb/hw6/hw6_heap_checker/heap_tests/heap_tests)
==5495== 
==5495== Conditional jump or move depends on uninitialised value(s)
==5495==    at 0x5159CAE: std::ostreambuf_iterator<char, std::char_traits<char> > std::num_put<char, std::ostreambuf_iterator<char, std::char_traits<char> > >::_M_insert_int<long>(std::ostreambuf_iterator<char, std::char_traits<char> >, std::ios_base&, char, long) const (in /usr/lib/x86_64-linux-gnu/libstdc++.so.6.0.21)
==5495==    by 0x5159EDC: std::num_put<char, std::ostreambuf_iterator<char, std::char_traits<char> > >::do_put(std::ostreambuf_iterator<char, std::char_traits<char> >, std::ios_base&, char, long) const (in /usr/lib/x86_64-linux-gnu/libstdc++.so.6.0.21)
==5495==    by 0x51663F9: std::ostream& std::ostream::_M_insert<long>(long) (in /usr/lib/x86_64-linux-gnu/libstdc++.so.6.0.21)
==5495==    by 0x40BB0C: testing::Message& testing::Message::operator<< <int>(int const&) (gtest-message.h:131)
==5495==    by 0x40A95A: testing::AssertionResult& testing::AssertionResult::operator<< <int>(int const&) (gtest.h:283)
==5495==    by 0x405188: checkHeapContents(Heap<int, std::less<int> >&, std::vector<int, std::allocator<int> >) (heap_tests.cpp:67)
==5495==    by 0x408E59: HeapStress_50x50RandomElements_QuaternaryHeap_Test::TestBody() (heap_tests.cpp:322)
==5495==    by 0x4393C2: void testing::internal::HandleExceptionsInMethodIfSupported<testing::Test, void>(testing::Test*, void (testing::Test::*)(), char const*) (in /home/cs104/cs104hw/hw-jesalisb/hw6/hw6_heap_checker/heap_tests/heap_tests)
==5495==    by 0x431103: testing::Test::Run() [clone .part.368] (in /home/cs104/cs104hw/hw-jesalisb/hw6/hw6_heap_checker/heap_tests/heap_tests)
==5495==    by 0x4313BC: testing::TestInfo::Run() [clone .part.369] (in /home/cs104/cs104hw/hw-jesalisb/hw6/hw6_heap_checker/heap_tests/heap_tests)
==5495==    by 0x4315A4: testing::TestCase::Run() [clone .part.370] (in /home/cs104/cs104hw/hw-jesalisb/hw6/hw6_heap_checker/heap_tests/heap_tests)
==5495==    by 0x433A50: testing::internal::UnitTestImpl::RunAllTests() [clone .part.371] [clone .constprop.426] (in /home/cs104/cs104hw/hw-jesalisb/hw6/hw6_heap_checker/heap_tests/heap_tests)
==5495== 
==5495== Use of uninitialised value of size 8
==5495==    at 0x5158B13: ??? (in /usr/lib/x86_64-linux-gnu/libstdc++.so.6.0.21)
==5495==    by 0x5159CD9: std::ostreambuf_iterator<char, std::char_traits<char> > std::num_put<char, std::ostreambuf_iterator<char, std::char_traits<char> > >::_M_insert_int<long>(std::ostreambuf_iterator<char, std::char_traits<char> >, std::ios_base&, char, long) const (in /usr/lib/x86_64-linux-gnu/libstdc++.so.6.0.21)
==5495==    by 0x5159EDC: std::num_put<char, std::ostreambuf_iterator<char, std::char_traits<char> > >::do_put(std::ostreambuf_iterator<char, std::char_traits<char> >, std::ios_base&, char, long) const (in /usr/lib/x86_64-linux-gnu/libstdc++.so.6.0.21)
==5495==    by 0x51663F9: std::ostream& std::ostream::_M_insert<long>(long) (in /usr/lib/x86_64-linux-gnu/libstdc++.so.6.0.21)
==5495==    by 0x40BB0C: testing::Message& testing::Message::operator<< <int>(int const&) (gtest-message.h:131)
==5495==    by 0x40A95A: testing::AssertionResult& testing::AssertionResult::operator<< <int>(int const&) (gtest.h:283)
==5495==    by 0x405188: checkHeapContents(Heap<int, std::less<int> >&, std::vector<int, std::allocator<int> >) (heap_tests.cpp:67)
==5495==    by 0x408E59: HeapStress_50x50RandomElements_QuaternaryHeap_Test::TestBody() (heap_tests.cpp:322)
==5495==    by 0x4393C2: void testing::internal::HandleExceptionsInMethodIfSupported<testing::Test, void>(testing::Test*, void (testing::Test::*)(), char const*) (in /home/cs104/cs104hw/hw-jesalisb/hw6/hw6_heap_checker/heap_tests/heap_tests)
==5495==    by 0x431103: testing::Test::Run() [clone .part.368] (in /home/cs104/cs104hw/hw-jesalisb/hw6/hw6_heap_checker/heap_tests/heap_tests)
==5495==    by 0x4313BC: testing::TestInfo::Run() [clone .part.369] (in /home/cs104/cs104hw/hw-jesalisb/hw6/hw6_heap_checker/heap_tests/heap_tests)
==5495==    by 0x4315A4: testing::TestCase::Run() [clone .part.370] (in /home/cs104/cs104hw/hw-jesalisb/hw6/hw6_heap_checker/heap_tests/heap_tests)
==5495== 
==5495== Conditional jump or move depends on uninitialised value(s)
==5495==    at 0x5158B1F: ??? (in /usr/lib/x86_64-linux-gnu/libstdc++.so.6.0.21)
==5495==    by 0x5159CD9: std::ostreambuf_iterator<char, std::char_traits<char> > std::num_put<char, std::ostreambuf_iterator<char, std::char_traits<char> > >::_M_insert_int<long>(std::ostreambuf_iterator<char, std::char_traits<char> >, std::ios_base&, char, long) const (in /usr/lib/x86_64-linux-gnu/libstdc++.so.6.0.21)
==5495==    by 0x5159EDC: std::num_put<char, std::ostreambuf_iterator<char, std::char_traits<char> > >::do_put(std::ostreambuf_iterator<char, std::char_traits<char> >, std::ios_base&, char, long) const (in /usr/lib/x86_64-linux-gnu/libstdc++.so.6.0.21)
==5495==    by 0x51663F9: std::ostream& std::ostream::_M_insert<long>(long) (in /usr/lib/x86_64-linux-gnu/libstdc++.so.6.0.21)
==5495==    by 0x40BB0C: testing::Message& testing::Message::operator<< <int>(int const&) (gtest-message.h:131)
==5495==    by 0x40A95A: testing::AssertionResult& testing::AssertionResult::operator<< <int>(int const&) (gtest.h:283)
==5495==    by 0x405188: checkHeapContents(Heap<int, std::less<int> >&, std::vector<int, std::allocator<int> >) (heap_tests.cpp:67)
==5495==    by 0x408E59: HeapStress_50x50RandomElements_QuaternaryHeap_Test::TestBody() (heap_tests.cpp:322)
==5495==    by 0x4393C2: void testing::internal::HandleExceptionsInMethodIfSupported<testing::Test, void>(testing::Test*, void (testing::Test::*)(), char const*) (in /home/cs104/cs104hw/hw-jesalisb/hw6/hw6_heap_checker/heap_tests/heap_tests)
==5495==    by 0x431103: testing::Test::Run() [clone .part.368] (in /home/cs104/cs104hw/hw-jesalisb/hw6/hw6_heap_checker/heap_tests/heap_tests)
==5495==    by 0x4313BC: testing::TestInfo::Run() [clone .part.369] (in /home/cs104/cs104hw/hw-jesalisb/hw6/hw6_heap_checker/heap_tests/heap_tests)
==5495==    by 0x4315A4: testing::TestCase::Run() [clone .part.370] (in /home/cs104/cs104hw/hw-jesalisb/hw6/hw6_heap_checker/heap_tests/heap_tests)
==5495== 
==5495== Conditional jump or move depends on uninitialised value(s)
==5495==    at 0x5159D0C: std::ostreambuf_iterator<char, std::char_traits<char> > std::num_put<char, std::ostreambuf_iterator<char, std::char_traits<char> > >::_M_insert_int<long>(std::ostreambuf_iterator<char, std::char_traits<char> >, std::ios_base&, char, long) const (in /usr/lib/x86_64-linux-gnu/libstdc++.so.6.0.21)
==5495==    by 0x5159EDC: std::num_put<char, std::ostreambuf_iterator<char, std::char_traits<char> > >::do_put(std::ostreambuf_iterator<char, std::char_traits<char> >, std::ios_base&, char, long) const (in /usr/lib/x86_64-linux-gnu/libstdc++.so.6.0.21)
==5495==    by 0x51663F9: std::ostream& std::ostream::_M_insert<long>(long) (in /usr/lib/x86_64-linux-gnu/libstdc++.so.6.0.21)
==5495==    by 0x40BB0C: testing::Message& testing::Message::operator<< <int>(int const&) (gtest-message.h:131)
==5495==    by 0x40A95A: testing::AssertionResult& testing::AssertionResult::operator<< <int>(int const&) (gtest.h:283)
==5495==    by 0x405188: checkHeapContents(Heap<int, std::less<int> >&, std::vector<int, std::allocator<int> >) (heap_tests.cpp:67)
==5495==    by 0x408E59: HeapStress_50x50RandomElements_QuaternaryHeap_Test::TestBody() (heap_tests.cpp:322)
==5495==    by 0x4393C2: void testing::internal::HandleExceptionsInMethodIfSupported<testing::Test, void>(testing::Test*, void (testing::Test::*)(), char const*) (in /home/cs104/cs104hw/hw-jesalisb/hw6/hw6_heap_checker/heap_tests/heap_tests)
==5495==    by 0x431103: testing::Test::Run() [clone .part.368] (in /home/cs104/cs104hw/hw-jesalisb/hw6/hw6_heap_checker/heap_tests/heap_tests)
==5495==    by 0x4313BC: testing::TestInfo::Run() [clone .part.369] (in /home/cs104/cs104hw/hw-jesalisb/hw6/hw6_heap_checker/heap_tests/heap_tests)
==5495==    by 0x4315A4: testing::TestCase::Run() [clone .part.370] (in /home/cs104/cs104hw/hw-jesalisb/hw6/hw6_heap_checker/heap_tests/heap_tests)
==5495==    by 0x433A50: testing::internal::UnitTestImpl::RunAllTests() [clone .part.371] [clone .constprop.426] (in /home/cs104/cs104hw/hw-jesalisb/hw6/hw6_heap_checker/heap_tests/heap_tests)
==5495== 
/home/cs104/cs104hw/hw-jesalisb/hw6/hw6_heap_checker/heap_tests/heap_tests.cpp:322: Failure
Value of: checkHeapContents(heap, data)
  Actual: false (Incorrect element value after removing 0 elements!  Was 0, expected 22)
Expected: true
/home/cs104/cs104hw/hw-jesalisb/hw6/hw6_heap_checker/heap_tests/heap_tests.cpp:322: Failure
Value of: checkHeapContents(heap, data)
  Actual: false (Incorrect element value after removing 0 elements!  Was 0, expected 36)
Expected: true
/home/cs104/cs104hw/hw-jesalisb/hw6/hw6_heap_checker/heap_tests/heap_tests.cpp:322: Failure
Value of: checkHeapContents(heap, data)
  Actual: false (Incorrect element value after removing 0 elements!  Was 0, expected 1)
Expected: true
/home/cs104/cs104hw/hw-jesalisb/hw6/hw6_heap_checker/heap_tests/heap_tests.cpp:322: Failure
Value of: checkHeapContents(heap, data)
  Actual: false (Incorrect element value after removing 0 elements!  Was 45, expected 10)
Expected: true
/home/cs104/cs104hw/hw-jesalisb/hw6/hw6_heap_checker/heap_tests/heap_tests.cpp:322: Failure
Value of: checkHeapContents(heap, data)
  Actual: false (Incorrect element value after removing 0 elements!  Was 0, expected 12)
Expected: true
/home/cs104/cs104hw/hw-jesalisb/hw6/hw6_heap_checker/heap_tests/heap_tests.cpp:322: Failure
Value of: checkHeapContents(heap, data)
  Actual: false (Incorrect element value after removing 0 elements!  Was 5, expected 4)
Expected: true
/home/cs104/cs104hw/hw-jesalisb/hw6/hw6_heap_checker/heap_tests/heap_tests.cpp:322: Failure
Value of: checkHeapContents(heap, data)
  Actual: false (Incorrect element value after removing 0 elements!  Was 0, expected 3)
Expected: true
/home/cs104/cs104hw/hw-jesalisb/hw6/hw6_heap_checker/heap_tests/heap_tests.cpp:322: Failure
Value of: checkHeapContents(heap, data)
  Actual: false (Incorrect element value after removing 0 elements!  Was 107, expected 1)
Expected: true
/home/cs104/cs104hw/hw-jesalisb/hw6/hw6_heap_checker/heap_tests/heap_tests.cpp:322: Failure
Value of: checkHeapContents(heap, data)
  Actual: false (Incorrect element value after removing 0 elements!  Was 0, expected 24)
Expected: true
/home/cs104/cs104hw/hw-jesalisb/hw6/hw6_heap_checker/heap_tests/heap_tests.cpp:322: Failure
Value of: checkHeapContents(heap, data)
  Actual: false (Incorrect element value after removing 0 elements!  Was 0, expected 24)
Expected: true
/home/cs104/cs104hw/hw-jesalisb/hw6/hw6_heap_checker/heap_tests/heap_tests.cpp:322: Failure
Value of: checkHeapContents(heap, data)
  Actual: false (Incorrect element value after removing 0 elements!  Was 0, expected 8)
Expected: true
/home/cs104/cs104hw/hw-jesalisb/hw6/hw6_heap_checker/heap_tests/heap_tests.cpp:322: Failure
Value of: checkHeapContents(heap, data)
  Actual: false (Incorrect element value after removing 0 elements!  Was 0, expected 6)
Expected: true
/home/cs104/cs104hw/hw-jesalisb/hw6/hw6_heap_checker/heap_tests/heap_tests.cpp:322: Failure
Value of: checkHeapContents(heap, data)
  Actual: false (Incorrect element value after removing 0 elements!  Was 92, expected 0)
Expected: true
/home/cs104/cs104hw/hw-jesalisb/hw6/hw6_heap_checker/heap_tests/heap_tests.cpp:322: Failure
Value of: checkHeapContents(heap, data)
  Actual: false (Incorrect element value after removing 0 elements!  Was 0, expected 26)
Expected: true
/home/cs104/cs104hw/hw-jesalisb/hw6/hw6_heap_checker/heap_tests/heap_tests.cpp:322: Failure
Value of: checkHeapContents(heap, data)
  Actual: false (Incorrect element value after removing 0 elements!  Was 46, expected 4)
Expected: true
/home/cs104/cs104hw/hw-jesalisb/hw6/hw6_heap_checker/heap_tests/heap_tests.cpp:322: Failure
Value of: checkHeapContents(heap, data)
  Actual: false (Incorrect element value after removing 0 elements!  Was 0, expected 36)
Expected: true
/home/cs104/cs104hw/hw-jesalisb/hw6/hw6_heap_checker/heap_tests/heap_tests.cpp:322: Failure
Value of: checkHeapContents(heap, data)
  Actual: false (Incorrect element value after removing 0 elements!  Was 0, expected 9)
Expected: true
/home/cs104/cs104hw/hw-jesalisb/hw6/hw6_heap_checker/heap_tests/heap_tests.cpp:322: Failure
Value of: checkHeapContents(heap, data)
  Actual: false (Incorrect element value after removing 0 elements!  Was 0, expected 28)
Expected: true
/home/cs104/cs104hw/hw-jesalisb/hw6/hw6_heap_checker/heap_tests/heap_tests.cpp:322: Failure
Value of: checkHeapContents(heap, data)
  Actual: false (Incorrect element value after removing 0 elements!  Was 41, expected 2)
Expected: true
/home/cs104/cs104hw/hw-jesalisb/hw6/hw6_heap_checker/heap_tests/heap_tests.cpp:322: Failure
Value of: checkHeapContents(heap, data)
  Actual: false (Incorrect element value after removing 0 elements!  Was 0, expected 2)
Expected: true
==5495== Conditional jump or move depends on uninitialised value(s)
==5495==    at 0x40BC7F: Heap<int, std::less<int> >::heapify(int) (heap.h:58)
==5495==    by 0x40AAEA: Heap<int, std::less<int> >::pop() (heap.h:140)
==5495==    by 0x4051D0: checkHeapContents(Heap<int, std::less<int> >&, std::vector<int, std::allocator<int> >) (heap_tests.cpp:70)
==5495==    by 0x408E59: HeapStress_50x50RandomElements_QuaternaryHeap_Test::TestBody() (heap_tests.cpp:322)
==5495==    by 0x4393C2: void testing::internal::HandleExceptionsInMethodIfSupported<testing::Test, void>(testing::Test*, void (testing::Test::*)(), char const*) (in /home/cs104/cs104hw/hw-jesalisb/hw6/hw6_heap_checker/heap_tests/heap_tests)
==5495==    by 0x431103: testing::Test::Run() [clone .part.368] (in /home/cs104/cs104hw/hw-jesalisb/hw6/hw6_heap_checker/heap_tests/heap_tests)
==5495==    by 0x4313BC: testing::TestInfo::Run() [clone .part.369] (in /home/cs104/cs104hw/hw-jesalisb/hw6/hw6_heap_checker/heap_tests/heap_tests)
==5495==    by 0x4315A4: testing::TestCase::Run() [clone .part.370] (in /home/cs104/cs104hw/hw-jesalisb/hw6/hw6_heap_checker/heap_tests/heap_tests)
==5495==    by 0x433A50: testing::internal::UnitTestImpl::RunAllTests() [clone .part.371] [clone .constprop.426] (in /home/cs104/cs104hw/hw-jesalisb/hw6/hw6_heap_checker/heap_tests/heap_tests)
==5495==    by 0x433E60: testing::UnitTest::Run() (in /home/cs104/cs104hw/hw-jesalisb/hw6/hw6_heap_checker/heap_tests/heap_tests)
==5495==    by 0x404BCF: main (in /home/cs104/cs104hw/hw-jesalisb/hw6/hw6_heap_checker/heap_tests/heap_tests)
==5495== 
==5495== Conditional jump or move depends on uninitialised value(s)
==5495==    at 0x40BD1D: Heap<int, std::less<int> >::heapify(int) (heap.h:79)
==5495==    by 0x40AAEA: Heap<int, std::less<int> >::pop() (heap.h:140)
==5495==    by 0x4051D0: checkHeapContents(Heap<int, std::less<int> >&, std::vector<int, std::allocator<int> >) (heap_tests.cpp:70)
==5495==    by 0x408E59: HeapStress_50x50RandomElements_QuaternaryHeap_Test::TestBody() (heap_tests.cpp:322)
==5495==    by 0x4393C2: void testing::internal::HandleExceptionsInMethodIfSupported<testing::Test, void>(testing::Test*, void (testing::Test::*)(), char const*) (in /home/cs104/cs104hw/hw-jesalisb/hw6/hw6_heap_checker/heap_tests/heap_tests)
==5495==    by 0x431103: testing::Test::Run() [clone .part.368] (in /home/cs104/cs104hw/hw-jesalisb/hw6/hw6_heap_checker/heap_tests/heap_tests)
==5495==    by 0x4313BC: testing::TestInfo::Run() [clone .part.369] (in /home/cs104/cs104hw/hw-jesalisb/hw6/hw6_heap_checker/heap_tests/heap_tests)
==5495==    by 0x4315A4: testing::TestCase::Run() [clone .part.370] (in /home/cs104/cs104hw/hw-jesalisb/hw6/hw6_heap_checker/heap_tests/heap_tests)
==5495==    by 0x433A50: testing::internal::UnitTestImpl::RunAllTests() [clone .part.371] [clone .constprop.426] (in /home/cs104/cs104hw/hw-jesalisb/hw6/hw6_heap_checker/heap_tests/heap_tests)
==5495==    by 0x433E60: testing::UnitTest::Run() (in /home/cs104/cs104hw/hw-jesalisb/hw6/hw6_heap_checker/heap_tests/heap_tests)
==5495==    by 0x404BCF: main (in /home/cs104/cs104hw/hw-jesalisb/hw6/hw6_heap_checker/heap_tests/heap_tests)
==5495== 
/home/cs104/cs104hw/hw-jesalisb/hw6/hw6_heap_checker/heap_tests/heap_tests.cpp:322: Failure
Value of: checkHeapContents(heap, data)
  Actual: false (Incorrect element value after removing 1 elements!  Was 0, expected 31)
Expected: true
/home/cs104/cs104hw/hw-jesalisb/hw6/hw6_heap_checker/heap_tests/heap_tests.cpp:322: Failure
Value of: checkHeapContents(heap, data)
  Actual: false (Incorrect element value after removing 0 elements!  Was 0, expected 10)
Expected: true
/home/cs104/cs104hw/hw-jesalisb/hw6/hw6_heap_checker/heap_tests/heap_tests.cpp:322: Failure
Value of: checkHeapContents(heap, data)
  Actual: false (Incorrect element value after removing 0 elements!  Was 0, expected 7)
Expected: true
/home/cs104/cs104hw/hw-jesalisb/hw6/hw6_heap_checker/heap_tests/heap_tests.cpp:322: Failure
Value of: checkHeapContents(heap, data)
  Actual: false (Incorrect element value after removing 0 elements!  Was 0, expected 4)
Expected: true
/home/cs104/cs104hw/hw-jesalisb/hw6/hw6_heap_checker/heap_tests/heap_tests.cpp:322: Failure
Value of: checkHeapContents(heap, data)
  Actual: false (Incorrect element value after removing 0 elements!  Was 0, expected 5)
Expected: true
/home/cs104/cs104hw/hw-jesalisb/hw6/hw6_heap_checker/heap_tests/heap_tests.cpp:322: Failure
Value of: checkHeapContents(heap, data)
  Actual: false (Incorrect element value after removing 0 elements!  Was 0, expected 3)
Expected: true
/home/cs104/cs104hw/hw-jesalisb/hw6/hw6_heap_checker/heap_tests/heap_tests.cpp:322: Failure
Value of: checkHeapContents(heap, data)
  Actual: false (Incorrect element value after removing 0 elements!  Was 0, expected 6)
Expected: true
/home/cs104/cs104hw/hw-jesalisb/hw6/hw6_heap_checker/heap_tests/heap_tests.cpp:322: Failure
Value of: checkHeapContents(heap, data)
  Actual: false (Incorrect element value after removing 0 elements!  Was 105, expected 22)
Expected: true
/home/cs104/cs104hw/hw-jesalisb/hw6/hw6_heap_checker/heap_tests/heap_tests.cpp:322: Failure
Value of: checkHeapContents(heap, data)
  Actual: false (Incorrect element value after removing 0 elements!  Was 0, expected 8)
Expected: true
/home/cs104/cs104hw/hw-jesalisb/hw6/hw6_heap_checker/heap_tests/heap_tests.cpp:322: Failure
Value of: checkHeapContents(heap, data)
  Actual: false (Incorrect element value after removing 0 elements!  Was 0, expected 2)
Expected: true
/home/cs104/cs104hw/hw-jesalisb/hw6/hw6_heap_checker/heap_tests/heap_tests.cpp:322: Failure
Value of: checkHeapContents(heap, data)
  Actual: false (Incorrect element value after removing 0 elements!  Was 0, expected 13)
Expected: true
/home/cs104/cs104hw/hw-jesalisb/hw6/hw6_heap_checker/heap_tests/heap_tests.cpp:322: Failure
Value of: checkHeapContents(heap, data)
  Actual: false (Incorrect element value after removing 0 elements!  Was 0, expected 6)
Expected: true
/home/cs104/cs104hw/hw-jesalisb/hw6/hw6_heap_checker/heap_tests/heap_tests.cpp:322: Failure
Value of: checkHeapContents(heap, data)
  Actual: false (Incorrect element value after removing 0 elements!  Was 0, expected 22)
Expected: true
/home/cs104/cs104hw/hw-jesalisb/hw6/hw6_heap_checker/heap_tests/heap_tests.cpp:322: Failure
Value of: checkHeapContents(heap, data)
  Actual: false (Incorrect element value after removing 0 elements!  Was 0, expected 18)
Expected: true
/home/cs104/cs104hw/hw-jesalisb/hw6/hw6_heap_checker/heap_tests/heap_tests.cpp:322: Failure
Value of: checkHeapContents(heap, data)
  Actual: false (Incorrect element value after removing 0 elements!  Was 133, expected 1)
Expected: true
/home/cs104/cs104hw/hw-jesalisb/hw6/hw6_heap_checker/heap_tests/heap_tests.cpp:322: Failure
Value of: checkHeapContents(heap, data)
  Actual: false (Incorrect element value after removing 0 elements!  Was 0, expected 15)
Expected: true
/home/cs104/cs104hw/hw-jesalisb/hw6/hw6_heap_checker/heap_tests/heap_tests.cpp:322: Failure
Value of: checkHeapContents(heap, data)
  Actual: false (Incorrect element value after removing 0 elements!  Was 0, expected 3)
Expected: true
/home/cs104/cs104hw/hw-jesalisb/hw6/hw6_heap_checker/heap_tests/heap_tests.cpp:322: Failure
Value of: checkHeapContents(heap, data)
  Actual: false (Incorrect element value after removing 1 elements!  Was 0, expected 6)
Expected: true
/home/cs104/cs104hw/hw-jesalisb/hw6/hw6_heap_checker/heap_tests/heap_tests.cpp:322: Failure
Value of: checkHeapContents(heap, data)
  Actual: false (Incorrect element value after removing 0 elements!  Was 0, expected 10)
Expected: true
/home/cs104/cs104hw/hw-jesalisb/hw6/hw6_heap_checker/heap_tests/heap_tests.cpp:322: Failure
Value of: checkHeapContents(heap, data)
  Actual: false (Incorrect element value after removing 0 elements!  Was 0, expected 9)
Expected: true
/home/cs104/cs104hw/hw-jesalisb/hw6/hw6_heap_checker/heap_tests/heap_tests.cpp:322: Failure
Value of: checkHeapContents(heap, data)
  Actual: false (Incorrect element value after removing 0 elements!  Was 249, expected 3)
Expected: true
/home/cs104/cs104hw/hw-jesalisb/hw6/hw6_heap_checker/heap_tests/heap_tests.cpp:322: Failure
Value of: checkHeapContents(heap, data)
  Actual: false (Incorrect element value after removing 1 elements!  Was 0, expected 17)
Expected: true
/home/cs104/cs104hw/hw-jesalisb/hw6/hw6_heap_checker/heap_tests/heap_tests.cpp:322: Failure
Value of: checkHeapContents(heap, data)
  Actual: false (Incorrect element value after removing 0 elements!  Was 0, expected 3)
Expected: true
/home/cs104/cs104hw/hw-jesalisb/hw6/hw6_heap_checker/heap_tests/heap_tests.cpp:322: Failure
Value of: checkHeapContents(heap, data)
  Actual: false (Incorrect element value after removing 0 elements!  Was 0, expected 11)
Expected: true
/home/cs104/cs104hw/hw-jesalisb/hw6/hw6_heap_checker/heap_tests/heap_tests.cpp:322: Failure
Value of: checkHeapContents(heap, data)
  Actual: false (Incorrect element value after removing 0 elements!  Was 14, expected 4)
Expected: true
/home/cs104/cs104hw/hw-jesalisb/hw6/hw6_heap_checker/heap_tests/heap_tests.cpp:322: Failure
Value of: checkHeapContents(heap, data)
  Actual: false (Incorrect element value after removing 0 elements!  Was 231, expected 4)
Expected: true
/home/cs104/cs104hw/hw-jesalisb/hw6/hw6_heap_checker/heap_tests/heap_tests.cpp:322: Failure
Value of: checkHeapContents(heap, data)
  Actual: false (Incorrect element value after removing 0 elements!  Was 0, expected 11)
Expected: true
/home/cs104/cs104hw/hw-jesalisb/hw6/hw6_heap_checker/heap_tests/heap_tests.cpp:322: Failure
Value of: checkHeapContents(heap, data)
  Actual: false (Incorrect element value after removing 0 elements!  Was 0, expected 16)
Expected: true
[  FAILED  ] HeapStress.50x50RandomElements_QuaternaryHeap (225 ms)
[----------] 1 test from HeapStress (231 ms total)

[----------] Global test environment tear-down
[==========] 1 test from 1 test case ran. (261 ms total)
[  PASSED  ] 0 tests.
[  FAILED  ] 1 test, listed below:
[  FAILED  ] HeapStress.50x50RandomElements_QuaternaryHeap

 1 FAILED TEST
==5495== 
==5495== HEAP SUMMARY:
==5495==     in use at exit: 72,704 bytes in 1 blocks
==5495==   total heap usage: 3,679 allocs, 3,678 frees, 882,879 bytes allocated
==5495== 
==5495== LEAK SUMMARY:
==5495==    definitely lost: 0 bytes in 0 blocks
==5495==    indirectly lost: 0 bytes in 0 blocks
==5495==      possibly lost: 0 bytes in 0 blocks
==5495==    still reachable: 0 bytes in 0 blocks
==5495==         suppressed: 72,704 bytes in 1 blocks
==5495== 
==5495== For counts of detected and suppressed errors, rerun with: -v
==5495== Use --track-origins=yes to see where uninitialised values come from
==5495== ERROR SUMMARY: 3862 errors from 12 contexts (suppressed: 0 from 0)
<end of output>
Test time =   1.04 sec
----------------------------------------------------------
Test Failed.
"HeapStress.50x50RandomElements_QuaternaryHeap" end time: Mar 31 16:32 PDT
"HeapStress.50x50RandomElements_QuaternaryHeap" time elapsed: 00:00:01
----------------------------------------------------------

End testing: Mar 31 16:32 PDT
