Start testing: Feb 12 19:02 PST
----------------------------------------------------------
1/19 Testing: ListCopy.OneElement
1/19 Test: ListCopy.OneElement
Command: "/usr/bin/valgrind" "--tool=memcheck" "--leak-check=yes" "--trace-children=no" "/home/cs104/cs104hw/hw-jesalisb/hw3/hw3_check/operators_tests/operators_tests" "--gtest_filter=ListCopy.OneElement"
Directory: /home/cs104/cs104hw/hw-jesalisb/hw3/hw3_check/operators_tests
"ListCopy.OneElement" start time: Feb 12 19:02 PST
Output:
----------------------------------------------------------
==4299== Memcheck, a memory error detector
==4299== Copyright (C) 2002-2017, and GNU GPL'd, by Julian Seward et al.
==4299== Using Valgrind-3.13.0 and LibVEX; rerun with -h for copyright info
==4299== Command: /home/cs104/cs104hw/hw-jesalisb/hw3/hw3_check/operators_tests/operators_tests --gtest_filter=ListCopy.OneElement
==4299== 
Running main() from gtest_main.cc
Note: Google Test filter = ListCopy.OneElement
[==========] Running 1 test from 1 test case.
[----------] Global test environment set-up.
[----------] 1 test from ListCopy
[ RUN      ] ListCopy.OneElement
==4299== Conditional jump or move depends on uninitialised value(s)
==4299==    at 0x40DEFD: ULListStr::clear() (ulliststr.cpp:58)
==4299==    by 0x40E73F: ULListStr::ULListStr(ULListStr const&) (ulliststr.cpp:258)
==4299==    by 0x4064A4: ListCopy_OneElement_Test::TestBody() (operators_tests.cpp:14)
==4299==    by 0x4381E2: void testing::internal::HandleExceptionsInMethodIfSupported<testing::Test, void>(testing::Test*, void (testing::Test::*)(), char const*) (in /home/cs104/cs104hw/hw-jesalisb/hw3/hw3_check/operators_tests/operators_tests)
==4299==    by 0x430073: testing::Test::Run() [clone .part.368] (in /home/cs104/cs104hw/hw-jesalisb/hw3/hw3_check/operators_tests/operators_tests)
==4299==    by 0x43032C: testing::TestInfo::Run() [clone .part.369] (in /home/cs104/cs104hw/hw-jesalisb/hw3/hw3_check/operators_tests/operators_tests)
==4299==    by 0x430514: testing::TestCase::Run() [clone .part.370] (in /home/cs104/cs104hw/hw-jesalisb/hw3/hw3_check/operators_tests/operators_tests)
==4299==    by 0x4329C0: testing::internal::UnitTestImpl::RunAllTests() [clone .part.371] [clone .constprop.426] (in /home/cs104/cs104hw/hw-jesalisb/hw3/hw3_check/operators_tests/operators_tests)
==4299==    by 0x432DD0: testing::UnitTest::Run() (in /home/cs104/cs104hw/hw-jesalisb/hw3/hw3_check/operators_tests/operators_tests)
==4299==    by 0x404F4F: main (in /home/cs104/cs104hw/hw-jesalisb/hw3/hw3_check/operators_tests/operators_tests)
==4299== 
==4299== Use of uninitialised value of size 8
==4299==    at 0x40DF06: ULListStr::clear() (ulliststr.cpp:59)
==4299==    by 0x40E73F: ULListStr::ULListStr(ULListStr const&) (ulliststr.cpp:258)
==4299==    by 0x4064A4: ListCopy_OneElement_Test::TestBody() (operators_tests.cpp:14)
==4299==    by 0x4381E2: void testing::internal::HandleExceptionsInMethodIfSupported<testing::Test, void>(testing::Test*, void (testing::Test::*)(), char const*) (in /home/cs104/cs104hw/hw-jesalisb/hw3/hw3_check/operators_tests/operators_tests)
==4299==    by 0x430073: testing::Test::Run() [clone .part.368] (in /home/cs104/cs104hw/hw-jesalisb/hw3/hw3_check/operators_tests/operators_tests)
==4299==    by 0x43032C: testing::TestInfo::Run() [clone .part.369] (in /home/cs104/cs104hw/hw-jesalisb/hw3/hw3_check/operators_tests/operators_tests)
==4299==    by 0x430514: testing::TestCase::Run() [clone .part.370] (in /home/cs104/cs104hw/hw-jesalisb/hw3/hw3_check/operators_tests/operators_tests)
==4299==    by 0x4329C0: testing::internal::UnitTestImpl::RunAllTests() [clone .part.371] [clone .constprop.426] (in /home/cs104/cs104hw/hw-jesalisb/hw3/hw3_check/operators_tests/operators_tests)
==4299==    by 0x432DD0: testing::UnitTest::Run() (in /home/cs104/cs104hw/hw-jesalisb/hw3/hw3_check/operators_tests/operators_tests)
==4299==    by 0x404F4F: main (in /home/cs104/cs104hw/hw-jesalisb/hw3/hw3_check/operators_tests/operators_tests)
==4299== 
==4299== Conditional jump or move depends on uninitialised value(s)
==4299==    at 0x40DF1B: ULListStr::clear() (ulliststr.cpp:60)
==4299==    by 0x40E73F: ULListStr::ULListStr(ULListStr const&) (ulliststr.cpp:258)
==4299==    by 0x4064A4: ListCopy_OneElement_Test::TestBody() (operators_tests.cpp:14)
==4299==    by 0x4381E2: void testing::internal::HandleExceptionsInMethodIfSupported<testing::Test, void>(testing::Test*, void (testing::Test::*)(), char const*) (in /home/cs104/cs104hw/hw-jesalisb/hw3/hw3_check/operators_tests/operators_tests)
==4299==    by 0x430073: testing::Test::Run() [clone .part.368] (in /home/cs104/cs104hw/hw-jesalisb/hw3/hw3_check/operators_tests/operators_tests)
==4299==    by 0x43032C: testing::TestInfo::Run() [clone .part.369] (in /home/cs104/cs104hw/hw-jesalisb/hw3/hw3_check/operators_tests/operators_tests)
==4299==    by 0x430514: testing::TestCase::Run() [clone .part.370] (in /home/cs104/cs104hw/hw-jesalisb/hw3/hw3_check/operators_tests/operators_tests)
==4299==    by 0x4329C0: testing::internal::UnitTestImpl::RunAllTests() [clone .part.371] [clone .constprop.426] (in /home/cs104/cs104hw/hw-jesalisb/hw3/hw3_check/operators_tests/operators_tests)
==4299==    by 0x432DD0: testing::UnitTest::Run() (in /home/cs104/cs104hw/hw-jesalisb/hw3/hw3_check/operators_tests/operators_tests)
==4299==    by 0x404F4F: main (in /home/cs104/cs104hw/hw-jesalisb/hw3/hw3_check/operators_tests/operators_tests)
==4299== 
==4299== Conditional jump or move depends on uninitialised value(s)
==4299==    at 0x40EA22: ULListStr::Item::~Item() (ulliststr.h:8)
==4299==    by 0x40DF24: ULListStr::clear() (ulliststr.cpp:60)
==4299==    by 0x40E73F: ULListStr::ULListStr(ULListStr const&) (ulliststr.cpp:258)
==4299==    by 0x4064A4: ListCopy_OneElement_Test::TestBody() (operators_tests.cpp:14)
==4299==    by 0x4381E2: void testing::internal::HandleExceptionsInMethodIfSupported<testing::Test, void>(testing::Test*, void (testing::Test::*)(), char const*) (in /home/cs104/cs104hw/hw-jesalisb/hw3/hw3_check/operators_tests/operators_tests)
==4299==    by 0x430073: testing::Test::Run() [clone .part.368] (in /home/cs104/cs104hw/hw-jesalisb/hw3/hw3_check/operators_tests/operators_tests)
==4299==    by 0x43032C: testing::TestInfo::Run() [clone .part.369] (in /home/cs104/cs104hw/hw-jesalisb/hw3/hw3_check/operators_tests/operators_tests)
==4299==    by 0x430514: testing::TestCase::Run() [clone .part.370] (in /home/cs104/cs104hw/hw-jesalisb/hw3/hw3_check/operators_tests/operators_tests)
==4299==    by 0x4329C0: testing::internal::UnitTestImpl::RunAllTests() [clone .part.371] [clone .constprop.426] (in /home/cs104/cs104hw/hw-jesalisb/hw3/hw3_check/operators_tests/operators_tests)
==4299==    by 0x432DD0: testing::UnitTest::Run() (in /home/cs104/cs104hw/hw-jesalisb/hw3/hw3_check/operators_tests/operators_tests)
==4299==    by 0x404F4F: main (in /home/cs104/cs104hw/hw-jesalisb/hw3/hw3_check/operators_tests/operators_tests)
==4299== 
==4299== Conditional jump or move depends on uninitialised value(s)
==4299==    at 0x40EA36: ULListStr::Item::~Item() (ulliststr.h:8)
==4299==    by 0x40DF24: ULListStr::clear() (ulliststr.cpp:60)
==4299==    by 0x40E73F: ULListStr::ULListStr(ULListStr const&) (ulliststr.cpp:258)
==4299==    by 0x4064A4: ListCopy_OneElement_Test::TestBody() (operators_tests.cpp:14)
==4299==    by 0x4381E2: void testing::internal::HandleExceptionsInMethodIfSupported<testing::Test, void>(testing::Test*, void (testing::Test::*)(), char const*) (in /home/cs104/cs104hw/hw-jesalisb/hw3/hw3_check/operators_tests/operators_tests)
==4299==    by 0x430073: testing::Test::Run() [clone .part.368] (in /home/cs104/cs104hw/hw-jesalisb/hw3/hw3_check/operators_tests/operators_tests)
==4299==    by 0x43032C: testing::TestInfo::Run() [clone .part.369] (in /home/cs104/cs104hw/hw-jesalisb/hw3/hw3_check/operators_tests/operators_tests)
==4299==    by 0x430514: testing::TestCase::Run() [clone .part.370] (in /home/cs104/cs104hw/hw-jesalisb/hw3/hw3_check/operators_tests/operators_tests)
==4299==    by 0x4329C0: testing::internal::UnitTestImpl::RunAllTests() [clone .part.371] [clone .constprop.426] (in /home/cs104/cs104hw/hw-jesalisb/hw3/hw3_check/operators_tests/operators_tests)
==4299==    by 0x432DD0: testing::UnitTest::Run() (in /home/cs104/cs104hw/hw-jesalisb/hw3/hw3_check/operators_tests/operators_tests)
==4299==    by 0x404F4F: main (in /home/cs104/cs104hw/hw-jesalisb/hw3/hw3_check/operators_tests/operators_tests)
==4299== 
==4299== Use of uninitialised value of size 8
==4299==    at 0x51766C3: std::__cxx11::basic_string<char, std::char_traits<char>, std::allocator<char> >::~basic_string() (in /usr/lib/x86_64-linux-gnu/libstdc++.so.6.0.21)
==4299==    by 0x40EA43: ULListStr::Item::~Item() (ulliststr.h:8)
==4299==    by 0x40DF24: ULListStr::clear() (ulliststr.cpp:60)
==4299==    by 0x40E73F: ULListStr::ULListStr(ULListStr const&) (ulliststr.cpp:258)
==4299==    by 0x4064A4: ListCopy_OneElement_Test::TestBody() (operators_tests.cpp:14)
==4299==    by 0x4381E2: void testing::internal::HandleExceptionsInMethodIfSupported<testing::Test, void>(testing::Test*, void (testing::Test::*)(), char const*) (in /home/cs104/cs104hw/hw-jesalisb/hw3/hw3_check/operators_tests/operators_tests)
==4299==    by 0x430073: testing::Test::Run() [clone .part.368] (in /home/cs104/cs104hw/hw-jesalisb/hw3/hw3_check/operators_tests/operators_tests)
==4299==    by 0x43032C: testing::TestInfo::Run() [clone .part.369] (in /home/cs104/cs104hw/hw-jesalisb/hw3/hw3_check/operators_tests/operators_tests)
==4299==    by 0x430514: testing::TestCase::Run() [clone .part.370] (in /home/cs104/cs104hw/hw-jesalisb/hw3/hw3_check/operators_tests/operators_tests)
==4299==    by 0x4329C0: testing::internal::UnitTestImpl::RunAllTests() [clone .part.371] [clone .constprop.426] (in /home/cs104/cs104hw/hw-jesalisb/hw3/hw3_check/operators_tests/operators_tests)
==4299==    by 0x432DD0: testing::UnitTest::Run() (in /home/cs104/cs104hw/hw-jesalisb/hw3/hw3_check/operators_tests/operators_tests)
==4299==    by 0x404F4F: main (in /home/cs104/cs104hw/hw-jesalisb/hw3/hw3_check/operators_tests/operators_tests)
==4299== 
==4299== Invalid free() / delete / delete[] / realloc()
==4299==    at 0x4C2F23B: operator delete(void*) (in /usr/lib/valgrind/vgpreload_memcheck-amd64-linux.so)
==4299==    by 0x40EA43: ULListStr::Item::~Item() (ulliststr.h:8)
==4299==    by 0x40DF24: ULListStr::clear() (ulliststr.cpp:60)
==4299==    by 0x40E73F: ULListStr::ULListStr(ULListStr const&) (ulliststr.cpp:258)
==4299==    by 0x4064A4: ListCopy_OneElement_Test::TestBody() (operators_tests.cpp:14)
==4299==    by 0x4381E2: void testing::internal::HandleExceptionsInMethodIfSupported<testing::Test, void>(testing::Test*, void (testing::Test::*)(), char const*) (in /home/cs104/cs104hw/hw-jesalisb/hw3/hw3_check/operators_tests/operators_tests)
==4299==    by 0x430073: testing::Test::Run() [clone .part.368] (in /home/cs104/cs104hw/hw-jesalisb/hw3/hw3_check/operators_tests/operators_tests)
==4299==    by 0x43032C: testing::TestInfo::Run() [clone .part.369] (in /home/cs104/cs104hw/hw-jesalisb/hw3/hw3_check/operators_tests/operators_tests)
==4299==    by 0x430514: testing::TestCase::Run() [clone .part.370] (in /home/cs104/cs104hw/hw-jesalisb/hw3/hw3_check/operators_tests/operators_tests)
==4299==    by 0x4329C0: testing::internal::UnitTestImpl::RunAllTests() [clone .part.371] [clone .constprop.426] (in /home/cs104/cs104hw/hw-jesalisb/hw3/hw3_check/operators_tests/operators_tests)
==4299==    by 0x432DD0: testing::UnitTest::Run() (in /home/cs104/cs104hw/hw-jesalisb/hw3/hw3_check/operators_tests/operators_tests)
==4299==    by 0x404F4F: main (in /home/cs104/cs104hw/hw-jesalisb/hw3/hw3_check/operators_tests/operators_tests)
==4299==  Address 0x5c6388bb is not stack'd, malloc'd or (recently) free'd
==4299== 
==4299== Conditional jump or move depends on uninitialised value(s)
==4299==    at 0x51766CD: std::__cxx11::basic_string<char, std::char_traits<char>, std::allocator<char> >::~basic_string() (in /usr/lib/x86_64-linux-gnu/libstdc++.so.6.0.21)
==4299==    by 0x40EA43: ULListStr::Item::~Item() (ulliststr.h:8)
==4299==    by 0x40DF24: ULListStr::clear() (ulliststr.cpp:60)
==4299==    by 0x40E73F: ULListStr::ULListStr(ULListStr const&) (ulliststr.cpp:258)
==4299==    by 0x4064A4: ListCopy_OneElement_Test::TestBody() (operators_tests.cpp:14)
==4299==    by 0x4381E2: void testing::internal::HandleExceptionsInMethodIfSupported<testing::Test, void>(testing::Test*, void (testing::Test::*)(), char const*) (in /home/cs104/cs104hw/hw-jesalisb/hw3/hw3_check/operators_tests/operators_tests)
==4299==    by 0x430073: testing::Test::Run() [clone .part.368] (in /home/cs104/cs104hw/hw-jesalisb/hw3/hw3_check/operators_tests/operators_tests)
==4299==    by 0x43032C: testing::TestInfo::Run() [clone .part.369] (in /home/cs104/cs104hw/hw-jesalisb/hw3/hw3_check/operators_tests/operators_tests)
==4299==    by 0x430514: testing::TestCase::Run() [clone .part.370] (in /home/cs104/cs104hw/hw-jesalisb/hw3/hw3_check/operators_tests/operators_tests)
==4299==    by 0x4329C0: testing::internal::UnitTestImpl::RunAllTests() [clone .part.371] [clone .constprop.426] (in /home/cs104/cs104hw/hw-jesalisb/hw3/hw3_check/operators_tests/operators_tests)
==4299==    by 0x432DD0: testing::UnitTest::Run() (in /home/cs104/cs104hw/hw-jesalisb/hw3/hw3_check/operators_tests/operators_tests)
==4299==    by 0x404F4F: main (in /home/cs104/cs104hw/hw-jesalisb/hw3/hw3_check/operators_tests/operators_tests)
==4299== 
==4299== Conditional jump or move depends on uninitialised value(s)
==4299==    at 0x4C2F1F1: operator delete(void*) (in /usr/lib/valgrind/vgpreload_memcheck-amd64-linux.so)
==4299==    by 0x40EA43: ULListStr::Item::~Item() (ulliststr.h:8)
==4299==    by 0x40DF24: ULListStr::clear() (ulliststr.cpp:60)
==4299==    by 0x40E73F: ULListStr::ULListStr(ULListStr const&) (ulliststr.cpp:258)
==4299==    by 0x4064A4: ListCopy_OneElement_Test::TestBody() (operators_tests.cpp:14)
==4299==    by 0x4381E2: void testing::internal::HandleExceptionsInMethodIfSupported<testing::Test, void>(testing::Test*, void (testing::Test::*)(), char const*) (in /home/cs104/cs104hw/hw-jesalisb/hw3/hw3_check/operators_tests/operators_tests)
==4299==    by 0x430073: testing::Test::Run() [clone .part.368] (in /home/cs104/cs104hw/hw-jesalisb/hw3/hw3_check/operators_tests/operators_tests)
==4299==    by 0x43032C: testing::TestInfo::Run() [clone .part.369] (in /home/cs104/cs104hw/hw-jesalisb/hw3/hw3_check/operators_tests/operators_tests)
==4299==    by 0x430514: testing::TestCase::Run() [clone .part.370] (in /home/cs104/cs104hw/hw-jesalisb/hw3/hw3_check/operators_tests/operators_tests)
==4299==    by 0x4329C0: testing::internal::UnitTestImpl::RunAllTests() [clone .part.371] [clone .constprop.426] (in /home/cs104/cs104hw/hw-jesalisb/hw3/hw3_check/operators_tests/operators_tests)
==4299==    by 0x432DD0: testing::UnitTest::Run() (in /home/cs104/cs104hw/hw-jesalisb/hw3/hw3_check/operators_tests/operators_tests)
==4299==    by 0x404F4F: main (in /home/cs104/cs104hw/hw-jesalisb/hw3/hw3_check/operators_tests/operators_tests)
==4299== 
==4299== Conditional jump or move depends on uninitialised value(s)
==4299==    at 0x4C2F1F1: operator delete(void*) (in /usr/lib/valgrind/vgpreload_memcheck-amd64-linux.so)
==4299==    by 0x40DF2C: ULListStr::clear() (ulliststr.cpp:60)
==4299==    by 0x40E73F: ULListStr::ULListStr(ULListStr const&) (ulliststr.cpp:258)
==4299==    by 0x4064A4: ListCopy_OneElement_Test::TestBody() (operators_tests.cpp:14)
==4299==    by 0x4381E2: void testing::internal::HandleExceptionsInMethodIfSupported<testing::Test, void>(testing::Test*, void (testing::Test::*)(), char const*) (in /home/cs104/cs104hw/hw-jesalisb/hw3/hw3_check/operators_tests/operators_tests)
==4299==    by 0x430073: testing::Test::Run() [clone .part.368] (in /home/cs104/cs104hw/hw-jesalisb/hw3/hw3_check/operators_tests/operators_tests)
==4299==    by 0x43032C: testing::TestInfo::Run() [clone .part.369] (in /home/cs104/cs104hw/hw-jesalisb/hw3/hw3_check/operators_tests/operators_tests)
==4299==    by 0x430514: testing::TestCase::Run() [clone .part.370] (in /home/cs104/cs104hw/hw-jesalisb/hw3/hw3_check/operators_tests/operators_tests)
==4299==    by 0x4329C0: testing::internal::UnitTestImpl::RunAllTests() [clone .part.371] [clone .constprop.426] (in /home/cs104/cs104hw/hw-jesalisb/hw3/hw3_check/operators_tests/operators_tests)
==4299==    by 0x432DD0: testing::UnitTest::Run() (in /home/cs104/cs104hw/hw-jesalisb/hw3/hw3_check/operators_tests/operators_tests)
==4299==    by 0x404F4F: main (in /home/cs104/cs104hw/hw-jesalisb/hw3/hw3_check/operators_tests/operators_tests)
==4299== 
==4299== Invalid free() / delete / delete[] / realloc()
==4299==    at 0x4C2F23B: operator delete(void*) (in /usr/lib/valgrind/vgpreload_memcheck-amd64-linux.so)
==4299==    by 0x40DF2C: ULListStr::clear() (ulliststr.cpp:60)
==4299==    by 0x40E73F: ULListStr::ULListStr(ULListStr const&) (ulliststr.cpp:258)
==4299==    by 0x4064A4: ListCopy_OneElement_Test::TestBody() (operators_tests.cpp:14)
==4299==    by 0x4381E2: void testing::internal::HandleExceptionsInMethodIfSupported<testing::Test, void>(testing::Test*, void (testing::Test::*)(), char const*) (in /home/cs104/cs104hw/hw-jesalisb/hw3/hw3_check/operators_tests/operators_tests)
==4299==    by 0x430073: testing::Test::Run() [clone .part.368] (in /home/cs104/cs104hw/hw-jesalisb/hw3/hw3_check/operators_tests/operators_tests)
==4299==    by 0x43032C: testing::TestInfo::Run() [clone .part.369] (in /home/cs104/cs104hw/hw-jesalisb/hw3/hw3_check/operators_tests/operators_tests)
==4299==    by 0x430514: testing::TestCase::Run() [clone .part.370] (in /home/cs104/cs104hw/hw-jesalisb/hw3/hw3_check/operators_tests/operators_tests)
==4299==    by 0x4329C0: testing::internal::UnitTestImpl::RunAllTests() [clone .part.371] [clone .constprop.426] (in /home/cs104/cs104hw/hw-jesalisb/hw3/hw3_check/operators_tests/operators_tests)
==4299==    by 0x432DD0: testing::UnitTest::Run() (in /home/cs104/cs104hw/hw-jesalisb/hw3/hw3_check/operators_tests/operators_tests)
==4299==    by 0x404F4F: main (in /home/cs104/cs104hw/hw-jesalisb/hw3/hw3_check/operators_tests/operators_tests)
==4299==  Address 0x1ffefffaa0 is on thread 1's stack
==4299==  in frame #5, created by testing::Test::Run() [clone .part.368] (???:)
==4299== 
==4299== Invalid read of size 8
==4299==    at 0x40DF06: ULListStr::clear() (ulliststr.cpp:59)
==4299==    by 0x40E73F: ULListStr::ULListStr(ULListStr const&) (ulliststr.cpp:258)
==4299==    by 0x4064A4: ListCopy_OneElement_Test::TestBody() (operators_tests.cpp:14)
==4299==    by 0x4381E2: void testing::internal::HandleExceptionsInMethodIfSupported<testing::Test, void>(testing::Test*, void (testing::Test::*)(), char const*) (in /home/cs104/cs104hw/hw-jesalisb/hw3/hw3_check/operators_tests/operators_tests)
==4299==    by 0x430073: testing::Test::Run() [clone .part.368] (in /home/cs104/cs104hw/hw-jesalisb/hw3/hw3_check/operators_tests/operators_tests)
==4299==    by 0x43032C: testing::TestInfo::Run() [clone .part.369] (in /home/cs104/cs104hw/hw-jesalisb/hw3/hw3_check/operators_tests/operators_tests)
==4299==    by 0x430514: testing::TestCase::Run() [clone .part.370] (in /home/cs104/cs104hw/hw-jesalisb/hw3/hw3_check/operators_tests/operators_tests)
==4299==    by 0x4329C0: testing::internal::UnitTestImpl::RunAllTests() [clone .part.371] [clone .constprop.426] (in /home/cs104/cs104hw/hw-jesalisb/hw3/hw3_check/operators_tests/operators_tests)
==4299==    by 0x432DD0: testing::UnitTest::Run() (in /home/cs104/cs104hw/hw-jesalisb/hw3/hw3_check/operators_tests/operators_tests)
==4299==    by 0x404F4F: main (in /home/cs104/cs104hw/hw-jesalisb/hw3/hw3_check/operators_tests/operators_tests)
==4299==  Address 0xc0458d48d0558ea0 is not stack'd, malloc'd or (recently) free'd
==4299== 
==4299== 
==4299== Process terminating with default action of signal 11 (SIGSEGV)
==4299==  General Protection Fault
==4299==    at 0x40DF06: ULListStr::clear() (ulliststr.cpp:59)
==4299==    by 0x40E73F: ULListStr::ULListStr(ULListStr const&) (ulliststr.cpp:258)
==4299==    by 0x4064A4: ListCopy_OneElement_Test::TestBody() (operators_tests.cpp:14)
==4299==    by 0x4381E2: void testing::internal::HandleExceptionsInMethodIfSupported<testing::Test, void>(testing::Test*, void (testing::Test::*)(), char const*) (in /home/cs104/cs104hw/hw-jesalisb/hw3/hw3_check/operators_tests/operators_tests)
==4299==    by 0x430073: testing::Test::Run() [clone .part.368] (in /home/cs104/cs104hw/hw-jesalisb/hw3/hw3_check/operators_tests/operators_tests)
==4299==    by 0x43032C: testing::TestInfo::Run() [clone .part.369] (in /home/cs104/cs104hw/hw-jesalisb/hw3/hw3_check/operators_tests/operators_tests)
==4299==    by 0x430514: testing::TestCase::Run() [clone .part.370] (in /home/cs104/cs104hw/hw-jesalisb/hw3/hw3_check/operators_tests/operators_tests)
==4299==    by 0x4329C0: testing::internal::UnitTestImpl::RunAllTests() [clone .part.371] [clone .constprop.426] (in /home/cs104/cs104hw/hw-jesalisb/hw3/hw3_check/operators_tests/operators_tests)
==4299==    by 0x432DD0: testing::UnitTest::Run() (in /home/cs104/cs104hw/hw-jesalisb/hw3/hw3_check/operators_tests/operators_tests)
==4299==    by 0x404F4F: main (in /home/cs104/cs104hw/hw-jesalisb/hw3/hw3_check/operators_tests/operators_tests)
==4299== 
==4299== HEAP SUMMARY:
==4299==     in use at exit: 79,734 bytes in 75 blocks
==4299==   total heap usage: 309 allocs, 251 frees, 122,874 bytes allocated
==4299== 
==4299== 8 bytes in 1 blocks are possibly lost in loss record 19 of 75
==4299==    at 0x4C2E17F: operator new(unsigned long) (in /usr/lib/valgrind/vgpreload_memcheck-amd64-linux.so)
==4299==    by 0x43698C: std::vector<int, std::allocator<int> >::_M_insert_aux(__gnu_cxx::__normal_iterator<int*, std::vector<int, std::allocator<int> > >, int const&) (in /home/cs104/cs104hw/hw-jesalisb/hw3/hw3_check/operators_tests/operators_tests)
==4299==    by 0x42E95D: testing::TestCase::AddTestInfo(testing::TestInfo*) (in /home/cs104/cs104hw/hw-jesalisb/hw3/hw3_check/operators_tests/operators_tests)
==4299==    by 0x42EAB4: testing::internal::MakeAndRegisterTestInfo(char const*, char const*, char const*, char const*, void const*, void (*)(), void (*)(), testing::internal::TestFactoryBase*) (in /home/cs104/cs104hw/hw-jesalisb/hw3/hw3_check/operators_tests/operators_tests)
==4299==    by 0x40A0BF: __static_initialization_and_destruction_0(int, int) (operators_tests.cpp:233)
==4299==    by 0x40A0E4: _GLOBAL__sub_I__ZN24ListCopy_OneElement_Test10test_info_E (operators_tests.cpp:241)
==4299==    by 0x43962C: __libc_csu_init (in /home/cs104/cs104hw/hw-jesalisb/hw3/hw3_check/operators_tests/operators_tests)
==4299==    by 0x560F7BE: (below main) (libc-start.c:247)
==4299== 
==4299== 8 bytes in 1 blocks are definitely lost in loss record 21 of 75
==4299==    at 0x4C2E17F: operator new(unsigned long) (in /usr/lib/valgrind/vgpreload_memcheck-amd64-linux.so)
==4299==    by 0x409B1D: __static_initialization_and_destruction_0(int, int) (operators_tests.cpp:9)
==4299==    by 0x40A0E4: _GLOBAL__sub_I__ZN24ListCopy_OneElement_Test10test_info_E (operators_tests.cpp:241)
==4299==    by 0x43962C: __libc_csu_init (in /home/cs104/cs104hw/hw-jesalisb/hw3/hw3_check/operators_tests/operators_tests)
==4299==    by 0x560F7BE: (below main) (libc-start.c:247)
==4299== 
==4299== 8 bytes in 1 blocks are definitely lost in loss record 22 of 75
==4299==    at 0x4C2E17F: operator new(unsigned long) (in /usr/lib/valgrind/vgpreload_memcheck-amd64-linux.so)
==4299==    by 0x4267D6: testing::internal::UnitTestImpl::UnitTestImpl(testing::UnitTest*) (in /home/cs104/cs104hw/hw-jesalisb/hw3/hw3_check/operators_tests/operators_tests)
==4299==    by 0x426B0E: testing::UnitTest::GetInstance() (in /home/cs104/cs104hw/hw-jesalisb/hw3/hw3_check/operators_tests/operators_tests)
==4299==    by 0x42EA79: testing::internal::MakeAndRegisterTestInfo(char const*, char const*, char const*, char const*, void const*, void (*)(), void (*)(), testing::internal::TestFactoryBase*) (in /home/cs104/cs104hw/hw-jesalisb/hw3/hw3_check/operators_tests/operators_tests)
==4299==    by 0x409B55: __static_initialization_and_destruction_0(int, int) (operators_tests.cpp:9)
==4299==    by 0x40A0E4: _GLOBAL__sub_I__ZN24ListCopy_OneElement_Test10test_info_E (operators_tests.cpp:241)
==4299==    by 0x43962C: __libc_csu_init (in /home/cs104/cs104hw/hw-jesalisb/hw3/hw3_check/operators_tests/operators_tests)
==4299==    by 0x560F7BE: (below main) (libc-start.c:247)
==4299== 
==4299== 16 bytes in 1 blocks are possibly lost in loss record 25 of 75
==4299==    at 0x4C2E17F: operator new(unsigned long) (in /usr/lib/valgrind/vgpreload_memcheck-amd64-linux.so)
==4299==    by 0x43698C: std::vector<int, std::allocator<int> >::_M_insert_aux(__gnu_cxx::__normal_iterator<int*, std::vector<int, std::allocator<int> > >, int const&) (in /home/cs104/cs104hw/hw-jesalisb/hw3/hw3_check/operators_tests/operators_tests)
==4299==    by 0x42E95D: testing::TestCase::AddTestInfo(testing::TestInfo*) (in /home/cs104/cs104hw/hw-jesalisb/hw3/hw3_check/operators_tests/operators_tests)
==4299==    by 0x42EAB4: testing::internal::MakeAndRegisterTestInfo(char const*, char const*, char const*, char const*, void const*, void (*)(), void (*)(), testing::internal::TestFactoryBase*) (in /home/cs104/cs104hw/hw-jesalisb/hw3/hw3_check/operators_tests/operators_tests)
==4299==    by 0x409EA4: __static_initialization_and_destruction_0(int, int) (operators_tests.cpp:145)
==4299==    by 0x40A0E4: _GLOBAL__sub_I__ZN24ListCopy_OneElement_Test10test_info_E (operators_tests.cpp:241)
==4299==    by 0x43962C: __libc_csu_init (in /home/cs104/cs104hw/hw-jesalisb/hw3/hw3_check/operators_tests/operators_tests)
==4299==    by 0x560F7BE: (below main) (libc-start.c:247)
==4299== 
==4299== 16 bytes in 1 blocks are possibly lost in loss record 26 of 75
==4299==    at 0x4C2E17F: operator new(unsigned long) (in /usr/lib/valgrind/vgpreload_memcheck-amd64-linux.so)
==4299==    by 0x42E8DF: testing::TestCase::AddTestInfo(testing::TestInfo*) (in /home/cs104/cs104hw/hw-jesalisb/hw3/hw3_check/operators_tests/operators_tests)
==4299==    by 0x42EAB4: testing::internal::MakeAndRegisterTestInfo(char const*, char const*, char const*, char const*, void const*, void (*)(), void (*)(), testing::internal::TestFactoryBase*) (in /home/cs104/cs104hw/hw-jesalisb/hw3/hw3_check/operators_tests/operators_tests)
==4299==    by 0x40A0BF: __static_initialization_and_destruction_0(int, int) (operators_tests.cpp:233)
==4299==    by 0x40A0E4: _GLOBAL__sub_I__ZN24ListCopy_OneElement_Test10test_info_E (operators_tests.cpp:241)
==4299==    by 0x43962C: __libc_csu_init (in /home/cs104/cs104hw/hw-jesalisb/hw3/hw3_check/operators_tests/operators_tests)
==4299==    by 0x560F7BE: (below main) (libc-start.c:247)
==4299== 
==4299== 16 (8 direct, 8 indirect) bytes in 1 blocks are definitely lost in loss record 27 of 75
==4299==    at 0x4C2E17F: operator new(unsigned long) (in /usr/lib/valgrind/vgpreload_memcheck-amd64-linux.so)
==4299==    by 0x436B33: std::vector<testing::TestEventListener*, std::allocator<testing::TestEventListener*> >::_M_insert_aux(__gnu_cxx::__normal_iterator<testing::TestEventListener**, std::vector<testing::TestEventListener*, std::allocator<testing::TestEventListener*> > >, testing::TestEventListener* const&) (in /home/cs104/cs104hw/hw-jesalisb/hw3/hw3_check/operators_tests/operators_tests)
==4299==    by 0x426586: testing::TestEventListeners::SetDefaultResultPrinter(testing::TestEventListener*) (in /home/cs104/cs104hw/hw-jesalisb/hw3/hw3_check/operators_tests/operators_tests)
==4299==    by 0x42684C: testing::internal::UnitTestImpl::UnitTestImpl(testing::UnitTest*) (in /home/cs104/cs104hw/hw-jesalisb/hw3/hw3_check/operators_tests/operators_tests)
==4299==    by 0x426B0E: testing::UnitTest::GetInstance() (in /home/cs104/cs104hw/hw-jesalisb/hw3/hw3_check/operators_tests/operators_tests)
==4299==    by 0x42EA79: testing::internal::MakeAndRegisterTestInfo(char const*, char const*, char const*, char const*, void const*, void (*)(), void (*)(), testing::internal::TestFactoryBase*) (in /home/cs104/cs104hw/hw-jesalisb/hw3/hw3_check/operators_tests/operators_tests)
==4299==    by 0x409B55: __static_initialization_and_destruction_0(int, int) (operators_tests.cpp:9)
==4299==    by 0x40A0E4: _GLOBAL__sub_I__ZN24ListCopy_OneElement_Test10test_info_E (operators_tests.cpp:241)
==4299==    by 0x43962C: __libc_csu_init (in /home/cs104/cs104hw/hw-jesalisb/hw3/hw3_check/operators_tests/operators_tests)
==4299==    by 0x560F7BE: (below main) (libc-start.c:247)
==4299== 
==4299== 32 bytes in 1 blocks are possibly lost in loss record 37 of 75
==4299==    at 0x4C2E17F: operator new(unsigned long) (in /usr/lib/valgrind/vgpreload_memcheck-amd64-linux.so)
==4299==    by 0x43698C: std::vector<int, std::allocator<int> >::_M_insert_aux(__gnu_cxx::__normal_iterator<int*, std::vector<int, std::allocator<int> > >, int const&) (in /home/cs104/cs104hw/hw-jesalisb/hw3/hw3_check/operators_tests/operators_tests)
==4299==    by 0x42E95D: testing::TestCase::AddTestInfo(testing::TestInfo*) (in /home/cs104/cs104hw/hw-jesalisb/hw3/hw3_check/operators_tests/operators_tests)
==4299==    by 0x42EAB4: testing::internal::MakeAndRegisterTestInfo(char const*, char const*, char const*, char const*, void const*, void (*)(), void (*)(), testing::internal::TestFactoryBase*) (in /home/cs104/cs104hw/hw-jesalisb/hw3/hw3_check/operators_tests/operators_tests)
==4299==    by 0x409DBD: __static_initialization_and_destruction_0(int, int) (operators_tests.cpp:109)
==4299==    by 0x40A0E4: _GLOBAL__sub_I__ZN24ListCopy_OneElement_Test10test_info_E (operators_tests.cpp:241)
==4299==    by 0x43962C: __libc_csu_init (in /home/cs104/cs104hw/hw-jesalisb/hw3/hw3_check/operators_tests/operators_tests)
==4299==    by 0x560F7BE: (below main) (libc-start.c:247)
==4299== 
==4299== 32 bytes in 1 blocks are possibly lost in loss record 38 of 75
==4299==    at 0x4C2E17F: operator new(unsigned long) (in /usr/lib/valgrind/vgpreload_memcheck-amd64-linux.so)
==4299==    by 0x42E8DF: testing::TestCase::AddTestInfo(testing::TestInfo*) (in /home/cs104/cs104hw/hw-jesalisb/hw3/hw3_check/operators_tests/operators_tests)
==4299==    by 0x42EAB4: testing::internal::MakeAndRegisterTestInfo(char const*, char const*, char const*, char const*, void const*, void (*)(), void (*)(), testing::internal::TestFactoryBase*) (in /home/cs104/cs104hw/hw-jesalisb/hw3/hw3_check/operators_tests/operators_tests)
==4299==    by 0x409EA4: __static_initialization_and_destruction_0(int, int) (operators_tests.cpp:145)
==4299==    by 0x40A0E4: _GLOBAL__sub_I__ZN24ListCopy_OneElement_Test10test_info_E (operators_tests.cpp:241)
==4299==    by 0x43962C: __libc_csu_init (in /home/cs104/cs104hw/hw-jesalisb/hw3/hw3_check/operators_tests/operators_tests)
==4299==    by 0x560F7BE: (below main) (libc-start.c:247)
==4299== 
==4299== 32 bytes in 1 blocks are possibly lost in loss record 39 of 75
==4299==    at 0x4C2E17F: operator new(unsigned long) (in /usr/lib/valgrind/vgpreload_memcheck-amd64-linux.so)
==4299==    by 0x43698C: std::vector<int, std::allocator<int> >::_M_insert_aux(__gnu_cxx::__normal_iterator<int*, std::vector<int, std::allocator<int> > >, int const&) (in /home/cs104/cs104hw/hw-jesalisb/hw3/hw3_check/operators_tests/operators_tests)
==4299==    by 0x42E95D: testing::TestCase::AddTestInfo(testing::TestInfo*) (in /home/cs104/cs104hw/hw-jesalisb/hw3/hw3_check/operators_tests/operators_tests)
==4299==    by 0x42EAB4: testing::internal::MakeAndRegisterTestInfo(char const*, char const*, char const*, char const*, void const*, void (*)(), void (*)(), testing::internal::TestFactoryBase*) (in /home/cs104/cs104hw/hw-jesalisb/hw3/hw3_check/operators_tests/operators_tests)
==4299==    by 0x40A025: __static_initialization_and_destruction_0(int, int) (operators_tests.cpp:207)
==4299==    by 0x40A0E4: _GLOBAL__sub_I__ZN24ListCopy_OneElement_Test10test_info_E (operators_tests.cpp:241)
==4299==    by 0x43962C: __libc_csu_init (in /home/cs104/cs104hw/hw-jesalisb/hw3/hw3_check/operators_tests/operators_tests)
==4299==    by 0x560F7BE: (below main) (libc-start.c:247)
==4299== 
==4299== 32 bytes in 1 blocks are definitely lost in loss record 40 of 75
==4299==    at 0x4C2E17F: operator new(unsigned long) (in /usr/lib/valgrind/vgpreload_memcheck-amd64-linux.so)
==4299==    by 0x43698C: std::vector<int, std::allocator<int> >::_M_insert_aux(__gnu_cxx::__normal_iterator<int*, std::vector<int, std::allocator<int> > >, int const&) (in /home/cs104/cs104hw/hw-jesalisb/hw3/hw3_check/operators_tests/operators_tests)
==4299==    by 0x42E5E9: testing::internal::UnitTestImpl::GetTestCase(char const*, char const*, void (*)(), void (*)()) (in /home/cs104/cs104hw/hw-jesalisb/hw3/hw3_check/operators_tests/operators_tests)
==4299==    by 0x42EAA9: testing::internal::MakeAndRegisterTestInfo(char const*, char const*, char const*, char const*, void const*, void (*)(), void (*)(), testing::internal::TestFactoryBase*) (in /home/cs104/cs104hw/hw-jesalisb/hw3/hw3_check/operators_tests/operators_tests)
==4299==    by 0x40A072: __static_initialization_and_destruction_0(int, int) (operators_tests.cpp:225)
==4299==    by 0x40A0E4: _GLOBAL__sub_I__ZN24ListCopy_OneElement_Test10test_info_E (operators_tests.cpp:241)
==4299==    by 0x43962C: __libc_csu_init (in /home/cs104/cs104hw/hw-jesalisb/hw3/hw3_check/operators_tests/operators_tests)
==4299==    by 0x560F7BE: (below main) (libc-start.c:247)
==4299== 
==4299== 62 bytes in 1 blocks are definitely lost in loss record 42 of 75
==4299==    at 0x4C2E17F: operator new(unsigned long) (in /usr/lib/valgrind/vgpreload_memcheck-amd64-linux.so)
==4299==    by 0x51763DE: std::__cxx11::basic_string<char, std::char_traits<char>, std::allocator<char> >::_M_assign(std::__cxx11::basic_string<char, std::char_traits<char>, std::allocator<char> > const&) (in /usr/lib/x86_64-linux-gnu/libstdc++.so.6.0.21)
==4299==    by 0x42EAF5: testing::internal::MakeAndRegisterTestInfo(char const*, char const*, char const*, char const*, void const*, void (*)(), void (*)(), testing::internal::TestFactoryBase*) (in /home/cs104/cs104hw/hw-jesalisb/hw3/hw3_check/operators_tests/operators_tests)
==4299==    by 0x409B55: __static_initialization_and_destruction_0(int, int) (operators_tests.cpp:9)
==4299==    by 0x40A0E4: _GLOBAL__sub_I__ZN24ListCopy_OneElement_Test10test_info_E (operators_tests.cpp:241)
==4299==    by 0x43962C: __libc_csu_init (in /home/cs104/cs104hw/hw-jesalisb/hw3/hw3_check/operators_tests/operators_tests)
==4299==    by 0x560F7BE: (below main) (libc-start.c:247)
==4299== 
==4299== 64 bytes in 1 blocks are possibly lost in loss record 44 of 75
==4299==    at 0x4C2E17F: operator new(unsigned long) (in /usr/lib/valgrind/vgpreload_memcheck-amd64-linux.so)
==4299==    by 0x42E8DF: testing::TestCase::AddTestInfo(testing::TestInfo*) (in /home/cs104/cs104hw/hw-jesalisb/hw3/hw3_check/operators_tests/operators_tests)
==4299==    by 0x42EAB4: testing::internal::MakeAndRegisterTestInfo(char const*, char const*, char const*, char const*, void const*, void (*)(), void (*)(), testing::internal::TestFactoryBase*) (in /home/cs104/cs104hw/hw-jesalisb/hw3/hw3_check/operators_tests/operators_tests)
==4299==    by 0x409DBD: __static_initialization_and_destruction_0(int, int) (operators_tests.cpp:109)
==4299==    by 0x40A0E4: _GLOBAL__sub_I__ZN24ListCopy_OneElement_Test10test_info_E (operators_tests.cpp:241)
==4299==    by 0x43962C: __libc_csu_init (in /home/cs104/cs104hw/hw-jesalisb/hw3/hw3_check/operators_tests/operators_tests)
==4299==    by 0x560F7BE: (below main) (libc-start.c:247)
==4299== 
==4299== 64 bytes in 1 blocks are possibly lost in loss record 45 of 75
==4299==    at 0x4C2E17F: operator new(unsigned long) (in /usr/lib/valgrind/vgpreload_memcheck-amd64-linux.so)
==4299==    by 0x42E8DF: testing::TestCase::AddTestInfo(testing::TestInfo*) (in /home/cs104/cs104hw/hw-jesalisb/hw3/hw3_check/operators_tests/operators_tests)
==4299==    by 0x42EAB4: testing::internal::MakeAndRegisterTestInfo(char const*, char const*, char const*, char const*, void const*, void (*)(), void (*)(), testing::internal::TestFactoryBase*) (in /home/cs104/cs104hw/hw-jesalisb/hw3/hw3_check/operators_tests/operators_tests)
==4299==    by 0x40A025: __static_initialization_and_destruction_0(int, int) (operators_tests.cpp:207)
==4299==    by 0x40A0E4: _GLOBAL__sub_I__ZN24ListCopy_OneElement_Test10test_info_E (operators_tests.cpp:241)
==4299==    by 0x43962C: __libc_csu_init (in /home/cs104/cs104hw/hw-jesalisb/hw3/hw3_check/operators_tests/operators_tests)
==4299==    by 0x560F7BE: (below main) (libc-start.c:247)
==4299== 
==4299== 64 bytes in 1 blocks are possibly lost in loss record 46 of 75
==4299==    at 0x4C2E17F: operator new(unsigned long) (in /usr/lib/valgrind/vgpreload_memcheck-amd64-linux.so)
==4299==    by 0x437343: std::vector<testing::TestCase*, std::allocator<testing::TestCase*> >::_M_insert_aux(__gnu_cxx::__normal_iterator<testing::TestCase**, std::vector<testing::TestCase*, std::allocator<testing::TestCase*> > >, testing::TestCase* const&) (in /home/cs104/cs104hw/hw-jesalisb/hw3/hw3_check/operators_tests/operators_tests)
==4299==    by 0x42E530: testing::internal::UnitTestImpl::GetTestCase(char const*, char const*, void (*)(), void (*)()) (in /home/cs104/cs104hw/hw-jesalisb/hw3/hw3_check/operators_tests/operators_tests)
==4299==    by 0x42EAA9: testing::internal::MakeAndRegisterTestInfo(char const*, char const*, char const*, char const*, void const*, void (*)(), void (*)(), testing::internal::TestFactoryBase*) (in /home/cs104/cs104hw/hw-jesalisb/hw3/hw3_check/operators_tests/operators_tests)
==4299==    by 0x40A072: __static_initialization_and_destruction_0(int, int) (operators_tests.cpp:225)
==4299==    by 0x40A0E4: _GLOBAL__sub_I__ZN24ListCopy_OneElement_Test10test_info_E (operators_tests.cpp:241)
==4299==    by 0x43962C: __libc_csu_init (in /home/cs104/cs104hw/hw-jesalisb/hw3/hw3_check/operators_tests/operators_tests)
==4299==    by 0x560F7BE: (below main) (libc-start.c:247)
==4299== 
==4299== 72 bytes in 1 blocks are definitely lost in loss record 47 of 75
==4299==    at 0x4C2E17F: operator new(unsigned long) (in /usr/lib/valgrind/vgpreload_memcheck-amd64-linux.so)
==4299==    by 0x422B72: testing::internal::UnitTestImpl::os_stack_trace_getter() (in /home/cs104/cs104hw/hw-jesalisb/hw3/hw3_check/operators_tests/operators_tests)
==4299==    by 0x43043C: testing::TestCase::Run() [clone .part.370] (in /home/cs104/cs104hw/hw-jesalisb/hw3/hw3_check/operators_tests/operators_tests)
==4299==    by 0x4329C0: testing::internal::UnitTestImpl::RunAllTests() [clone .part.371] [clone .constprop.426] (in /home/cs104/cs104hw/hw-jesalisb/hw3/hw3_check/operators_tests/operators_tests)
==4299==    by 0x432DD0: testing::UnitTest::Run() (in /home/cs104/cs104hw/hw-jesalisb/hw3/hw3_check/operators_tests/operators_tests)
==4299==    by 0x404F4F: main (in /home/cs104/cs104hw/hw-jesalisb/hw3/hw3_check/operators_tests/operators_tests)
==4299== 
==4299== 248 bytes in 1 blocks are possibly lost in loss record 70 of 75
==4299==    at 0x4C2E17F: operator new(unsigned long) (in /usr/lib/valgrind/vgpreload_memcheck-amd64-linux.so)
==4299==    by 0x42E489: testing::internal::UnitTestImpl::GetTestCase(char const*, char const*, void (*)(), void (*)()) (in /home/cs104/cs104hw/hw-jesalisb/hw3/hw3_check/operators_tests/operators_tests)
==4299==    by 0x42EAA9: testing::internal::MakeAndRegisterTestInfo(char const*, char const*, char const*, char const*, void const*, void (*)(), void (*)(), testing::internal::TestFactoryBase*) (in /home/cs104/cs104hw/hw-jesalisb/hw3/hw3_check/operators_tests/operators_tests)
==4299==    by 0x409C89: __static_initialization_and_destruction_0(int, int) (operators_tests.cpp:56)
==4299==    by 0x40A0E4: _GLOBAL__sub_I__ZN24ListCopy_OneElement_Test10test_info_E (operators_tests.cpp:241)
==4299==    by 0x43962C: __libc_csu_init (in /home/cs104/cs104hw/hw-jesalisb/hw3/hw3_check/operators_tests/operators_tests)
==4299==    by 0x560F7BE: (below main) (libc-start.c:247)
==4299== 
==4299== 248 bytes in 1 blocks are possibly lost in loss record 71 of 75
==4299==    at 0x4C2E17F: operator new(unsigned long) (in /usr/lib/valgrind/vgpreload_memcheck-amd64-linux.so)
==4299==    by 0x42E489: testing::internal::UnitTestImpl::GetTestCase(char const*, char const*, void (*)(), void (*)()) (in /home/cs104/cs104hw/hw-jesalisb/hw3/hw3_check/operators_tests/operators_tests)
==4299==    by 0x42EAA9: testing::internal::MakeAndRegisterTestInfo(char const*, char const*, char const*, char const*, void const*, void (*)(), void (*)(), testing::internal::TestFactoryBase*) (in /home/cs104/cs104hw/hw-jesalisb/hw3/hw3_check/operators_tests/operators_tests)
==4299==    by 0x409E0A: __static_initialization_and_destruction_0(int, int) (operators_tests.cpp:124)
==4299==    by 0x40A0E4: _GLOBAL__sub_I__ZN24ListCopy_OneElement_Test10test_info_E (operators_tests.cpp:241)
==4299==    by 0x43962C: __libc_csu_init (in /home/cs104/cs104hw/hw-jesalisb/hw3/hw3_check/operators_tests/operators_tests)
==4299==    by 0x560F7BE: (below main) (libc-start.c:247)
==4299== 
==4299== 248 bytes in 1 blocks are possibly lost in loss record 72 of 75
==4299==    at 0x4C2E17F: operator new(unsigned long) (in /usr/lib/valgrind/vgpreload_memcheck-amd64-linux.so)
==4299==    by 0x42E489: testing::internal::UnitTestImpl::GetTestCase(char const*, char const*, void (*)(), void (*)()) (in /home/cs104/cs104hw/hw-jesalisb/hw3/hw3_check/operators_tests/operators_tests)
==4299==    by 0x42EAA9: testing::internal::MakeAndRegisterTestInfo(char const*, char const*, char const*, char const*, void const*, void (*)(), void (*)(), testing::internal::TestFactoryBase*) (in /home/cs104/cs104hw/hw-jesalisb/hw3/hw3_check/operators_tests/operators_tests)
==4299==    by 0x409EF1: __static_initialization_and_destruction_0(int, int) (operators_tests.cpp:158)
==4299==    by 0x40A0E4: _GLOBAL__sub_I__ZN24ListCopy_OneElement_Test10test_info_E (operators_tests.cpp:241)
==4299==    by 0x43962C: __libc_csu_init (in /home/cs104/cs104hw/hw-jesalisb/hw3/hw3_check/operators_tests/operators_tests)
==4299==    by 0x560F7BE: (below main) (libc-start.c:247)
==4299== 
==4299== 248 bytes in 1 blocks are possibly lost in loss record 73 of 75
==4299==    at 0x4C2E17F: operator new(unsigned long) (in /usr/lib/valgrind/vgpreload_memcheck-amd64-linux.so)
==4299==    by 0x42E489: testing::internal::UnitTestImpl::GetTestCase(char const*, char const*, void (*)(), void (*)()) (in /home/cs104/cs104hw/hw-jesalisb/hw3/hw3_check/operators_tests/operators_tests)
==4299==    by 0x42EAA9: testing::internal::MakeAndRegisterTestInfo(char const*, char const*, char const*, char const*, void const*, void (*)(), void (*)(), testing::internal::TestFactoryBase*) (in /home/cs104/cs104hw/hw-jesalisb/hw3/hw3_check/operators_tests/operators_tests)
==4299==    by 0x40A072: __static_initialization_and_destruction_0(int, int) (operators_tests.cpp:225)
==4299==    by 0x40A0E4: _GLOBAL__sub_I__ZN24ListCopy_OneElement_Test10test_info_E (operators_tests.cpp:241)
==4299==    by 0x43962C: __libc_csu_init (in /home/cs104/cs104hw/hw-jesalisb/hw3/hw3_check/operators_tests/operators_tests)
==4299==    by 0x560F7BE: (below main) (libc-start.c:247)
==4299== 
==4299== LEAK SUMMARY:
==4299==    definitely lost: 190 bytes in 6 blocks
==4299==    indirectly lost: 8 bytes in 1 blocks
==4299==      possibly lost: 1,320 bytes in 13 blocks
==4299==    still reachable: 5,512 bytes in 54 blocks
==4299==         suppressed: 72,704 bytes in 1 blocks
==4299== Reachable blocks (those to which a pointer was found) are not shown.
==4299== To see them, rerun with: --leak-check=full --show-leak-kinds=all
==4299== 
==4299== For counts of detected and suppressed errors, rerun with: -v
==4299== Use --track-origins=yes to see where uninitialised values come from
==4299== ERROR SUMMARY: 69 errors from 31 contexts (suppressed: 0 from 0)
<end of output>
Test time =   1.99 sec
----------------------------------------------------------
Test Failed.
"ListCopy.OneElement" end time: Feb 12 19:02 PST
"ListCopy.OneElement" time elapsed: 00:00:01
----------------------------------------------------------

2/19 Testing: ListCopy.NoElements
2/19 Test: ListCopy.NoElements
Command: "/usr/bin/valgrind" "--tool=memcheck" "--leak-check=yes" "--trace-children=no" "/home/cs104/cs104hw/hw-jesalisb/hw3/hw3_check/operators_tests/operators_tests" "--gtest_filter=ListCopy.NoElements"
Directory: /home/cs104/cs104hw/hw-jesalisb/hw3/hw3_check/operators_tests
"ListCopy.NoElements" start time: Feb 12 19:02 PST
Output:
----------------------------------------------------------
==4304== Memcheck, a memory error detector
==4304== Copyright (C) 2002-2017, and GNU GPL'd, by Julian Seward et al.
==4304== Using Valgrind-3.13.0 and LibVEX; rerun with -h for copyright info
==4304== Command: /home/cs104/cs104hw/hw-jesalisb/hw3/hw3_check/operators_tests/operators_tests --gtest_filter=ListCopy.NoElements
==4304== 
Running main() from gtest_main.cc
Note: Google Test filter = ListCopy.NoElements
[==========] Running 1 test from 1 test case.
[----------] Global test environment set-up.
[----------] 1 test from ListCopy
[ RUN      ] ListCopy.NoElements
==4304== Conditional jump or move depends on uninitialised value(s)
==4304==    at 0x40DEFD: ULListStr::clear() (ulliststr.cpp:58)
==4304==    by 0x40E73F: ULListStr::ULListStr(ULListStr const&) (ulliststr.cpp:258)
==4304==    by 0x4067A2: ListCopy_NoElements_Test::TestBody() (operators_tests.cpp:23)
==4304==    by 0x4381E2: void testing::internal::HandleExceptionsInMethodIfSupported<testing::Test, void>(testing::Test*, void (testing::Test::*)(), char const*) (in /home/cs104/cs104hw/hw-jesalisb/hw3/hw3_check/operators_tests/operators_tests)
==4304==    by 0x430073: testing::Test::Run() [clone .part.368] (in /home/cs104/cs104hw/hw-jesalisb/hw3/hw3_check/operators_tests/operators_tests)
==4304==    by 0x43032C: testing::TestInfo::Run() [clone .part.369] (in /home/cs104/cs104hw/hw-jesalisb/hw3/hw3_check/operators_tests/operators_tests)
==4304==    by 0x430514: testing::TestCase::Run() [clone .part.370] (in /home/cs104/cs104hw/hw-jesalisb/hw3/hw3_check/operators_tests/operators_tests)
==4304==    by 0x4329C0: testing::internal::UnitTestImpl::RunAllTests() [clone .part.371] [clone .constprop.426] (in /home/cs104/cs104hw/hw-jesalisb/hw3/hw3_check/operators_tests/operators_tests)
==4304==    by 0x432DD0: testing::UnitTest::Run() (in /home/cs104/cs104hw/hw-jesalisb/hw3/hw3_check/operators_tests/operators_tests)
==4304==    by 0x404F4F: main (in /home/cs104/cs104hw/hw-jesalisb/hw3/hw3_check/operators_tests/operators_tests)
==4304== 
==4304== Invalid read of size 8
==4304==    at 0x40E8B7: ULListStr::appendContents(ULListStr const&) (ulliststr.cpp:299)
==4304==    by 0x40E752: ULListStr::ULListStr(ULListStr const&) (ulliststr.cpp:259)
==4304==    by 0x4067A2: ListCopy_NoElements_Test::TestBody() (operators_tests.cpp:23)
==4304==    by 0x4381E2: void testing::internal::HandleExceptionsInMethodIfSupported<testing::Test, void>(testing::Test*, void (testing::Test::*)(), char const*) (in /home/cs104/cs104hw/hw-jesalisb/hw3/hw3_check/operators_tests/operators_tests)
==4304==    by 0x430073: testing::Test::Run() [clone .part.368] (in /home/cs104/cs104hw/hw-jesalisb/hw3/hw3_check/operators_tests/operators_tests)
==4304==    by 0x43032C: testing::TestInfo::Run() [clone .part.369] (in /home/cs104/cs104hw/hw-jesalisb/hw3/hw3_check/operators_tests/operators_tests)
==4304==    by 0x430514: testing::TestCase::Run() [clone .part.370] (in /home/cs104/cs104hw/hw-jesalisb/hw3/hw3_check/operators_tests/operators_tests)
==4304==    by 0x4329C0: testing::internal::UnitTestImpl::RunAllTests() [clone .part.371] [clone .constprop.426] (in /home/cs104/cs104hw/hw-jesalisb/hw3/hw3_check/operators_tests/operators_tests)
==4304==    by 0x432DD0: testing::UnitTest::Run() (in /home/cs104/cs104hw/hw-jesalisb/hw3/hw3_check/operators_tests/operators_tests)
==4304==    by 0x404F4F: main (in /home/cs104/cs104hw/hw-jesalisb/hw3/hw3_check/operators_tests/operators_tests)
==4304==  Address 0x140 is not stack'd, malloc'd or (recently) free'd
==4304== 
==4304== 
==4304== Process terminating with default action of signal 11 (SIGSEGV)
==4304==  Access not within mapped region at address 0x140
==4304==    at 0x40E8B7: ULListStr::appendContents(ULListStr const&) (ulliststr.cpp:299)
==4304==    by 0x40E752: ULListStr::ULListStr(ULListStr const&) (ulliststr.cpp:259)
==4304==    by 0x4067A2: ListCopy_NoElements_Test::TestBody() (operators_tests.cpp:23)
==4304==    by 0x4381E2: void testing::internal::HandleExceptionsInMethodIfSupported<testing::Test, void>(testing::Test*, void (testing::Test::*)(), char const*) (in /home/cs104/cs104hw/hw-jesalisb/hw3/hw3_check/operators_tests/operators_tests)
==4304==    by 0x430073: testing::Test::Run() [clone .part.368] (in /home/cs104/cs104hw/hw-jesalisb/hw3/hw3_check/operators_tests/operators_tests)
==4304==    by 0x43032C: testing::TestInfo::Run() [clone .part.369] (in /home/cs104/cs104hw/hw-jesalisb/hw3/hw3_check/operators_tests/operators_tests)
==4304==    by 0x430514: testing::TestCase::Run() [clone .part.370] (in /home/cs104/cs104hw/hw-jesalisb/hw3/hw3_check/operators_tests/operators_tests)
==4304==    by 0x4329C0: testing::internal::UnitTestImpl::RunAllTests() [clone .part.371] [clone .constprop.426] (in /home/cs104/cs104hw/hw-jesalisb/hw3/hw3_check/operators_tests/operators_tests)
==4304==    by 0x432DD0: testing::UnitTest::Run() (in /home/cs104/cs104hw/hw-jesalisb/hw3/hw3_check/operators_tests/operators_tests)
==4304==    by 0x404F4F: main (in /home/cs104/cs104hw/hw-jesalisb/hw3/hw3_check/operators_tests/operators_tests)
==4304==  If you believe this happened as a result of a stack
==4304==  overflow in your program's main thread (unlikely but
==4304==  possible), you can try to increase the size of the
==4304==  main thread stack using the --main-stacksize= flag.
==4304==  The main thread stack size used in this run was 8388608.
==4304== 
==4304== HEAP SUMMARY:
==4304==     in use at exit: 80,166 bytes in 77 blocks
==4304==   total heap usage: 308 allocs, 231 frees, 122,522 bytes allocated
==4304== 
==4304== LEAK SUMMARY:
==4304==    definitely lost: 0 bytes in 0 blocks
==4304==    indirectly lost: 0 bytes in 0 blocks
==4304==      possibly lost: 0 bytes in 0 blocks
==4304==    still reachable: 7,462 bytes in 76 blocks
==4304==         suppressed: 72,704 bytes in 1 blocks
==4304== Reachable blocks (those to which a pointer was found) are not shown.
==4304== To see them, rerun with: --leak-check=full --show-leak-kinds=all
==4304== 
==4304== For counts of detected and suppressed errors, rerun with: -v
==4304== Use --track-origins=yes to see where uninitialised values come from
==4304== ERROR SUMMARY: 2 errors from 2 contexts (suppressed: 0 from 0)
<end of output>
Test time =   2.02 sec
----------------------------------------------------------
Test Failed.
"ListCopy.NoElements" end time: Feb 12 19:02 PST
"ListCopy.NoElements" time elapsed: 00:00:02
----------------------------------------------------------

3/19 Testing: ListCopy.15Elements
3/19 Test: ListCopy.15Elements
Command: "/usr/bin/valgrind" "--tool=memcheck" "--leak-check=yes" "--trace-children=no" "/home/cs104/cs104hw/hw-jesalisb/hw3/hw3_check/operators_tests/operators_tests" "--gtest_filter=ListCopy.15Elements"
Directory: /home/cs104/cs104hw/hw-jesalisb/hw3/hw3_check/operators_tests
"ListCopy.15Elements" start time: Feb 12 19:02 PST
Output:
----------------------------------------------------------
==4309== Memcheck, a memory error detector
==4309== Copyright (C) 2002-2017, and GNU GPL'd, by Julian Seward et al.
==4309== Using Valgrind-3.13.0 and LibVEX; rerun with -h for copyright info
==4309== Command: /home/cs104/cs104hw/hw-jesalisb/hw3/hw3_check/operators_tests/operators_tests --gtest_filter=ListCopy.15Elements
==4309== 
Running main() from gtest_main.cc
Note: Google Test filter = ListCopy.15Elements
[==========] Running 1 test from 1 test case.
[----------] Global test environment set-up.
[----------] 1 test from ListCopy
[ RUN      ] ListCopy.15Elements
==4309== Conditional jump or move depends on uninitialised value(s)
==4309==    at 0x40DEFD: ULListStr::clear() (ulliststr.cpp:58)
==4309==    by 0x40E73F: ULListStr::ULListStr(ULListStr const&) (ulliststr.cpp:258)
==4309==    by 0x40696C: ListCopy_15Elements_Test::TestBody() (operators_tests.cpp:34)
==4309==    by 0x4381E2: void testing::internal::HandleExceptionsInMethodIfSupported<testing::Test, void>(testing::Test*, void (testing::Test::*)(), char const*) (in /home/cs104/cs104hw/hw-jesalisb/hw3/hw3_check/operators_tests/operators_tests)
==4309==    by 0x430073: testing::Test::Run() [clone .part.368] (in /home/cs104/cs104hw/hw-jesalisb/hw3/hw3_check/operators_tests/operators_tests)
==4309==    by 0x43032C: testing::TestInfo::Run() [clone .part.369] (in /home/cs104/cs104hw/hw-jesalisb/hw3/hw3_check/operators_tests/operators_tests)
==4309==    by 0x430514: testing::TestCase::Run() [clone .part.370] (in /home/cs104/cs104hw/hw-jesalisb/hw3/hw3_check/operators_tests/operators_tests)
==4309==    by 0x4329C0: testing::internal::UnitTestImpl::RunAllTests() [clone .part.371] [clone .constprop.426] (in /home/cs104/cs104hw/hw-jesalisb/hw3/hw3_check/operators_tests/operators_tests)
==4309==    by 0x432DD0: testing::UnitTest::Run() (in /home/cs104/cs104hw/hw-jesalisb/hw3/hw3_check/operators_tests/operators_tests)
==4309==    by 0x404F4F: main (in /home/cs104/cs104hw/hw-jesalisb/hw3/hw3_check/operators_tests/operators_tests)
==4309== 
==4309== Use of uninitialised value of size 8
==4309==    at 0x40DF06: ULListStr::clear() (ulliststr.cpp:59)
==4309==    by 0x40E73F: ULListStr::ULListStr(ULListStr const&) (ulliststr.cpp:258)
==4309==    by 0x40696C: ListCopy_15Elements_Test::TestBody() (operators_tests.cpp:34)
==4309==    by 0x4381E2: void testing::internal::HandleExceptionsInMethodIfSupported<testing::Test, void>(testing::Test*, void (testing::Test::*)(), char const*) (in /home/cs104/cs104hw/hw-jesalisb/hw3/hw3_check/operators_tests/operators_tests)
==4309==    by 0x430073: testing::Test::Run() [clone .part.368] (in /home/cs104/cs104hw/hw-jesalisb/hw3/hw3_check/operators_tests/operators_tests)
==4309==    by 0x43032C: testing::TestInfo::Run() [clone .part.369] (in /home/cs104/cs104hw/hw-jesalisb/hw3/hw3_check/operators_tests/operators_tests)
==4309==    by 0x430514: testing::TestCase::Run() [clone .part.370] (in /home/cs104/cs104hw/hw-jesalisb/hw3/hw3_check/operators_tests/operators_tests)
==4309==    by 0x4329C0: testing::internal::UnitTestImpl::RunAllTests() [clone .part.371] [clone .constprop.426] (in /home/cs104/cs104hw/hw-jesalisb/hw3/hw3_check/operators_tests/operators_tests)
==4309==    by 0x432DD0: testing::UnitTest::Run() (in /home/cs104/cs104hw/hw-jesalisb/hw3/hw3_check/operators_tests/operators_tests)
==4309==    by 0x404F4F: main (in /home/cs104/cs104hw/hw-jesalisb/hw3/hw3_check/operators_tests/operators_tests)
==4309== 
==4309== Conditional jump or move depends on uninitialised value(s)
==4309==    at 0x40DF1B: ULListStr::clear() (ulliststr.cpp:60)
==4309==    by 0x40E73F: ULListStr::ULListStr(ULListStr const&) (ulliststr.cpp:258)
==4309==    by 0x40696C: ListCopy_15Elements_Test::TestBody() (operators_tests.cpp:34)
==4309==    by 0x4381E2: void testing::internal::HandleExceptionsInMethodIfSupported<testing::Test, void>(testing::Test*, void (testing::Test::*)(), char const*) (in /home/cs104/cs104hw/hw-jesalisb/hw3/hw3_check/operators_tests/operators_tests)
==4309==    by 0x430073: testing::Test::Run() [clone .part.368] (in /home/cs104/cs104hw/hw-jesalisb/hw3/hw3_check/operators_tests/operators_tests)
==4309==    by 0x43032C: testing::TestInfo::Run() [clone .part.369] (in /home/cs104/cs104hw/hw-jesalisb/hw3/hw3_check/operators_tests/operators_tests)
==4309==    by 0x430514: testing::TestCase::Run() [clone .part.370] (in /home/cs104/cs104hw/hw-jesalisb/hw3/hw3_check/operators_tests/operators_tests)
==4309==    by 0x4329C0: testing::internal::UnitTestImpl::RunAllTests() [clone .part.371] [clone .constprop.426] (in /home/cs104/cs104hw/hw-jesalisb/hw3/hw3_check/operators_tests/operators_tests)
==4309==    by 0x432DD0: testing::UnitTest::Run() (in /home/cs104/cs104hw/hw-jesalisb/hw3/hw3_check/operators_tests/operators_tests)
==4309==    by 0x404F4F: main (in /home/cs104/cs104hw/hw-jesalisb/hw3/hw3_check/operators_tests/operators_tests)
==4309== 
==4309== Conditional jump or move depends on uninitialised value(s)
==4309==    at 0x40EA22: ULListStr::Item::~Item() (ulliststr.h:8)
==4309==    by 0x40DF24: ULListStr::clear() (ulliststr.cpp:60)
==4309==    by 0x40E73F: ULListStr::ULListStr(ULListStr const&) (ulliststr.cpp:258)
==4309==    by 0x40696C: ListCopy_15Elements_Test::TestBody() (operators_tests.cpp:34)
==4309==    by 0x4381E2: void testing::internal::HandleExceptionsInMethodIfSupported<testing::Test, void>(testing::Test*, void (testing::Test::*)(), char const*) (in /home/cs104/cs104hw/hw-jesalisb/hw3/hw3_check/operators_tests/operators_tests)
==4309==    by 0x430073: testing::Test::Run() [clone .part.368] (in /home/cs104/cs104hw/hw-jesalisb/hw3/hw3_check/operators_tests/operators_tests)
==4309==    by 0x43032C: testing::TestInfo::Run() [clone .part.369] (in /home/cs104/cs104hw/hw-jesalisb/hw3/hw3_check/operators_tests/operators_tests)
==4309==    by 0x430514: testing::TestCase::Run() [clone .part.370] (in /home/cs104/cs104hw/hw-jesalisb/hw3/hw3_check/operators_tests/operators_tests)
==4309==    by 0x4329C0: testing::internal::UnitTestImpl::RunAllTests() [clone .part.371] [clone .constprop.426] (in /home/cs104/cs104hw/hw-jesalisb/hw3/hw3_check/operators_tests/operators_tests)
==4309==    by 0x432DD0: testing::UnitTest::Run() (in /home/cs104/cs104hw/hw-jesalisb/hw3/hw3_check/operators_tests/operators_tests)
==4309==    by 0x404F4F: main (in /home/cs104/cs104hw/hw-jesalisb/hw3/hw3_check/operators_tests/operators_tests)
==4309== 
==4309== Conditional jump or move depends on uninitialised value(s)
==4309==    at 0x40EA36: ULListStr::Item::~Item() (ulliststr.h:8)
==4309==    by 0x40DF24: ULListStr::clear() (ulliststr.cpp:60)
==4309==    by 0x40E73F: ULListStr::ULListStr(ULListStr const&) (ulliststr.cpp:258)
==4309==    by 0x40696C: ListCopy_15Elements_Test::TestBody() (operators_tests.cpp:34)
==4309==    by 0x4381E2: void testing::internal::HandleExceptionsInMethodIfSupported<testing::Test, void>(testing::Test*, void (testing::Test::*)(), char const*) (in /home/cs104/cs104hw/hw-jesalisb/hw3/hw3_check/operators_tests/operators_tests)
==4309==    by 0x430073: testing::Test::Run() [clone .part.368] (in /home/cs104/cs104hw/hw-jesalisb/hw3/hw3_check/operators_tests/operators_tests)
==4309==    by 0x43032C: testing::TestInfo::Run() [clone .part.369] (in /home/cs104/cs104hw/hw-jesalisb/hw3/hw3_check/operators_tests/operators_tests)
==4309==    by 0x430514: testing::TestCase::Run() [clone .part.370] (in /home/cs104/cs104hw/hw-jesalisb/hw3/hw3_check/operators_tests/operators_tests)
==4309==    by 0x4329C0: testing::internal::UnitTestImpl::RunAllTests() [clone .part.371] [clone .constprop.426] (in /home/cs104/cs104hw/hw-jesalisb/hw3/hw3_check/operators_tests/operators_tests)
==4309==    by 0x432DD0: testing::UnitTest::Run() (in /home/cs104/cs104hw/hw-jesalisb/hw3/hw3_check/operators_tests/operators_tests)
==4309==    by 0x404F4F: main (in /home/cs104/cs104hw/hw-jesalisb/hw3/hw3_check/operators_tests/operators_tests)
==4309== 
==4309== Use of uninitialised value of size 8
==4309==    at 0x51766C3: std::__cxx11::basic_string<char, std::char_traits<char>, std::allocator<char> >::~basic_string() (in /usr/lib/x86_64-linux-gnu/libstdc++.so.6.0.21)
==4309==    by 0x40EA43: ULListStr::Item::~Item() (ulliststr.h:8)
==4309==    by 0x40DF24: ULListStr::clear() (ulliststr.cpp:60)
==4309==    by 0x40E73F: ULListStr::ULListStr(ULListStr const&) (ulliststr.cpp:258)
==4309==    by 0x40696C: ListCopy_15Elements_Test::TestBody() (operators_tests.cpp:34)
==4309==    by 0x4381E2: void testing::internal::HandleExceptionsInMethodIfSupported<testing::Test, void>(testing::Test*, void (testing::Test::*)(), char const*) (in /home/cs104/cs104hw/hw-jesalisb/hw3/hw3_check/operators_tests/operators_tests)
==4309==    by 0x430073: testing::Test::Run() [clone .part.368] (in /home/cs104/cs104hw/hw-jesalisb/hw3/hw3_check/operators_tests/operators_tests)
==4309==    by 0x43032C: testing::TestInfo::Run() [clone .part.369] (in /home/cs104/cs104hw/hw-jesalisb/hw3/hw3_check/operators_tests/operators_tests)
==4309==    by 0x430514: testing::TestCase::Run() [clone .part.370] (in /home/cs104/cs104hw/hw-jesalisb/hw3/hw3_check/operators_tests/operators_tests)
==4309==    by 0x4329C0: testing::internal::UnitTestImpl::RunAllTests() [clone .part.371] [clone .constprop.426] (in /home/cs104/cs104hw/hw-jesalisb/hw3/hw3_check/operators_tests/operators_tests)
==4309==    by 0x432DD0: testing::UnitTest::Run() (in /home/cs104/cs104hw/hw-jesalisb/hw3/hw3_check/operators_tests/operators_tests)
==4309==    by 0x404F4F: main (in /home/cs104/cs104hw/hw-jesalisb/hw3/hw3_check/operators_tests/operators_tests)
==4309== 
==4309== Invalid free() / delete / delete[] / realloc()
==4309==    at 0x4C2F23B: operator delete(void*) (in /usr/lib/valgrind/vgpreload_memcheck-amd64-linux.so)
==4309==    by 0x40EA43: ULListStr::Item::~Item() (ulliststr.h:8)
==4309==    by 0x40DF24: ULListStr::clear() (ulliststr.cpp:60)
==4309==    by 0x40E73F: ULListStr::ULListStr(ULListStr const&) (ulliststr.cpp:258)
==4309==    by 0x40696C: ListCopy_15Elements_Test::TestBody() (operators_tests.cpp:34)
==4309==    by 0x4381E2: void testing::internal::HandleExceptionsInMethodIfSupported<testing::Test, void>(testing::Test*, void (testing::Test::*)(), char const*) (in /home/cs104/cs104hw/hw-jesalisb/hw3/hw3_check/operators_tests/operators_tests)
==4309==    by 0x430073: testing::Test::Run() [clone .part.368] (in /home/cs104/cs104hw/hw-jesalisb/hw3/hw3_check/operators_tests/operators_tests)
==4309==    by 0x43032C: testing::TestInfo::Run() [clone .part.369] (in /home/cs104/cs104hw/hw-jesalisb/hw3/hw3_check/operators_tests/operators_tests)
==4309==    by 0x430514: testing::TestCase::Run() [clone .part.370] (in /home/cs104/cs104hw/hw-jesalisb/hw3/hw3_check/operators_tests/operators_tests)
==4309==    by 0x4329C0: testing::internal::UnitTestImpl::RunAllTests() [clone .part.371] [clone .constprop.426] (in /home/cs104/cs104hw/hw-jesalisb/hw3/hw3_check/operators_tests/operators_tests)
==4309==    by 0x432DD0: testing::UnitTest::Run() (in /home/cs104/cs104hw/hw-jesalisb/hw3/hw3_check/operators_tests/operators_tests)
==4309==    by 0x404F4F: main (in /home/cs104/cs104hw/hw-jesalisb/hw3/hw3_check/operators_tests/operators_tests)
==4309==  Address 0x5c6388c0 is not stack'd, malloc'd or (recently) free'd
==4309== 
==4309== Conditional jump or move depends on uninitialised value(s)
==4309==    at 0x51766CD: std::__cxx11::basic_string<char, std::char_traits<char>, std::allocator<char> >::~basic_string() (in /usr/lib/x86_64-linux-gnu/libstdc++.so.6.0.21)
==4309==    by 0x40EA43: ULListStr::Item::~Item() (ulliststr.h:8)
==4309==    by 0x40DF24: ULListStr::clear() (ulliststr.cpp:60)
==4309==    by 0x40E73F: ULListStr::ULListStr(ULListStr const&) (ulliststr.cpp:258)
==4309==    by 0x40696C: ListCopy_15Elements_Test::TestBody() (operators_tests.cpp:34)
==4309==    by 0x4381E2: void testing::internal::HandleExceptionsInMethodIfSupported<testing::Test, void>(testing::Test*, void (testing::Test::*)(), char const*) (in /home/cs104/cs104hw/hw-jesalisb/hw3/hw3_check/operators_tests/operators_tests)
==4309==    by 0x430073: testing::Test::Run() [clone .part.368] (in /home/cs104/cs104hw/hw-jesalisb/hw3/hw3_check/operators_tests/operators_tests)
==4309==    by 0x43032C: testing::TestInfo::Run() [clone .part.369] (in /home/cs104/cs104hw/hw-jesalisb/hw3/hw3_check/operators_tests/operators_tests)
==4309==    by 0x430514: testing::TestCase::Run() [clone .part.370] (in /home/cs104/cs104hw/hw-jesalisb/hw3/hw3_check/operators_tests/operators_tests)
==4309==    by 0x4329C0: testing::internal::UnitTestImpl::RunAllTests() [clone .part.371] [clone .constprop.426] (in /home/cs104/cs104hw/hw-jesalisb/hw3/hw3_check/operators_tests/operators_tests)
==4309==    by 0x432DD0: testing::UnitTest::Run() (in /home/cs104/cs104hw/hw-jesalisb/hw3/hw3_check/operators_tests/operators_tests)
==4309==    by 0x404F4F: main (in /home/cs104/cs104hw/hw-jesalisb/hw3/hw3_check/operators_tests/operators_tests)
==4309== 
==4309== Conditional jump or move depends on uninitialised value(s)
==4309==    at 0x4C2F1F1: operator delete(void*) (in /usr/lib/valgrind/vgpreload_memcheck-amd64-linux.so)
==4309==    by 0x40EA43: ULListStr::Item::~Item() (ulliststr.h:8)
==4309==    by 0x40DF24: ULListStr::clear() (ulliststr.cpp:60)
==4309==    by 0x40E73F: ULListStr::ULListStr(ULListStr const&) (ulliststr.cpp:258)
==4309==    by 0x40696C: ListCopy_15Elements_Test::TestBody() (operators_tests.cpp:34)
==4309==    by 0x4381E2: void testing::internal::HandleExceptionsInMethodIfSupported<testing::Test, void>(testing::Test*, void (testing::Test::*)(), char const*) (in /home/cs104/cs104hw/hw-jesalisb/hw3/hw3_check/operators_tests/operators_tests)
==4309==    by 0x430073: testing::Test::Run() [clone .part.368] (in /home/cs104/cs104hw/hw-jesalisb/hw3/hw3_check/operators_tests/operators_tests)
==4309==    by 0x43032C: testing::TestInfo::Run() [clone .part.369] (in /home/cs104/cs104hw/hw-jesalisb/hw3/hw3_check/operators_tests/operators_tests)
==4309==    by 0x430514: testing::TestCase::Run() [clone .part.370] (in /home/cs104/cs104hw/hw-jesalisb/hw3/hw3_check/operators_tests/operators_tests)
==4309==    by 0x4329C0: testing::internal::UnitTestImpl::RunAllTests() [clone .part.371] [clone .constprop.426] (in /home/cs104/cs104hw/hw-jesalisb/hw3/hw3_check/operators_tests/operators_tests)
==4309==    by 0x432DD0: testing::UnitTest::Run() (in /home/cs104/cs104hw/hw-jesalisb/hw3/hw3_check/operators_tests/operators_tests)
==4309==    by 0x404F4F: main (in /home/cs104/cs104hw/hw-jesalisb/hw3/hw3_check/operators_tests/operators_tests)
==4309== 
==4309== Conditional jump or move depends on uninitialised value(s)
==4309==    at 0x4C2F1F1: operator delete(void*) (in /usr/lib/valgrind/vgpreload_memcheck-amd64-linux.so)
==4309==    by 0x40DF2C: ULListStr::clear() (ulliststr.cpp:60)
==4309==    by 0x40E73F: ULListStr::ULListStr(ULListStr const&) (ulliststr.cpp:258)
==4309==    by 0x40696C: ListCopy_15Elements_Test::TestBody() (operators_tests.cpp:34)
==4309==    by 0x4381E2: void testing::internal::HandleExceptionsInMethodIfSupported<testing::Test, void>(testing::Test*, void (testing::Test::*)(), char const*) (in /home/cs104/cs104hw/hw-jesalisb/hw3/hw3_check/operators_tests/operators_tests)
==4309==    by 0x430073: testing::Test::Run() [clone .part.368] (in /home/cs104/cs104hw/hw-jesalisb/hw3/hw3_check/operators_tests/operators_tests)
==4309==    by 0x43032C: testing::TestInfo::Run() [clone .part.369] (in /home/cs104/cs104hw/hw-jesalisb/hw3/hw3_check/operators_tests/operators_tests)
==4309==    by 0x430514: testing::TestCase::Run() [clone .part.370] (in /home/cs104/cs104hw/hw-jesalisb/hw3/hw3_check/operators_tests/operators_tests)
==4309==    by 0x4329C0: testing::internal::UnitTestImpl::RunAllTests() [clone .part.371] [clone .constprop.426] (in /home/cs104/cs104hw/hw-jesalisb/hw3/hw3_check/operators_tests/operators_tests)
==4309==    by 0x432DD0: testing::UnitTest::Run() (in /home/cs104/cs104hw/hw-jesalisb/hw3/hw3_check/operators_tests/operators_tests)
==4309==    by 0x404F4F: main (in /home/cs104/cs104hw/hw-jesalisb/hw3/hw3_check/operators_tests/operators_tests)
==4309== 
==4309== Invalid free() / delete / delete[] / realloc()
==4309==    at 0x4C2F23B: operator delete(void*) (in /usr/lib/valgrind/vgpreload_memcheck-amd64-linux.so)
==4309==    by 0x40DF2C: ULListStr::clear() (ulliststr.cpp:60)
==4309==    by 0x40E73F: ULListStr::ULListStr(ULListStr const&) (ulliststr.cpp:258)
==4309==    by 0x40696C: ListCopy_15Elements_Test::TestBody() (operators_tests.cpp:34)
==4309==    by 0x4381E2: void testing::internal::HandleExceptionsInMethodIfSupported<testing::Test, void>(testing::Test*, void (testing::Test::*)(), char const*) (in /home/cs104/cs104hw/hw-jesalisb/hw3/hw3_check/operators_tests/operators_tests)
==4309==    by 0x430073: testing::Test::Run() [clone .part.368] (in /home/cs104/cs104hw/hw-jesalisb/hw3/hw3_check/operators_tests/operators_tests)
==4309==    by 0x43032C: testing::TestInfo::Run() [clone .part.369] (in /home/cs104/cs104hw/hw-jesalisb/hw3/hw3_check/operators_tests/operators_tests)
==4309==    by 0x430514: testing::TestCase::Run() [clone .part.370] (in /home/cs104/cs104hw/hw-jesalisb/hw3/hw3_check/operators_tests/operators_tests)
==4309==    by 0x4329C0: testing::internal::UnitTestImpl::RunAllTests() [clone .part.371] [clone .constprop.426] (in /home/cs104/cs104hw/hw-jesalisb/hw3/hw3_check/operators_tests/operators_tests)
==4309==    by 0x432DD0: testing::UnitTest::Run() (in /home/cs104/cs104hw/hw-jesalisb/hw3/hw3_check/operators_tests/operators_tests)
==4309==    by 0x404F4F: main (in /home/cs104/cs104hw/hw-jesalisb/hw3/hw3_check/operators_tests/operators_tests)
==4309==  Address 0x1ffefffaa0 is on thread 1's stack
==4309==  in frame #5, created by testing::Test::Run() [clone .part.368] (???:)
==4309== 
==4309== Invalid read of size 8
==4309==    at 0x40DF06: ULListStr::clear() (ulliststr.cpp:59)
==4309==    by 0x40E73F: ULListStr::ULListStr(ULListStr const&) (ulliststr.cpp:258)
==4309==    by 0x40696C: ListCopy_15Elements_Test::TestBody() (operators_tests.cpp:34)
==4309==    by 0x4381E2: void testing::internal::HandleExceptionsInMethodIfSupported<testing::Test, void>(testing::Test*, void (testing::Test::*)(), char const*) (in /home/cs104/cs104hw/hw-jesalisb/hw3/hw3_check/operators_tests/operators_tests)
==4309==    by 0x430073: testing::Test::Run() [clone .part.368] (in /home/cs104/cs104hw/hw-jesalisb/hw3/hw3_check/operators_tests/operators_tests)
==4309==    by 0x43032C: testing::TestInfo::Run() [clone .part.369] (in /home/cs104/cs104hw/hw-jesalisb/hw3/hw3_check/operators_tests/operators_tests)
==4309==    by 0x430514: testing::TestCase::Run() [clone .part.370] (in /home/cs104/cs104hw/hw-jesalisb/hw3/hw3_check/operators_tests/operators_tests)
==4309==    by 0x4329C0: testing::internal::UnitTestImpl::RunAllTests() [clone .part.371] [clone .constprop.426] (in /home/cs104/cs104hw/hw-jesalisb/hw3/hw3_check/operators_tests/operators_tests)
==4309==    by 0x432DD0: testing::UnitTest::Run() (in /home/cs104/cs104hw/hw-jesalisb/hw3/hw3_check/operators_tests/operators_tests)
==4309==    by 0x404F4F: main (in /home/cs104/cs104hw/hw-jesalisb/hw3/hw3_check/operators_tests/operators_tests)
==4309==  Address 0xc0458d48d0558ea0 is not stack'd, malloc'd or (recently) free'd
==4309== 
==4309== 
==4309== Process terminating with default action of signal 11 (SIGSEGV)
==4309==  General Protection Fault
==4309==    at 0x40DF06: ULListStr::clear() (ulliststr.cpp:59)
==4309==    by 0x40E73F: ULListStr::ULListStr(ULListStr const&) (ulliststr.cpp:258)
==4309==    by 0x40696C: ListCopy_15Elements_Test::TestBody() (operators_tests.cpp:34)
==4309==    by 0x4381E2: void testing::internal::HandleExceptionsInMethodIfSupported<testing::Test, void>(testing::Test*, void (testing::Test::*)(), char const*) (in /home/cs104/cs104hw/hw-jesalisb/hw3/hw3_check/operators_tests/operators_tests)
==4309==    by 0x430073: testing::Test::Run() [clone .part.368] (in /home/cs104/cs104hw/hw-jesalisb/hw3/hw3_check/operators_tests/operators_tests)
==4309==    by 0x43032C: testing::TestInfo::Run() [clone .part.369] (in /home/cs104/cs104hw/hw-jesalisb/hw3/hw3_check/operators_tests/operators_tests)
==4309==    by 0x430514: testing::TestCase::Run() [clone .part.370] (in /home/cs104/cs104hw/hw-jesalisb/hw3/hw3_check/operators_tests/operators_tests)
==4309==    by 0x4329C0: testing::internal::UnitTestImpl::RunAllTests() [clone .part.371] [clone .constprop.426] (in /home/cs104/cs104hw/hw-jesalisb/hw3/hw3_check/operators_tests/operators_tests)
==4309==    by 0x432DD0: testing::UnitTest::Run() (in /home/cs104/cs104hw/hw-jesalisb/hw3/hw3_check/operators_tests/operators_tests)
==4309==    by 0x404F4F: main (in /home/cs104/cs104hw/hw-jesalisb/hw3/hw3_check/operators_tests/operators_tests)
==4309== 
==4309== HEAP SUMMARY:
==4309==     in use at exit: 80,590 bytes in 78 blocks
==4309==   total heap usage: 327 allocs, 266 frees, 124,690 bytes allocated
==4309== 
==4309== 8 bytes in 1 blocks are possibly lost in loss record 19 of 78
==4309==    at 0x4C2E17F: operator new(unsigned long) (in /usr/lib/valgrind/vgpreload_memcheck-amd64-linux.so)
==4309==    by 0x43698C: std::vector<int, std::allocator<int> >::_M_insert_aux(__gnu_cxx::__normal_iterator<int*, std::vector<int, std::allocator<int> > >, int const&) (in /home/cs104/cs104hw/hw-jesalisb/hw3/hw3_check/operators_tests/operators_tests)
==4309==    by 0x42E95D: testing::TestCase::AddTestInfo(testing::TestInfo*) (in /home/cs104/cs104hw/hw-jesalisb/hw3/hw3_check/operators_tests/operators_tests)
==4309==    by 0x42EAB4: testing::internal::MakeAndRegisterTestInfo(char const*, char const*, char const*, char const*, void const*, void (*)(), void (*)(), testing::internal::TestFactoryBase*) (in /home/cs104/cs104hw/hw-jesalisb/hw3/hw3_check/operators_tests/operators_tests)
==4309==    by 0x40A0BF: __static_initialization_and_destruction_0(int, int) (operators_tests.cpp:233)
==4309==    by 0x40A0E4: _GLOBAL__sub_I__ZN24ListCopy_OneElement_Test10test_info_E (operators_tests.cpp:241)
==4309==    by 0x43962C: __libc_csu_init (in /home/cs104/cs104hw/hw-jesalisb/hw3/hw3_check/operators_tests/operators_tests)
==4309==    by 0x560F7BE: (below main) (libc-start.c:247)
==4309== 
==4309== 8 bytes in 1 blocks are definitely lost in loss record 21 of 78
==4309==    at 0x4C2E17F: operator new(unsigned long) (in /usr/lib/valgrind/vgpreload_memcheck-amd64-linux.so)
==4309==    by 0x4267D6: testing::internal::UnitTestImpl::UnitTestImpl(testing::UnitTest*) (in /home/cs104/cs104hw/hw-jesalisb/hw3/hw3_check/operators_tests/operators_tests)
==4309==    by 0x426B0E: testing::UnitTest::GetInstance() (in /home/cs104/cs104hw/hw-jesalisb/hw3/hw3_check/operators_tests/operators_tests)
==4309==    by 0x42EA79: testing::internal::MakeAndRegisterTestInfo(char const*, char const*, char const*, char const*, void const*, void (*)(), void (*)(), testing::internal::TestFactoryBase*) (in /home/cs104/cs104hw/hw-jesalisb/hw3/hw3_check/operators_tests/operators_tests)
==4309==    by 0x409B55: __static_initialization_and_destruction_0(int, int) (operators_tests.cpp:9)
==4309==    by 0x40A0E4: _GLOBAL__sub_I__ZN24ListCopy_OneElement_Test10test_info_E (operators_tests.cpp:241)
==4309==    by 0x43962C: __libc_csu_init (in /home/cs104/cs104hw/hw-jesalisb/hw3/hw3_check/operators_tests/operators_tests)
==4309==    by 0x560F7BE: (below main) (libc-start.c:247)
==4309== 
==4309== 8 bytes in 1 blocks are definitely lost in loss record 22 of 78
==4309==    at 0x4C2E17F: operator new(unsigned long) (in /usr/lib/valgrind/vgpreload_memcheck-amd64-linux.so)
==4309==    by 0x409BB7: __static_initialization_and_destruction_0(int, int) (operators_tests.cpp:28)
==4309==    by 0x40A0E4: _GLOBAL__sub_I__ZN24ListCopy_OneElement_Test10test_info_E (operators_tests.cpp:241)
==4309==    by 0x43962C: __libc_csu_init (in /home/cs104/cs104hw/hw-jesalisb/hw3/hw3_check/operators_tests/operators_tests)
==4309==    by 0x560F7BE: (below main) (libc-start.c:247)
==4309== 
==4309== 16 bytes in 1 blocks are possibly lost in loss record 25 of 78
==4309==    at 0x4C2E17F: operator new(unsigned long) (in /usr/lib/valgrind/vgpreload_memcheck-amd64-linux.so)
==4309==    by 0x43698C: std::vector<int, std::allocator<int> >::_M_insert_aux(__gnu_cxx::__normal_iterator<int*, std::vector<int, std::allocator<int> > >, int const&) (in /home/cs104/cs104hw/hw-jesalisb/hw3/hw3_check/operators_tests/operators_tests)
==4309==    by 0x42E95D: testing::TestCase::AddTestInfo(testing::TestInfo*) (in /home/cs104/cs104hw/hw-jesalisb/hw3/hw3_check/operators_tests/operators_tests)
==4309==    by 0x42EAB4: testing::internal::MakeAndRegisterTestInfo(char const*, char const*, char const*, char const*, void const*, void (*)(), void (*)(), testing::internal::TestFactoryBase*) (in /home/cs104/cs104hw/hw-jesalisb/hw3/hw3_check/operators_tests/operators_tests)
==4309==    by 0x409EA4: __static_initialization_and_destruction_0(int, int) (operators_tests.cpp:145)
==4309==    by 0x40A0E4: _GLOBAL__sub_I__ZN24ListCopy_OneElement_Test10test_info_E (operators_tests.cpp:241)
==4309==    by 0x43962C: __libc_csu_init (in /home/cs104/cs104hw/hw-jesalisb/hw3/hw3_check/operators_tests/operators_tests)
==4309==    by 0x560F7BE: (below main) (libc-start.c:247)
==4309== 
==4309== 16 bytes in 1 blocks are possibly lost in loss record 26 of 78
==4309==    at 0x4C2E17F: operator new(unsigned long) (in /usr/lib/valgrind/vgpreload_memcheck-amd64-linux.so)
==4309==    by 0x42E8DF: testing::TestCase::AddTestInfo(testing::TestInfo*) (in /home/cs104/cs104hw/hw-jesalisb/hw3/hw3_check/operators_tests/operators_tests)
==4309==    by 0x42EAB4: testing::internal::MakeAndRegisterTestInfo(char const*, char const*, char const*, char const*, void const*, void (*)(), void (*)(), testing::internal::TestFactoryBase*) (in /home/cs104/cs104hw/hw-jesalisb/hw3/hw3_check/operators_tests/operators_tests)
==4309==    by 0x40A0BF: __static_initialization_and_destruction_0(int, int) (operators_tests.cpp:233)
==4309==    by 0x40A0E4: _GLOBAL__sub_I__ZN24ListCopy_OneElement_Test10test_info_E (operators_tests.cpp:241)
==4309==    by 0x43962C: __libc_csu_init (in /home/cs104/cs104hw/hw-jesalisb/hw3/hw3_check/operators_tests/operators_tests)
==4309==    by 0x560F7BE: (below main) (libc-start.c:247)
==4309== 
==4309== 16 (8 direct, 8 indirect) bytes in 1 blocks are definitely lost in loss record 27 of 78
==4309==    at 0x4C2E17F: operator new(unsigned long) (in /usr/lib/valgrind/vgpreload_memcheck-amd64-linux.so)
==4309==    by 0x436B33: std::vector<testing::TestEventListener*, std::allocator<testing::TestEventListener*> >::_M_insert_aux(__gnu_cxx::__normal_iterator<testing::TestEventListener**, std::vector<testing::TestEventListener*, std::allocator<testing::TestEventListener*> > >, testing::TestEventListener* const&) (in /home/cs104/cs104hw/hw-jesalisb/hw3/hw3_check/operators_tests/operators_tests)
==4309==    by 0x426586: testing::TestEventListeners::SetDefaultResultPrinter(testing::TestEventListener*) (in /home/cs104/cs104hw/hw-jesalisb/hw3/hw3_check/operators_tests/operators_tests)
==4309==    by 0x42684C: testing::internal::UnitTestImpl::UnitTestImpl(testing::UnitTest*) (in /home/cs104/cs104hw/hw-jesalisb/hw3/hw3_check/operators_tests/operators_tests)
==4309==    by 0x426B0E: testing::UnitTest::GetInstance() (in /home/cs104/cs104hw/hw-jesalisb/hw3/hw3_check/operators_tests/operators_tests)
==4309==    by 0x42EA79: testing::internal::MakeAndRegisterTestInfo(char const*, char const*, char const*, char const*, void const*, void (*)(), void (*)(), testing::internal::TestFactoryBase*) (in /home/cs104/cs104hw/hw-jesalisb/hw3/hw3_check/operators_tests/operators_tests)
==4309==    by 0x409B55: __static_initialization_and_destruction_0(int, int) (operators_tests.cpp:9)
==4309==    by 0x40A0E4: _GLOBAL__sub_I__ZN24ListCopy_OneElement_Test10test_info_E (operators_tests.cpp:241)
==4309==    by 0x43962C: __libc_csu_init (in /home/cs104/cs104hw/hw-jesalisb/hw3/hw3_check/operators_tests/operators_tests)
==4309==    by 0x560F7BE: (below main) (libc-start.c:247)
==4309== 
==4309== 32 bytes in 1 blocks are possibly lost in loss record 38 of 78
==4309==    at 0x4C2E17F: operator new(unsigned long) (in /usr/lib/valgrind/vgpreload_memcheck-amd64-linux.so)
[...]
==4372==    by 0x40A0E4: _GLOBAL__sub_I__ZN24ListCopy_OneElement_Test10test_info_E (operators_tests.cpp:241)
==4372==    by 0x43962C: __libc_csu_init (in /home/cs104/cs104hw/hw-jesalisb/hw3/hw3_check/operators_tests/operators_tests)
==4372==    by 0x560F7BE: (below main) (libc-start.c:247)
==4372== 
==4372== 248 bytes in 1 blocks are possibly lost in loss record 71 of 75
==4372==    at 0x4C2E17F: operator new(unsigned long) (in /usr/lib/valgrind/vgpreload_memcheck-amd64-linux.so)
==4372==    by 0x42E489: testing::internal::UnitTestImpl::GetTestCase(char const*, char const*, void (*)(), void (*)()) (in /home/cs104/cs104hw/hw-jesalisb/hw3/hw3_check/operators_tests/operators_tests)
==4372==    by 0x42EAA9: testing::internal::MakeAndRegisterTestInfo(char const*, char const*, char const*, char const*, void const*, void (*)(), void (*)(), testing::internal::TestFactoryBase*) (in /home/cs104/cs104hw/hw-jesalisb/hw3/hw3_check/operators_tests/operators_tests)
==4372==    by 0x409C89: __static_initialization_and_destruction_0(int, int) (operators_tests.cpp:56)
==4372==    by 0x40A0E4: _GLOBAL__sub_I__ZN24ListCopy_OneElement_Test10test_info_E (operators_tests.cpp:241)
==4372==    by 0x43962C: __libc_csu_init (in /home/cs104/cs104hw/hw-jesalisb/hw3/hw3_check/operators_tests/operators_tests)
==4372==    by 0x560F7BE: (below main) (libc-start.c:247)
==4372== 
==4372== 248 bytes in 1 blocks are possibly lost in loss record 72 of 75
==4372==    at 0x4C2E17F: operator new(unsigned long) (in /usr/lib/valgrind/vgpreload_memcheck-amd64-linux.so)
==4372==    by 0x42E489: testing::internal::UnitTestImpl::GetTestCase(char const*, char const*, void (*)(), void (*)()) (in /home/cs104/cs104hw/hw-jesalisb/hw3/hw3_check/operators_tests/operators_tests)
==4372==    by 0x42EAA9: testing::internal::MakeAndRegisterTestInfo(char const*, char const*, char const*, char const*, void const*, void (*)(), void (*)(), testing::internal::TestFactoryBase*) (in /home/cs104/cs104hw/hw-jesalisb/hw3/hw3_check/operators_tests/operators_tests)
==4372==    by 0x409EF1: __static_initialization_and_destruction_0(int, int) (operators_tests.cpp:158)
==4372==    by 0x40A0E4: _GLOBAL__sub_I__ZN24ListCopy_OneElement_Test10test_info_E (operators_tests.cpp:241)
==4372==    by 0x43962C: __libc_csu_init (in /home/cs104/cs104hw/hw-jesalisb/hw3/hw3_check/operators_tests/operators_tests)
==4372==    by 0x560F7BE: (below main) (libc-start.c:247)
==4372== 
==4372== 248 bytes in 1 blocks are possibly lost in loss record 73 of 75
==4372==    at 0x4C2E17F: operator new(unsigned long) (in /usr/lib/valgrind/vgpreload_memcheck-amd64-linux.so)
==4372==    by 0x42E489: testing::internal::UnitTestImpl::GetTestCase(char const*, char const*, void (*)(), void (*)()) (in /home/cs104/cs104hw/hw-jesalisb/hw3/hw3_check/operators_tests/operators_tests)
==4372==    by 0x42EAA9: testing::internal::MakeAndRegisterTestInfo(char const*, char const*, char const*, char const*, void const*, void (*)(), void (*)(), testing::internal::TestFactoryBase*) (in /home/cs104/cs104hw/hw-jesalisb/hw3/hw3_check/operators_tests/operators_tests)
==4372==    by 0x40A072: __static_initialization_and_destruction_0(int, int) (operators_tests.cpp:225)
==4372==    by 0x40A0E4: _GLOBAL__sub_I__ZN24ListCopy_OneElement_Test10test_info_E (operators_tests.cpp:241)
==4372==    by 0x43962C: __libc_csu_init (in /home/cs104/cs104hw/hw-jesalisb/hw3/hw3_check/operators_tests/operators_tests)
==4372==    by 0x560F7BE: (below main) (libc-start.c:247)
==4372== 
==4372== LEAK SUMMARY:
==4372==    definitely lost: 190 bytes in 6 blocks
==4372==    indirectly lost: 8 bytes in 1 blocks
==4372==      possibly lost: 1,320 bytes in 13 blocks
==4372==    still reachable: 5,514 bytes in 54 blocks
==4372==         suppressed: 72,704 bytes in 1 blocks
==4372== Reachable blocks (those to which a pointer was found) are not shown.
==4372== To see them, rerun with: --leak-check=full --show-leak-kinds=all
==4372== 
==4372== For counts of detected and suppressed errors, rerun with: -v
==4372== Use --track-origins=yes to see where uninitialised values come from
==4372== ERROR SUMMARY: 69 errors from 31 contexts (suppressed: 0 from 0)
<end of output>
Test time =   6.00 sec
----------------------------------------------------------
Test Failed.
"ListPlus.TwoPlusEmpty" end time: Feb 12 19:20 PST
"ListPlus.TwoPlusEmpty" time elapsed: 00:00:05
----------------------------------------------------------

13/19 Testing: ListMinusEquals.OneElement
13/19 Test: ListMinusEquals.OneElement
Command: "/usr/bin/valgrind" "--tool=memcheck" "--leak-check=yes" "--trace-children=no" "/home/cs104/cs104hw/hw-jesalisb/hw3/hw3_check/operators_tests/operators_tests" "--gtest_filter=ListMinusEquals.OneElement"
Directory: /home/cs104/cs104hw/hw-jesalisb/hw3/hw3_check/operators_tests
"ListMinusEquals.OneElement" start time: Feb 12 19:20 PST
Output:
----------------------------------------------------------
==4379== Memcheck, a memory error detector
==4379== Copyright (C) 2002-2017, and GNU GPL'd, by Julian Seward et al.
==4379== Using Valgrind-3.13.0 and LibVEX; rerun with -h for copyright info
==4379== Command: /home/cs104/cs104hw/hw-jesalisb/hw3/hw3_check/operators_tests/operators_tests --gtest_filter=ListMinusEquals.OneElement
==4379== 
Running main() from gtest_main.cc
Note: Google Test filter = ListMinusEquals.OneElement
[==========] Running 1 test from 1 test case.
[----------] Global test environment set-up.
[----------] 1 test from ListMinusEquals
[ RUN      ] ListMinusEquals.OneElement
[       OK ] ListMinusEquals.OneElement (99 ms)
[----------] 1 test from ListMinusEquals (160 ms total)

[----------] Global test environment tear-down
[==========] 1 test from 1 test case ran. (517 ms total)
[  PASSED  ] 1 test.
==4379== 
==4379== HEAP SUMMARY:
==4379==     in use at exit: 72,704 bytes in 1 blocks
==4379==   total heap usage: 323 allocs, 322 frees, 129,258 bytes allocated
==4379== 
==4379== LEAK SUMMARY:
==4379==    definitely lost: 0 bytes in 0 blocks
==4379==    indirectly lost: 0 bytes in 0 blocks
==4379==      possibly lost: 0 bytes in 0 blocks
==4379==    still reachable: 0 bytes in 0 blocks
==4379==         suppressed: 72,704 bytes in 1 blocks
==4379== 
==4379== For counts of detected and suppressed errors, rerun with: -v
==4379== ERROR SUMMARY: 0 errors from 0 contexts (suppressed: 0 from 0)
<end of output>
Test time =   5.55 sec
----------------------------------------------------------
Test Passed.
"ListMinusEquals.OneElement" end time: Feb 12 19:21 PST
"ListMinusEquals.OneElement" time elapsed: 00:00:05
----------------------------------------------------------

14/19 Testing: ListMinusEquals.ThreeElements
14/19 Test: ListMinusEquals.ThreeElements
Command: "/usr/bin/valgrind" "--tool=memcheck" "--leak-check=yes" "--trace-children=no" "/home/cs104/cs104hw/hw-jesalisb/hw3/hw3_check/operators_tests/operators_tests" "--gtest_filter=ListMinusEquals.ThreeElements"
Directory: /home/cs104/cs104hw/hw-jesalisb/hw3/hw3_check/operators_tests
"ListMinusEquals.ThreeElements" start time: Feb 12 19:21 PST
Output:
----------------------------------------------------------
==4380== Memcheck, a memory error detector
==4380== Copyright (C) 2002-2017, and GNU GPL'd, by Julian Seward et al.
==4380== Using Valgrind-3.13.0 and LibVEX; rerun with -h for copyright info
==4380== Command: /home/cs104/cs104hw/hw-jesalisb/hw3/hw3_check/operators_tests/operators_tests --gtest_filter=ListMinusEquals.ThreeElements
==4380== 
Running main() from gtest_main.cc
Note: Google Test filter = ListMinusEquals.ThreeElements
[==========] Running 1 test from 1 test case.
[----------] Global test environment set-up.
[----------] 1 test from ListMinusEquals
[ RUN      ] ListMinusEquals.ThreeElements
[       OK ] ListMinusEquals.ThreeElements (37 ms)
[----------] 1 test from ListMinusEquals (56 ms total)

[----------] Global test environment tear-down
[==========] 1 test from 1 test case ran. (175 ms total)
[  PASSED  ] 1 test.
==4380== 
==4380== HEAP SUMMARY:
==4380==     in use at exit: 72,704 bytes in 1 blocks
==4380==   total heap usage: 323 allocs, 322 frees, 129,279 bytes allocated
==4380== 
==4380== LEAK SUMMARY:
==4380==    definitely lost: 0 bytes in 0 blocks
==4380==    indirectly lost: 0 bytes in 0 blocks
==4380==      possibly lost: 0 bytes in 0 blocks
==4380==    still reachable: 0 bytes in 0 blocks
==4380==         suppressed: 72,704 bytes in 1 blocks
==4380== 
==4380== For counts of detected and suppressed errors, rerun with: -v
==4380== ERROR SUMMARY: 0 errors from 0 contexts (suppressed: 0 from 0)
<end of output>
Test time =   3.56 sec
----------------------------------------------------------
Test Passed.
"ListMinusEquals.ThreeElements" end time: Feb 12 19:21 PST
"ListMinusEquals.ThreeElements" time elapsed: 00:00:03
----------------------------------------------------------

15/19 Testing: ListMinusEquals.RemoveNoElements
15/19 Test: ListMinusEquals.RemoveNoElements
Command: "/usr/bin/valgrind" "--tool=memcheck" "--leak-check=yes" "--trace-children=no" "/home/cs104/cs104hw/hw-jesalisb/hw3/hw3_check/operators_tests/operators_tests" "--gtest_filter=ListMinusEquals.RemoveNoElements"
Directory: /home/cs104/cs104hw/hw-jesalisb/hw3/hw3_check/operators_tests
"ListMinusEquals.RemoveNoElements" start time: Feb 12 19:21 PST
Output:
----------------------------------------------------------
==4381== Memcheck, a memory error detector
==4381== Copyright (C) 2002-2017, and GNU GPL'd, by Julian Seward et al.
==4381== Using Valgrind-3.13.0 and LibVEX; rerun with -h for copyright info
==4381== Command: /home/cs104/cs104hw/hw-jesalisb/hw3/hw3_check/operators_tests/operators_tests --gtest_filter=ListMinusEquals.RemoveNoElements
==4381== 
Running main() from gtest_main.cc
Note: Google Test filter = ListMinusEquals.RemoveNoElements
[==========] Running 1 test from 1 test case.
[----------] Global test environment set-up.
[----------] 1 test from ListMinusEquals
[ RUN      ] ListMinusEquals.RemoveNoElements
[       OK ] ListMinusEquals.RemoveNoElements (85 ms)
[----------] 1 test from ListMinusEquals (139 ms total)

[----------] Global test environment tear-down
[==========] 1 test from 1 test case ran. (297 ms total)
[  PASSED  ] 1 test.
==4381== 
==4381== HEAP SUMMARY:
==4381==     in use at exit: 72,704 bytes in 1 blocks
==4381==   total heap usage: 323 allocs, 322 frees, 129,342 bytes allocated
==4381== 
==4381== LEAK SUMMARY:
==4381==    definitely lost: 0 bytes in 0 blocks
==4381==    indirectly lost: 0 bytes in 0 blocks
==4381==      possibly lost: 0 bytes in 0 blocks
==4381==    still reachable: 0 bytes in 0 blocks
==4381==         suppressed: 72,704 bytes in 1 blocks
==4381== 
==4381== For counts of detected and suppressed errors, rerun with: -v
==4381== ERROR SUMMARY: 0 errors from 0 contexts (suppressed: 0 from 0)
<end of output>
Test time =   4.53 sec
----------------------------------------------------------
Test Passed.
"ListMinusEquals.RemoveNoElements" end time: Feb 12 19:21 PST
"ListMinusEquals.RemoveNoElements" time elapsed: 00:00:04
----------------------------------------------------------

16/19 Testing: ListMinusEquals.RemoveAllElements
16/19 Test: ListMinusEquals.RemoveAllElements
Command: "/usr/bin/valgrind" "--tool=memcheck" "--leak-check=yes" "--trace-children=no" "/home/cs104/cs104hw/hw-jesalisb/hw3/hw3_check/operators_tests/operators_tests" "--gtest_filter=ListMinusEquals.RemoveAllElements"
Directory: /home/cs104/cs104hw/hw-jesalisb/hw3/hw3_check/operators_tests
"ListMinusEquals.RemoveAllElements" start time: Feb 12 19:21 PST
Output:
----------------------------------------------------------
==4382== Memcheck, a memory error detector
==4382== Copyright (C) 2002-2017, and GNU GPL'd, by Julian Seward et al.
==4382== Using Valgrind-3.13.0 and LibVEX; rerun with -h for copyright info
==4382== Command: /home/cs104/cs104hw/hw-jesalisb/hw3/hw3_check/operators_tests/operators_tests --gtest_filter=ListMinusEquals.RemoveAllElements
==4382== 
Running main() from gtest_main.cc
Note: Google Test filter = ListMinusEquals.RemoveAllElements
[==========] Running 1 test from 1 test case.
[----------] Global test environment set-up.
[----------] 1 test from ListMinusEquals
[ RUN      ] ListMinusEquals.RemoveAllElements
[       OK ] ListMinusEquals.RemoveAllElements (65 ms)
[----------] 1 test from ListMinusEquals (89 ms total)

[----------] Global test environment tear-down
[==========] 1 test from 1 test case ran. (540 ms total)
[  PASSED  ] 1 test.
==4382== 
==4382== HEAP SUMMARY:
==4382==     in use at exit: 72,704 bytes in 1 blocks
==4382==   total heap usage: 323 allocs, 322 frees, 129,370 bytes allocated
==4382== 
==4382== LEAK SUMMARY:
==4382==    definitely lost: 0 bytes in 0 blocks
==4382==    indirectly lost: 0 bytes in 0 blocks
==4382==      possibly lost: 0 bytes in 0 blocks
==4382==    still reachable: 0 bytes in 0 blocks
==4382==         suppressed: 72,704 bytes in 1 blocks
==4382== 
==4382== For counts of detected and suppressed errors, rerun with: -v
==4382== ERROR SUMMARY: 0 errors from 0 contexts (suppressed: 0 from 0)
<end of output>
Test time =   4.02 sec
----------------------------------------------------------
Test Passed.
"ListMinusEquals.RemoveAllElements" end time: Feb 12 19:21 PST
"ListMinusEquals.RemoveAllElements" time elapsed: 00:00:04
----------------------------------------------------------

17/19 Testing: ListMinusEquals.15Elements
17/19 Test: ListMinusEquals.15Elements
Command: "/usr/bin/valgrind" "--tool=memcheck" "--leak-check=yes" "--trace-children=no" "/home/cs104/cs104hw/hw-jesalisb/hw3/hw3_check/operators_tests/operators_tests" "--gtest_filter=ListMinusEquals.15Elements"
Directory: /home/cs104/cs104hw/hw-jesalisb/hw3/hw3_check/operators_tests
"ListMinusEquals.15Elements" start time: Feb 12 19:21 PST
Output:
----------------------------------------------------------
==4383== Memcheck, a memory error detector
==4383== Copyright (C) 2002-2017, and GNU GPL'd, by Julian Seward et al.
==4383== Using Valgrind-3.13.0 and LibVEX; rerun with -h for copyright info
==4383== Command: /home/cs104/cs104hw/hw-jesalisb/hw3/hw3_check/operators_tests/operators_tests --gtest_filter=ListMinusEquals.15Elements
==4383== 
Running main() from gtest_main.cc
Note: Google Test filter = ListMinusEquals.15Elements
[==========] Running 1 test from 1 test case.
[----------] Global test environment set-up.
[----------] 1 test from ListMinusEquals
[ RUN      ] ListMinusEquals.15Elements
[       OK ] ListMinusEquals.15Elements (631 ms)
[----------] 1 test from ListMinusEquals (722 ms total)

[----------] Global test environment tear-down
[==========] 1 test from 1 test case ran. (960 ms total)
[  PASSED  ] 1 test.
==4383== 
==4383== HEAP SUMMARY:
==4383==     in use at exit: 72,704 bytes in 1 blocks
==4383==   total heap usage: 342 allocs, 341 frees, 131,587 bytes allocated
==4383== 
==4383== LEAK SUMMARY:
==4383==    definitely lost: 0 bytes in 0 blocks
==4383==    indirectly lost: 0 bytes in 0 blocks
==4383==      possibly lost: 0 bytes in 0 blocks
==4383==    still reachable: 0 bytes in 0 blocks
==4383==         suppressed: 72,704 bytes in 1 blocks
==4383== 
==4383== For counts of detected and suppressed errors, rerun with: -v
==4383== ERROR SUMMARY: 0 errors from 0 contexts (suppressed: 0 from 0)
<end of output>
Test time =   5.33 sec
----------------------------------------------------------
Test Passed.
"ListMinusEquals.15Elements" end time: Feb 12 19:21 PST
"ListMinusEquals.15Elements" time elapsed: 00:00:05
----------------------------------------------------------

18/19 Testing: ListBracket.OneElement
18/19 Test: ListBracket.OneElement
Command: "/usr/bin/valgrind" "--tool=memcheck" "--leak-check=yes" "--trace-children=no" "/home/cs104/cs104hw/hw-jesalisb/hw3/hw3_check/operators_tests/operators_tests" "--gtest_filter=ListBracket.OneElement"
Directory: /home/cs104/cs104hw/hw-jesalisb/hw3/hw3_check/operators_tests
"ListBracket.OneElement" start time: Feb 12 19:21 PST
Output:
----------------------------------------------------------
==4384== Memcheck, a memory error detector
==4384== Copyright (C) 2002-2017, and GNU GPL'd, by Julian Seward et al.
==4384== Using Valgrind-3.13.0 and LibVEX; rerun with -h for copyright info
==4384== Command: /home/cs104/cs104hw/hw-jesalisb/hw3/hw3_check/operators_tests/operators_tests --gtest_filter=ListBracket.OneElement
==4384== 
Running main() from gtest_main.cc
Note: Google Test filter = ListBracket.OneElement
[==========] Running 1 test from 1 test case.
[----------] Global test environment set-up.
[----------] 1 test from ListBracket
[ RUN      ] ListBracket.OneElement
[       OK ] ListBracket.OneElement (134 ms)
[----------] 1 test from ListBracket (204 ms total)

[----------] Global test environment tear-down
[==========] 1 test from 1 test case ran. (505 ms total)
[  PASSED  ] 1 test.
==4384== 
==4384== HEAP SUMMARY:
==4384==     in use at exit: 72,704 bytes in 1 blocks
==4384==   total heap usage: 323 allocs, 322 frees, 129,230 bytes allocated
==4384== 
==4384== LEAK SUMMARY:
==4384==    definitely lost: 0 bytes in 0 blocks
==4384==    indirectly lost: 0 bytes in 0 blocks
==4384==      possibly lost: 0 bytes in 0 blocks
==4384==    still reachable: 0 bytes in 0 blocks
==4384==         suppressed: 72,704 bytes in 1 blocks
==4384== 
==4384== For counts of detected and suppressed errors, rerun with: -v
==4384== ERROR SUMMARY: 0 errors from 0 contexts (suppressed: 0 from 0)
<end of output>
Test time =   5.99 sec
----------------------------------------------------------
Test Passed.
"ListBracket.OneElement" end time: Feb 12 19:21 PST
"ListBracket.OneElement" time elapsed: 00:00:05
----------------------------------------------------------

19/19 Testing: ListBracket.ElementAssignment
19/19 Test: ListBracket.ElementAssignment
Command: "/usr/bin/valgrind" "--tool=memcheck" "--leak-check=yes" "--trace-children=no" "/home/cs104/cs104hw/hw-jesalisb/hw3/hw3_check/operators_tests/operators_tests" "--gtest_filter=ListBracket.ElementAssignment"
Directory: /home/cs104/cs104hw/hw-jesalisb/hw3/hw3_check/operators_tests
"ListBracket.ElementAssignment" start time: Feb 12 19:21 PST
Output:
----------------------------------------------------------
==4385== Memcheck, a memory error detector
==4385== Copyright (C) 2002-2017, and GNU GPL'd, by Julian Seward et al.
==4385== Using Valgrind-3.13.0 and LibVEX; rerun with -h for copyright info
==4385== Command: /home/cs104/cs104hw/hw-jesalisb/hw3/hw3_check/operators_tests/operators_tests --gtest_filter=ListBracket.ElementAssignment
==4385== 
Running main() from gtest_main.cc
Note: Google Test filter = ListBracket.ElementAssignment
[==========] Running 1 test from 1 test case.
[----------] Global test environment set-up.
[----------] 1 test from ListBracket
[ RUN      ] ListBracket.ElementAssignment
[       OK ] ListBracket.ElementAssignment (95 ms)
[----------] 1 test from ListBracket (174 ms total)

[----------] Global test environment tear-down
[==========] 1 test from 1 test case ran. (341 ms total)
[  PASSED  ] 1 test.
==4385== 
==4385== HEAP SUMMARY:
==4385==     in use at exit: 72,704 bytes in 1 blocks
==4385==   total heap usage: 323 allocs, 322 frees, 129,279 bytes allocated
==4385== 
==4385== LEAK SUMMARY:
==4385==    definitely lost: 0 bytes in 0 blocks
==4385==    indirectly lost: 0 bytes in 0 blocks
==4385==      possibly lost: 0 bytes in 0 blocks
==4385==    still reachable: 0 bytes in 0 blocks
==4385==         suppressed: 72,704 bytes in 1 blocks
==4385== 
==4385== For counts of detected and suppressed errors, rerun with: -v
==4385== ERROR SUMMARY: 0 errors from 0 contexts (suppressed: 0 from 0)
<end of output>
Test time =   4.54 sec
----------------------------------------------------------
Test Passed.
"ListBracket.ElementAssignment" end time: Feb 12 19:21 PST
"ListBracket.ElementAssignment" time elapsed: 00:00:04
----------------------------------------------------------

End testing: Feb 12 19:21 PST
